[0.063s] Invoking command in '/home/mechax/zyb/radar_station/build/Yolo_Handle': CMAKE_PREFIX_PATH=${CMAKE_PREFIX_PATH}:/opt/ros/humble /usr/bin/cmake /home/mechax/zyb/radar_station/src/Yolo_Handle -DAMENT_CMAKE_SYMLINK_INSTALL=1 -DCMAKE_INSTALL_PREFIX=/home/mechax/zyb/radar_station/install/Yolo_Handle
[0.070s] -- Found ament_cmake: 1.3.8 (/opt/ros/humble/share/ament_cmake/cmake)
[0.157s] -- Found Python3: /usr/bin/python3 (found version "3.10.12") found components: Interpreter 
[0.196s] -- Override CMake install command with custom implementation using symlinks instead of copying resources
[0.200s] -- Found ament_lint_auto: 0.12.10 (/opt/ros/humble/share/ament_lint_auto/cmake)
[0.233s] WARNING: Package name "Yolo_Handle" does not follow the naming conventions. It should start with a lower case letter and only contain lower case letters, digits, underscores, and dashes.
[0.244s] -- Added test 'cppcheck' to perform static code analysis on C / C++ code
[0.245s] -- Configured cppcheck include dirs: 
[0.245s] -- Configured cppcheck exclude dirs and/or files: 
[0.245s] -- Added test 'lint_cmake' to check CMake code style
[0.245s] -- Added test 'uncrustify' to check C / C++ code style
[0.245s] -- Configured uncrustify additional arguments: 
[0.245s] -- Added test 'xmllint' to check XML markup files
[0.246s] -- Configuring done
[0.248s] -- Generating done
[0.249s] -- Build files have been written to: /home/mechax/zyb/radar_station/build/Yolo_Handle
[0.252s] Invoked command in '/home/mechax/zyb/radar_station/build/Yolo_Handle' returned '0': CMAKE_PREFIX_PATH=${CMAKE_PREFIX_PATH}:/opt/ros/humble /usr/bin/cmake /home/mechax/zyb/radar_station/src/Yolo_Handle -DAMENT_CMAKE_SYMLINK_INSTALL=1 -DCMAKE_INSTALL_PREFIX=/home/mechax/zyb/radar_station/install/Yolo_Handle
[0.253s] Invoking command in '/home/mechax/zyb/radar_station/build/Yolo_Handle': CMAKE_PREFIX_PATH=${CMAKE_PREFIX_PATH}:/opt/ros/humble /usr/bin/cmake --build /home/mechax/zyb/radar_station/build/Yolo_Handle -- -j16 -l16
[0.273s] Invoked command in '/home/mechax/zyb/radar_station/build/Yolo_Handle' returned '0': CMAKE_PREFIX_PATH=${CMAKE_PREFIX_PATH}:/opt/ros/humble /usr/bin/cmake --build /home/mechax/zyb/radar_station/build/Yolo_Handle -- -j16 -l16
[0.291s] Invoking command in '/home/mechax/zyb/radar_station/build/Yolo_Handle': CMAKE_PREFIX_PATH=${CMAKE_PREFIX_PATH}:/opt/ros/humble /usr/bin/cmake --install /home/mechax/zyb/radar_station/build/Yolo_Handle
[0.296s] -- Install configuration: ""
[0.296s] -- Execute custom install script
[0.296s] -- Symlinking: /home/mechax/zyb/radar_station/install/Yolo_Handle/share/ament_index/resource_index/package_run_dependencies/Yolo_Handle
[0.302s] -- Symlinking: /home/mechax/zyb/radar_station/install/Yolo_Handle/share/ament_index/resource_index/parent_prefix_path/Yolo_Handle
[0.307s] -- Symlinking: /home/mechax/zyb/radar_station/install/Yolo_Handle/share/Yolo_Handle/environment/ament_prefix_path.sh
[0.312s] -- Symlinking: /home/mechax/zyb/radar_station/install/Yolo_Handle/share/Yolo_Handle/environment/ament_prefix_path.dsv
[0.317s] -- Symlinking: /home/mechax/zyb/radar_station/install/Yolo_Handle/share/Yolo_Handle/environment/path.sh
[0.322s] -- Symlinking: /home/mechax/zyb/radar_station/install/Yolo_Handle/share/Yolo_Handle/environment/path.dsv
[0.327s] -- Symlinking: /home/mechax/zyb/radar_station/install/Yolo_Handle/share/Yolo_Handle/local_setup.bash
[0.333s] -- Symlinking: /home/mechax/zyb/radar_station/install/Yolo_Handle/share/Yolo_Handle/local_setup.sh
[0.338s] -- Symlinking: /home/mechax/zyb/radar_station/install/Yolo_Handle/share/Yolo_Handle/local_setup.zsh
[0.343s] -- Symlinking: /home/mechax/zyb/radar_station/install/Yolo_Handle/share/Yolo_Handle/local_setup.dsv
[0.349s] -- Symlinking: /home/mechax/zyb/radar_station/install/Yolo_Handle/share/Yolo_Handle/package.dsv
[0.354s] -- Symlinking: /home/mechax/zyb/radar_station/install/Yolo_Handle/share/ament_index/resource_index/packages/Yolo_Handle
[0.360s] -- Symlinking: /home/mechax/zyb/radar_station/install/Yolo_Handle/share/Yolo_Handle/cmake/Yolo_HandleConfig.cmake
[0.365s] -- Symlinking: /home/mechax/zyb/radar_station/install/Yolo_Handle/share/Yolo_Handle/cmake/Yolo_HandleConfig-version.cmake
[0.371s] -- Symlinking: /home/mechax/zyb/radar_station/install/Yolo_Handle/share/Yolo_Handle/package.xml
[0.377s] Invoked command in '/home/mechax/zyb/radar_station/build/Yolo_Handle' returned '0': CMAKE_PREFIX_PATH=${CMAKE_PREFIX_PATH}:/opt/ros/humble /usr/bin/cmake --install /home/mechax/zyb/radar_station/build/Yolo_Handle
