[0.048s] Invoking command in '/home/mechax/zyb/radar_station/build/mindvision_camera': CMAKE_PREFIX_PATH=${CMAKE_PREFIX_PATH}:/opt/ros/humble /usr/bin/cmake --build /home/mechax/zyb/radar_station/build/mindvision_camera -- -j16 -l16
[0.066s] -- Found ament_cmake_auto: 1.3.6 (/opt/ros/humble/share/ament_cmake_auto/cmake)
[0.217s] -- Found rosidl_generator_c: 3.1.5 (/opt/ros/humble/share/rosidl_generator_c/cmake)
[0.219s] -- Found rosidl_adapter: 3.1.5 (/opt/ros/humble/share/rosidl_adapter/cmake)
[0.222s] -- Found rosidl_generator_cpp: 3.1.5 (/opt/ros/humble/share/rosidl_generator_cpp/cmake)
[0.229s] -- Using all available rosidl_typesupport_c: rosidl_typesupport_fastrtps_c;rosidl_typesupport_introspection_c
[0.239s] -- Using all available rosidl_typesupport_cpp: rosidl_typesupport_fastrtps_cpp;rosidl_typesupport_introspection_cpp
[0.273s] -- Found rmw_implementation_cmake: 6.1.1 (/opt/ros/humble/share/rmw_implementation_cmake/cmake)
[0.274s] -- Found rmw_fastrtps_cpp: 6.2.5 (/opt/ros/humble/share/rmw_fastrtps_cpp/cmake)
[0.347s] -- Using RMW implementation 'rmw_fastrtps_cpp' as default
[0.595s] -- Found ament_lint_auto: 0.12.9 (/opt/ros/humble/share/ament_lint_auto/cmake)
[0.602s] -- Added test 'cppcheck' to perform static code analysis on C / C++ code
[0.602s] -- Configured cppcheck include dirs: /home/mechax/zyb/radar_station/src/ros2-mindvision-camera/mvsdk/include
[0.602s] -- Configured cppcheck exclude dirs and/or files: 
[0.602s] -- Added test 'flake8' to check Python code syntax and style conventions
[0.602s] -- Added test 'lint_cmake' to check CMake code style
[0.602s] -- Added test 'pep257' to check Python code against some of the docstring style conventions in PEP 257
[0.602s] -- Added test 'xmllint' to check XML markup files
[0.603s] -- Configuring done
[0.611s] -- Generating done
[0.612s] -- Build files have been written to: /home/mechax/zyb/radar_station/build/mindvision_camera
[0.628s] [35m[1mConsolidate compiler generated dependencies of target mindvision_camera_node[0m
[0.628s] [35m[1mConsolidate compiler generated dependencies of target mindvision_camera[0m
[0.639s] [ 75%] [32mBuilding CXX object CMakeFiles/mindvision_camera_node.dir/rclcpp_components/node_main_mindvision_camera_node.cpp.o[0m
[0.639s] [ 75%] Built target mindvision_camera
[3.242s] [100%] [32m[1mLinking CXX executable mindvision_camera_node[0m
[3.473s] [100%] Built target mindvision_camera_node
[3.484s] Invoked command in '/home/mechax/zyb/radar_station/build/mindvision_camera' returned '0': CMAKE_PREFIX_PATH=${CMAKE_PREFIX_PATH}:/opt/ros/humble /usr/bin/cmake --build /home/mechax/zyb/radar_station/build/mindvision_camera -- -j16 -l16
[3.527s] Invoking command in '/home/mechax/zyb/radar_station/build/mindvision_camera': CMAKE_PREFIX_PATH=${CMAKE_PREFIX_PATH}:/opt/ros/humble /usr/bin/cmake --install /home/mechax/zyb/radar_station/build/mindvision_camera
[3.535s] -- Install configuration: ""
[3.535s] -- Installing: /home/mechax/zyb/radar_station/install/mindvision_camera/lib/mindvision_camera/mindvision_camera_node
[3.536s] -- Set runtime path of "/home/mechax/zyb/radar_station/install/mindvision_camera/lib/mindvision_camera/mindvision_camera_node" to ""
[3.536s] -- Installing: /home/mechax/zyb/radar_station/install/mindvision_camera/share/mindvision_camera/environment/library_path.sh
[3.537s] -- Installing: /home/mechax/zyb/radar_station/install/mindvision_camera/share/mindvision_camera/environment/library_path.dsv
[3.537s] -- Up-to-date: /home/mechax/zyb/radar_station/install/mindvision_camera/lib/libmindvision_camera.so
[3.537s] -- Up-to-date: /home/mechax/zyb/radar_station/install/mindvision_camera/share/mindvision_camera/config
[3.537s] -- Installing: /home/mechax/zyb/radar_station/install/mindvision_camera/share/mindvision_camera/config/camera_params.yaml
[3.537s] -- Installing: /home/mechax/zyb/radar_station/install/mindvision_camera/share/mindvision_camera/config/camera_info.yaml
[3.537s] -- Up-to-date: /home/mechax/zyb/radar_station/install/mindvision_camera/share/mindvision_camera/launch
[3.538s] -- Installing: /home/mechax/zyb/radar_station/install/mindvision_camera/share/mindvision_camera/launch/mv_launch.py
[3.538s] -- Up-to-date: /home/mechax/zyb/radar_station/install/mindvision_camera/share/ament_index/resource_index/package_run_dependencies/mindvision_camera
[3.538s] -- Installing: /home/mechax/zyb/radar_station/install/mindvision_camera/share/ament_index/resource_index/parent_prefix_path/mindvision_camera
[3.538s] -- Installing: /home/mechax/zyb/radar_station/install/mindvision_camera/share/mindvision_camera/environment/ament_prefix_path.sh
[3.538s] -- Installing: /home/mechax/zyb/radar_station/install/mindvision_camera/share/mindvision_camera/environment/ament_prefix_path.dsv
[3.538s] -- Installing: /home/mechax/zyb/radar_station/install/mindvision_camera/share/mindvision_camera/environment/path.sh
[3.538s] -- Installing: /home/mechax/zyb/radar_station/install/mindvision_camera/share/mindvision_camera/environment/path.dsv
[3.538s] -- Up-to-date: /home/mechax/zyb/radar_station/install/mindvision_camera/share/mindvision_camera/local_setup.bash
[3.538s] -- Up-to-date: /home/mechax/zyb/radar_station/install/mindvision_camera/share/mindvision_camera/local_setup.sh
[3.538s] -- Up-to-date: /home/mechax/zyb/radar_station/install/mindvision_camera/share/mindvision_camera/local_setup.zsh
[3.538s] -- Installing: /home/mechax/zyb/radar_station/install/mindvision_camera/share/mindvision_camera/local_setup.dsv
[3.539s] -- Installing: /home/mechax/zyb/radar_station/install/mindvision_camera/share/mindvision_camera/package.dsv
[3.539s] -- Up-to-date: /home/mechax/zyb/radar_station/install/mindvision_camera/share/ament_index/resource_index/packages/mindvision_camera
[3.539s] -- Up-to-date: /home/mechax/zyb/radar_station/install/mindvision_camera/share/ament_index/resource_index/rclcpp_components/mindvision_camera
[3.539s] -- Up-to-date: /home/mechax/zyb/radar_station/install/mindvision_camera/share/mindvision_camera/cmake/ament_cmake_export_dependencies-extras.cmake
[3.539s] -- Up-to-date: /home/mechax/zyb/radar_station/install/mindvision_camera/share/mindvision_camera/cmake/ament_cmake_export_libraries-extras.cmake
[3.539s] -- Up-to-date: /home/mechax/zyb/radar_station/install/mindvision_camera/share/mindvision_camera/cmake/mindvision_cameraConfig.cmake
[3.539s] -- Up-to-date: /home/mechax/zyb/radar_station/install/mindvision_camera/share/mindvision_camera/cmake/mindvision_cameraConfig-version.cmake
[3.539s] -- Installing: /home/mechax/zyb/radar_station/install/mindvision_camera/share/mindvision_camera/package.xml
[3.541s] Invoked command in '/home/mechax/zyb/radar_station/build/mindvision_camera' returned '0': CMAKE_PREFIX_PATH=${CMAKE_PREFIX_PATH}:/opt/ros/humble /usr/bin/cmake --install /home/mechax/zyb/radar_station/build/mindvision_camera
