[0.055s] Invoking command in '/home/qianli/zyb/radar_station/build/my_msgss': CMAKE_PREFIX_PATH=/opt/ros/humble /usr/bin/cmake /home/qianli/zyb/radar_station/src/my_msgss -DCMAKE_INSTALL_PREFIX=/home/qianli/zyb/radar_station/install/my_msgss
[0.087s] -- The C compiler identification is GNU 11.4.0
[0.123s] -- The CXX compiler identification is GNU 11.4.0
[0.128s] -- Detecting C compiler ABI info
[0.168s] -- Detecting C compiler ABI info - done
[0.173s] -- Check for working C compiler: /usr/bin/cc - skipped
[0.173s] -- Detecting C compile features
[0.173s] -- Detecting C compile features - done
[0.175s] -- Detecting CXX compiler ABI info
[0.220s] -- Detecting CXX compiler ABI info - done
[0.225s] -- Check for working CXX compiler: /usr/bin/c++ - skipped
[0.225s] -- Detecting CXX compile features
[0.226s] -- Detecting CXX compile features - done
[0.227s] -- Found ament_cmake: 1.3.8 (/opt/ros/humble/share/ament_cmake/cmake)
[0.322s] -- Found Python3: /usr/bin/python3 (found version "3.10.12") found components: Interpreter 
[0.374s] -- Found rosidl_default_generators: 1.2.0 (/opt/ros/humble/share/rosidl_default_generators/cmake)
[0.376s] -- Using all available rosidl_typesupport_c: rosidl_typesupport_fastrtps_c;rosidl_typesupport_introspection_c
[0.379s] -- Found rosidl_adapter: 3.1.5 (/opt/ros/humble/share/rosidl_adapter/cmake)
[0.403s] -- Using all available rosidl_typesupport_cpp: rosidl_typesupport_fastrtps_cpp;rosidl_typesupport_introspection_cpp
[0.604s] -- Found ament_cmake_ros: 0.10.0 (/opt/ros/humble/share/ament_cmake_ros/cmake)
[0.726s] -- Using all available rosidl_typesupport_c: rosidl_typesupport_fastrtps_c;rosidl_typesupport_introspection_c
[0.884s] -- Using all available rosidl_typesupport_cpp: rosidl_typesupport_fastrtps_cpp;rosidl_typesupport_introspection_cpp
[0.899s] -- Found PythonInterp: /usr/bin/python3 (found suitable version "3.10.12", minimum required is "3.6") 
[0.899s] -- Found python_cmake_module: 0.10.0 (/opt/ros/humble/share/python_cmake_module/cmake)
[0.916s] -- Found PythonLibs: /usr/lib/x86_64-linux-gnu/libpython3.10.so (found suitable version "3.10.12", minimum required is "3.5") 
[0.916s] -- Using PYTHON_EXECUTABLE: /usr/bin/python3
[0.916s] -- Using PYTHON_INCLUDE_DIRS: /usr/include/python3.10
[0.916s] -- Using PYTHON_LIBRARIES: /usr/lib/x86_64-linux-gnu/libpython3.10.so
[0.930s] -- Found PythonExtra: .so  
[0.953s] -- Found ament_lint_auto: 0.12.10 (/opt/ros/humble/share/ament_lint_auto/cmake)
[0.965s] -- Added test 'flake8' to check Python code syntax and style conventions
[0.965s] -- Added test 'lint_cmake' to check CMake code style
[0.966s] -- Added test 'pep257' to check Python code against some of the docstring style conventions in PEP 257
[0.966s] -- Added test 'xmllint' to check XML markup files
[0.967s] -- Configuring done
[0.986s] -- Generating done
[0.988s] -- Build files have been written to: /home/qianli/zyb/radar_station/build/my_msgss
[0.993s] Invoked command in '/home/qianli/zyb/radar_station/build/my_msgss' returned '0': CMAKE_PREFIX_PATH=/opt/ros/humble /usr/bin/cmake /home/qianli/zyb/radar_station/src/my_msgss -DCMAKE_INSTALL_PREFIX=/home/qianli/zyb/radar_station/install/my_msgss
[0.993s] Invoking command in '/home/qianli/zyb/radar_station/build/my_msgss': CMAKE_PREFIX_PATH=/opt/ros/humble /usr/bin/cmake --build /home/qianli/zyb/radar_station/build/my_msgss -- -j16 -l16
[1.017s] [  1%] [34m[1mGenerating C code for ROS interfaces[0m
[1.023s] [  2%] [34m[1mGenerating C++ code for ROS interfaces[0m
[1.027s] [  2%] Built target ament_cmake_python_copy_my_msgss
[1.171s] running egg_info
[1.172s] creating my_msgss.egg-info
[1.172s] writing my_msgss.egg-info/PKG-INFO
[1.172s] writing dependency_links to my_msgss.egg-info/dependency_links.txt
[1.172s] writing top-level names to my_msgss.egg-info/top_level.txt
[1.172s] writing manifest file 'my_msgss.egg-info/SOURCES.txt'
[1.173s] reading manifest file 'my_msgss.egg-info/SOURCES.txt'
[1.173s] writing manifest file 'my_msgss.egg-info/SOURCES.txt'
[1.190s] [  2%] Built target ament_cmake_python_build_my_msgss_egg
[1.306s] [  2%] Built target my_msgss__cpp
[1.313s] [  4%] [34m[1mGenerating C++ type support dispatch for ROS interfaces[0m
[1.313s] [  5%] [34m[1mGenerating C++ type support for eProsima Fast-RTPS[0m
[1.313s] [  7%] [34m[1mGenerating C++ introspection for ROS interfaces[0m
[1.324s] [  8%] [32mBuilding C object CMakeFiles/my_msgss__rosidl_generator_c.dir/rosidl_generator_c/my_msgss/msg/detail/distpoint__functions.c.o[0m
[1.327s] [ 12%] [32mBuilding C object CMakeFiles/my_msgss__rosidl_generator_c.dir/rosidl_generator_c/my_msgss/msg/detail/distpoints__functions.c.o[0m
[1.327s] [ 12%] [32mBuilding C object CMakeFiles/my_msgss__rosidl_generator_c.dir/rosidl_generator_c/my_msgss/msg/detail/yolopoint__functions.c.o[0m
[1.327s] [ 12%] [32mBuilding C object CMakeFiles/my_msgss__rosidl_generator_c.dir/rosidl_generator_c/my_msgss/msg/detail/yolopoints__functions.c.o[0m
[1.327s] [ 14%] [32mBuilding C object CMakeFiles/my_msgss__rosidl_generator_c.dir/rosidl_generator_c/my_msgss/msg/detail/point__functions.c.o[0m
[1.327s] [ 15%] [32mBuilding C object CMakeFiles/my_msgss__rosidl_generator_c.dir/rosidl_generator_c/my_msgss/msg/detail/points__functions.c.o[0m
[1.374s] [ 16%] [32m[1mLinking C shared library libmy_msgss__rosidl_generator_c.so[0m
[1.395s] [ 16%] Built target my_msgss__rosidl_generator_c
[1.401s] [ 18%] [34m[1mGenerating C type support for eProsima Fast-RTPS[0m
[1.405s] [ 21%] [34m[1mGenerating C type support dispatch for ROS interfaces[0m
[1.405s] [ 21%] [34m[1mGenerating C introspection for ROS interfaces[0m
[1.518s] [ 22%] [32mBuilding CXX object CMakeFiles/my_msgss__rosidl_typesupport_cpp.dir/rosidl_typesupport_cpp/my_msgss/msg/distpoint__type_support.cpp.o[0m
[1.519s] [ 23%] [32mBuilding CXX object CMakeFiles/my_msgss__rosidl_typesupport_cpp.dir/rosidl_typesupport_cpp/my_msgss/msg/distpoints__type_support.cpp.o[0m
[1.519s] [ 26%] [32mBuilding CXX object CMakeFiles/my_msgss__rosidl_typesupport_cpp.dir/rosidl_typesupport_cpp/my_msgss/msg/points__type_support.cpp.o[0m
[1.519s] [ 26%] [32mBuilding CXX object CMakeFiles/my_msgss__rosidl_typesupport_cpp.dir/rosidl_typesupport_cpp/my_msgss/msg/yolopoint__type_support.cpp.o[0m
[1.520s] [ 28%] [32mBuilding CXX object CMakeFiles/my_msgss__rosidl_typesupport_cpp.dir/rosidl_typesupport_cpp/my_msgss/msg/yolopoints__type_support.cpp.o[0m
[1.520s] [ 29%] [32mBuilding CXX object CMakeFiles/my_msgss__rosidl_typesupport_cpp.dir/rosidl_typesupport_cpp/my_msgss/msg/point__type_support.cpp.o[0m
[1.557s] [ 33%] [32mBuilding CXX object CMakeFiles/my_msgss__rosidl_typesupport_introspection_cpp.dir/rosidl_typesupport_introspection_cpp/my_msgss/msg/detail/yolopoint__type_support.cpp.o[0m
[1.557s] [ 33%] [32mBuilding CXX object CMakeFiles/my_msgss__rosidl_typesupport_introspection_cpp.dir/rosidl_typesupport_introspection_cpp/my_msgss/msg/detail/distpoint__type_support.cpp.o[0m
[1.557s] [ 35%] [32mBuilding CXX object CMakeFiles/my_msgss__rosidl_typesupport_introspection_cpp.dir/rosidl_typesupport_introspection_cpp/my_msgss/msg/detail/yolopoints__type_support.cpp.o[0m
[1.557s] [ 35%] [32mBuilding CXX object CMakeFiles/my_msgss__rosidl_typesupport_introspection_cpp.dir/rosidl_typesupport_introspection_cpp/my_msgss/msg/detail/distpoints__type_support.cpp.o[0m
[1.557s] [ 36%] [32mBuilding CXX object CMakeFiles/my_msgss__rosidl_typesupport_introspection_cpp.dir/rosidl_typesupport_introspection_cpp/my_msgss/msg/detail/point__type_support.cpp.o[0m
[1.559s] [ 38%] [32mBuilding CXX object CMakeFiles/my_msgss__rosidl_typesupport_introspection_cpp.dir/rosidl_typesupport_introspection_cpp/my_msgss/msg/detail/points__type_support.cpp.o[0m
[1.698s] [ 39%] [32mBuilding CXX object CMakeFiles/my_msgss__rosidl_typesupport_fastrtps_cpp.dir/rosidl_typesupport_fastrtps_cpp/my_msgss/msg/detail/dds_fastrtps/yolopoint__type_support.cpp.o[0m
[1.786s] [ 40%] [32mBuilding CXX object CMakeFiles/my_msgss__rosidl_typesupport_fastrtps_cpp.dir/rosidl_typesupport_fastrtps_cpp/my_msgss/msg/detail/dds_fastrtps/yolopoints__type_support.cpp.o[0m
[1.824s] [ 42%] [32mBuilding CXX object CMakeFiles/my_msgss__rosidl_typesupport_fastrtps_cpp.dir/rosidl_typesupport_fastrtps_cpp/my_msgss/msg/detail/dds_fastrtps/distpoint__type_support.cpp.o[0m
[1.838s] [ 43%] [32mBuilding CXX object CMakeFiles/my_msgss__rosidl_typesupport_fastrtps_c.dir/rosidl_typesupport_fastrtps_c/my_msgss/msg/detail/yolopoint__type_support_c.cpp.o[0m
[1.851s] [ 45%] [32mBuilding CXX object CMakeFiles/my_msgss__rosidl_typesupport_fastrtps_c.dir/rosidl_typesupport_fastrtps_c/my_msgss/msg/detail/yolopoints__type_support_c.cpp.o[0m
[1.855s] [ 46%] [32mBuilding CXX object CMakeFiles/my_msgss__rosidl_typesupport_c.dir/rosidl_typesupport_c/my_msgss/msg/yolopoint__type_support.cpp.o[0m
[1.855s] [ 47%] [32mBuilding CXX object CMakeFiles/my_msgss__rosidl_typesupport_fastrtps_c.dir/rosidl_typesupport_fastrtps_c/my_msgss/msg/detail/distpoint__type_support_c.cpp.o[0m
[1.865s] [ 49%] [32mBuilding CXX object CMakeFiles/my_msgss__rosidl_typesupport_fastrtps_cpp.dir/rosidl_typesupport_fastrtps_cpp/my_msgss/msg/detail/dds_fastrtps/distpoints__type_support.cpp.o[0m
[1.868s] [ 50%] [32m[1mLinking CXX shared library libmy_msgss__rosidl_typesupport_cpp.so[0m
[1.887s] [ 52%] [32mBuilding CXX object CMakeFiles/my_msgss__rosidl_typesupport_c.dir/rosidl_typesupport_c/my_msgss/msg/yolopoints__type_support.cpp.o[0m
[1.917s] [ 53%] [32mBuilding CXX object CMakeFiles/my_msgss__rosidl_typesupport_c.dir/rosidl_typesupport_c/my_msgss/msg/distpoint__type_support.cpp.o[0m
[1.928s] [ 53%] Built target my_msgss__rosidl_typesupport_cpp
[1.938s] [ 54%] [32mBuilding CXX object CMakeFiles/my_msgss__rosidl_typesupport_fastrtps_c.dir/rosidl_typesupport_fastrtps_c/my_msgss/msg/detail/distpoints__type_support_c.cpp.o[0m
[1.945s] [ 56%] [32mBuilding CXX object CMakeFiles/my_msgss__rosidl_typesupport_c.dir/rosidl_typesupport_c/my_msgss/msg/distpoints__type_support.cpp.o[0m
[1.948s] [ 57%] [32mBuilding CXX object CMakeFiles/my_msgss__rosidl_typesupport_fastrtps_c.dir/rosidl_typesupport_fastrtps_c/my_msgss/msg/detail/point__type_support_c.cpp.o[0m
[1.955s] [ 59%] [32mBuilding CXX object CMakeFiles/my_msgss__rosidl_typesupport_c.dir/rosidl_typesupport_c/my_msgss/msg/point__type_support.cpp.o[0m
[1.972s] [ 61%] [32mBuilding CXX object CMakeFiles/my_msgss__rosidl_typesupport_c.dir/rosidl_typesupport_c/my_msgss/msg/points__type_support.cpp.o[0m
[1.972s] [ 61%] [32mBuilding CXX object CMakeFiles/my_msgss__rosidl_typesupport_fastrtps_c.dir/rosidl_typesupport_fastrtps_c/my_msgss/msg/detail/points__type_support_c.cpp.o[0m
[1.978s] [ 63%] [32mBuilding CXX object CMakeFiles/my_msgss__rosidl_typesupport_fastrtps_cpp.dir/rosidl_typesupport_fastrtps_cpp/my_msgss/msg/detail/dds_fastrtps/point__type_support.cpp.o[0m
[1.981s] [ 64%] [32mBuilding C object CMakeFiles/my_msgss__rosidl_typesupport_introspection_c.dir/rosidl_typesupport_introspection_c/my_msgss/msg/detail/yolopoint__type_support.c.o[0m
[1.993s] [ 66%] [32mBuilding C object CMakeFiles/my_msgss__rosidl_typesupport_introspection_c.dir/rosidl_typesupport_introspection_c/my_msgss/msg/detail/yolopoints__type_support.c.o[0m
[1.998s] [ 67%] [32m[1mLinking CXX shared library libmy_msgss__rosidl_typesupport_c.so[0m
[2.012s] [ 69%] [32mBuilding C object CMakeFiles/my_msgss__rosidl_typesupport_introspection_c.dir/rosidl_typesupport_introspection_c/my_msgss/msg/detail/distpoint__type_support.c.o[0m
[2.020s] [ 70%] [32mBuilding CXX object CMakeFiles/my_msgss__rosidl_typesupport_fastrtps_cpp.dir/rosidl_typesupport_fastrtps_cpp/my_msgss/msg/detail/dds_fastrtps/points__type_support.cpp.o[0m
[2.026s] [ 71%] [32mBuilding C object CMakeFiles/my_msgss__rosidl_typesupport_introspection_c.dir/rosidl_typesupport_introspection_c/my_msgss/msg/detail/distpoints__type_support.c.o[0m
[2.042s] [ 71%] Built target my_msgss__rosidl_typesupport_c
[2.045s] [ 73%] [32mBuilding C object CMakeFiles/my_msgss__rosidl_typesupport_introspection_c.dir/rosidl_typesupport_introspection_c/my_msgss/msg/detail/point__type_support.c.o[0m
[2.050s] [ 74%] [32mBuilding C object CMakeFiles/my_msgss__rosidl_typesupport_introspection_c.dir/rosidl_typesupport_introspection_c/my_msgss/msg/detail/points__type_support.c.o[0m
[2.086s] [ 76%] [32m[1mLinking C shared library libmy_msgss__rosidl_typesupport_introspection_c.so[0m
[2.102s] [ 77%] [32m[1mLinking CXX shared library libmy_msgss__rosidl_typesupport_introspection_cpp.so[0m
[2.117s] [ 77%] Built target my_msgss__rosidl_typesupport_introspection_c
[2.195s] [ 77%] Built target my_msgss__rosidl_typesupport_introspection_cpp
[2.317s] [ 78%] [32m[1mLinking CXX shared library libmy_msgss__rosidl_typesupport_fastrtps_c.so[0m
[2.366s] [ 78%] Built target my_msgss__rosidl_typesupport_fastrtps_c
[2.385s] [ 80%] [32m[1mLinking CXX shared library libmy_msgss__rosidl_typesupport_fastrtps_cpp.so[0m
[2.435s] [ 80%] Built target my_msgss__rosidl_typesupport_fastrtps_cpp
[2.446s] [ 80%] Built target my_msgss
[2.462s] [ 81%] [34m[1mGenerating Python code for ROS interfaces[0m
[2.898s] [ 81%] Built target my_msgss__py
[2.909s] [ 85%] [32mBuilding C object CMakeFiles/my_msgss__rosidl_generator_py.dir/rosidl_generator_py/my_msgss/msg/_distpoint_s.c.o[0m
[2.909s] [ 85%] [32mBuilding C object CMakeFiles/my_msgss__rosidl_generator_py.dir/rosidl_generator_py/my_msgss/msg/_yolopoints_s.c.o[0m
[2.909s] [ 87%] [32mBuilding C object CMakeFiles/my_msgss__rosidl_generator_py.dir/rosidl_generator_py/my_msgss/msg/_points_s.c.o[0m
[2.909s] [ 87%] [32mBuilding C object CMakeFiles/my_msgss__rosidl_generator_py.dir/rosidl_generator_py/my_msgss/msg/_yolopoint_s.c.o[0m
[2.912s] [ 90%] [32mBuilding C object CMakeFiles/my_msgss__rosidl_generator_py.dir/rosidl_generator_py/my_msgss/msg/_point_s.c.o[0m
[2.912s] [ 90%] [32mBuilding C object CMakeFiles/my_msgss__rosidl_generator_py.dir/rosidl_generator_py/my_msgss/msg/_distpoints_s.c.o[0m
[2.999s] [ 91%] [32m[1mLinking C shared library rosidl_generator_py/my_msgss/libmy_msgss__rosidl_generator_py.so[0m
[3.023s] [ 91%] Built target my_msgss__rosidl_generator_py
[3.034s] [ 95%] [32mBuilding C object CMakeFiles/my_msgss__rosidl_typesupport_c__pyext.dir/rosidl_generator_py/my_msgss/_my_msgss_s.ep.rosidl_typesupport_c.c.o[0m
[3.035s] [ 95%] [32mBuilding C object CMakeFiles/my_msgss__rosidl_typesupport_introspection_c__pyext.dir/rosidl_generator_py/my_msgss/_my_msgss_s.ep.rosidl_typesupport_introspection_c.c.o[0m
[3.035s] [ 95%] [32mBuilding C object CMakeFiles/my_msgss__rosidl_typesupport_fastrtps_c__pyext.dir/rosidl_generator_py/my_msgss/_my_msgss_s.ep.rosidl_typesupport_fastrtps_c.c.o[0m
[3.097s] [ 98%] [32m[1mLinking C shared library rosidl_generator_py/my_msgss/my_msgss_s__rosidl_typesupport_c.cpython-310-x86_64-linux-gnu.so[0m
[3.097s] [ 98%] [32m[1mLinking C shared library rosidl_generator_py/my_msgss/my_msgss_s__rosidl_typesupport_introspection_c.cpython-310-x86_64-linux-gnu.so[0m
[3.097s] [100%] [32m[1mLinking C shared library rosidl_generator_py/my_msgss/my_msgss_s__rosidl_typesupport_fastrtps_c.cpython-310-x86_64-linux-gnu.so[0m
[3.115s] [100%] Built target my_msgss__rosidl_typesupport_introspection_c__pyext
[3.116s] [100%] Built target my_msgss__rosidl_typesupport_c__pyext
[3.116s] [100%] Built target my_msgss__rosidl_typesupport_fastrtps_c__pyext
[3.123s] Invoked command in '/home/qianli/zyb/radar_station/build/my_msgss' returned '0': CMAKE_PREFIX_PATH=/opt/ros/humble /usr/bin/cmake --build /home/qianli/zyb/radar_station/build/my_msgss -- -j16 -l16
[3.179s] Invoking command in '/home/qianli/zyb/radar_station/build/my_msgss': CMAKE_PREFIX_PATH=/opt/ros/humble /usr/bin/cmake --install /home/qianli/zyb/radar_station/build/my_msgss
[3.184s] -- Install configuration: ""
[3.184s] -- Installing: /home/qianli/zyb/radar_station/install/my_msgss/share/ament_index/resource_index/rosidl_interfaces/my_msgss
[3.184s] -- Installing: /home/qianli/zyb/radar_station/install/my_msgss/include/my_msgss/my_msgss
[3.184s] -- Installing: /home/qianli/zyb/radar_station/install/my_msgss/include/my_msgss/my_msgss/msg
[3.184s] -- Installing: /home/qianli/zyb/radar_station/install/my_msgss/include/my_msgss/my_msgss/msg/distpoints.h
[3.184s] -- Installing: /home/qianli/zyb/radar_station/install/my_msgss/include/my_msgss/my_msgss/msg/point.h
[3.184s] -- Installing: /home/qianli/zyb/radar_station/install/my_msgss/include/my_msgss/my_msgss/msg/distpoint.h
[3.185s] -- Installing: /home/qianli/zyb/radar_station/install/my_msgss/include/my_msgss/my_msgss/msg/points.h
[3.185s] -- Installing: /home/qianli/zyb/radar_station/install/my_msgss/include/my_msgss/my_msgss/msg/detail
[3.185s] -- Installing: /home/qianli/zyb/radar_station/install/my_msgss/include/my_msgss/my_msgss/msg/detail/yolopoints__type_support.h
[3.185s] -- Installing: /home/qianli/zyb/radar_station/install/my_msgss/include/my_msgss/my_msgss/msg/detail/point__functions.h
[3.185s] -- Installing: /home/qianli/zyb/radar_station/install/my_msgss/include/my_msgss/my_msgss/msg/detail/yolopoints__functions.h
[3.185s] -- Installing: /home/qianli/zyb/radar_station/install/my_msgss/include/my_msgss/my_msgss/msg/detail/yolopoint__type_support.h
[3.185s] -- Installing: /home/qianli/zyb/radar_station/install/my_msgss/include/my_msgss/my_msgss/msg/detail/distpoint__functions.h
[3.185s] -- Installing: /home/qianli/zyb/radar_station/install/my_msgss/include/my_msgss/my_msgss/msg/detail/yolopoint__struct.h
[3.185s] -- Installing: /home/qianli/zyb/radar_station/install/my_msgss/include/my_msgss/my_msgss/msg/detail/yolopoints__functions.c
[3.185s] -- Installing: /home/qianli/zyb/radar_station/install/my_msgss/include/my_msgss/my_msgss/msg/detail/yolopoints__struct.h
[3.185s] -- Installing: /home/qianli/zyb/radar_station/install/my_msgss/include/my_msgss/my_msgss/msg/detail/distpoint__functions.c
[3.185s] -- Installing: /home/qianli/zyb/radar_station/install/my_msgss/include/my_msgss/my_msgss/msg/detail/points__functions.h
[3.185s] -- Installing: /home/qianli/zyb/radar_station/install/my_msgss/include/my_msgss/my_msgss/msg/detail/points__struct.h
[3.186s] -- Installing: /home/qianli/zyb/radar_station/install/my_msgss/include/my_msgss/my_msgss/msg/detail/point__functions.c
[3.186s] -- Installing: /home/qianli/zyb/radar_station/install/my_msgss/include/my_msgss/my_msgss/msg/detail/point__struct.h
[3.186s] -- Installing: /home/qianli/zyb/radar_station/install/my_msgss/include/my_msgss/my_msgss/msg/detail/point__type_support.h
[3.186s] -- Installing: /home/qianli/zyb/radar_station/install/my_msgss/include/my_msgss/my_msgss/msg/detail/distpoint__struct.h
[3.186s] -- Installing: /home/qianli/zyb/radar_station/install/my_msgss/include/my_msgss/my_msgss/msg/detail/points__functions.c
[3.186s] -- Installing: /home/qianli/zyb/radar_station/install/my_msgss/include/my_msgss/my_msgss/msg/detail/yolopoint__functions.c
[3.186s] -- Installing: /home/qianli/zyb/radar_station/install/my_msgss/include/my_msgss/my_msgss/msg/detail/yolopoint__functions.h
[3.186s] -- Installing: /home/qianli/zyb/radar_station/install/my_msgss/include/my_msgss/my_msgss/msg/detail/distpoints__type_support.h
[3.186s] -- Installing: /home/qianli/zyb/radar_station/install/my_msgss/include/my_msgss/my_msgss/msg/detail/distpoints__functions.h
[3.186s] -- Installing: /home/qianli/zyb/radar_station/install/my_msgss/include/my_msgss/my_msgss/msg/detail/points__type_support.h
[3.186s] -- Installing: /home/qianli/zyb/radar_station/install/my_msgss/include/my_msgss/my_msgss/msg/detail/distpoint__type_support.h
[3.186s] -- Installing: /home/qianli/zyb/radar_station/install/my_msgss/include/my_msgss/my_msgss/msg/detail/distpoints__struct.h
[3.186s] -- Installing: /home/qianli/zyb/radar_station/install/my_msgss/include/my_msgss/my_msgss/msg/detail/distpoints__functions.c
[3.186s] -- Installing: /home/qianli/zyb/radar_station/install/my_msgss/include/my_msgss/my_msgss/msg/yolopoint.h
[3.186s] -- Installing: /home/qianli/zyb/radar_station/install/my_msgss/include/my_msgss/my_msgss/msg/rosidl_generator_c__visibility_control.h
[3.186s] -- Installing: /home/qianli/zyb/radar_station/install/my_msgss/include/my_msgss/my_msgss/msg/yolopoints.h
[3.186s] -- Installing: /home/qianli/zyb/radar_station/install/my_msgss/share/my_msgss/environment/library_path.sh
[3.186s] -- Installing: /home/qianli/zyb/radar_station/install/my_msgss/share/my_msgss/environment/library_path.dsv
[3.186s] -- Installing: /home/qianli/zyb/radar_station/install/my_msgss/lib/libmy_msgss__rosidl_generator_c.so
[3.186s] -- Set runtime path of "/home/qianli/zyb/radar_station/install/my_msgss/lib/libmy_msgss__rosidl_generator_c.so" to ""
[3.186s] -- Up-to-date: /home/qianli/zyb/radar_station/install/my_msgss/include/my_msgss/my_msgss
[3.186s] -- Up-to-date: /home/qianli/zyb/radar_station/install/my_msgss/include/my_msgss/my_msgss/msg
[3.186s] -- Installing: /home/qianli/zyb/radar_station/install/my_msgss/include/my_msgss/my_msgss/msg/rosidl_typesupport_fastrtps_c__visibility_control.h
[3.186s] -- Up-to-date: /home/qianli/zyb/radar_station/install/my_msgss/include/my_msgss/my_msgss/msg/detail
[3.186s] -- Installing: /home/qianli/zyb/radar_station/install/my_msgss/include/my_msgss/my_msgss/msg/detail/distpoint__rosidl_typesupport_fastrtps_c.h
[3.186s] -- Installing: /home/qianli/zyb/radar_station/install/my_msgss/include/my_msgss/my_msgss/msg/detail/distpoints__rosidl_typesupport_fastrtps_c.h
[3.186s] -- Installing: /home/qianli/zyb/radar_station/install/my_msgss/include/my_msgss/my_msgss/msg/detail/yolopoint__rosidl_typesupport_fastrtps_c.h
[3.186s] -- Installing: /home/qianli/zyb/radar_station/install/my_msgss/include/my_msgss/my_msgss/msg/detail/point__rosidl_typesupport_fastrtps_c.h
[3.187s] -- Installing: /home/qianli/zyb/radar_station/install/my_msgss/include/my_msgss/my_msgss/msg/detail/points__rosidl_typesupport_fastrtps_c.h
[3.187s] -- Installing: /home/qianli/zyb/radar_station/install/my_msgss/include/my_msgss/my_msgss/msg/detail/yolopoints__rosidl_typesupport_fastrtps_c.h
[3.187s] -- Installing: /home/qianli/zyb/radar_station/install/my_msgss/lib/libmy_msgss__rosidl_typesupport_fastrtps_c.so
[3.187s] -- Set runtime path of "/home/qianli/zyb/radar_station/install/my_msgss/lib/libmy_msgss__rosidl_typesupport_fastrtps_c.so" to ""
[3.187s] -- Up-to-date: /home/qianli/zyb/radar_station/install/my_msgss/include/my_msgss/my_msgss
[3.187s] -- Up-to-date: /home/qianli/zyb/radar_station/install/my_msgss/include/my_msgss/my_msgss/msg
[3.187s] -- Up-to-date: /home/qianli/zyb/radar_station/install/my_msgss/include/my_msgss/my_msgss/msg/detail
[3.187s] -- Installing: /home/qianli/zyb/radar_station/install/my_msgss/include/my_msgss/my_msgss/msg/detail/distpoint__rosidl_typesupport_introspection_c.h
[3.187s] -- Installing: /home/qianli/zyb/radar_station/install/my_msgss/include/my_msgss/my_msgss/msg/detail/yolopoints__rosidl_typesupport_introspection_c.h
[3.187s] -- Installing: /home/qianli/zyb/radar_station/install/my_msgss/include/my_msgss/my_msgss/msg/detail/points__type_support.c
[3.187s] -- Installing: /home/qianli/zyb/radar_station/install/my_msgss/include/my_msgss/my_msgss/msg/detail/distpoints__rosidl_typesupport_introspection_c.h
[3.187s] -- Installing: /home/qianli/zyb/radar_station/install/my_msgss/include/my_msgss/my_msgss/msg/detail/point__rosidl_typesupport_introspection_c.h
[3.187s] -- Installing: /home/qianli/zyb/radar_station/install/my_msgss/include/my_msgss/my_msgss/msg/detail/yolopoint__rosidl_typesupport_introspection_c.h
[3.187s] -- Installing: /home/qianli/zyb/radar_station/install/my_msgss/include/my_msgss/my_msgss/msg/detail/points__rosidl_typesupport_introspection_c.h
[3.187s] -- Installing: /home/qianli/zyb/radar_station/install/my_msgss/include/my_msgss/my_msgss/msg/detail/yolopoints__type_support.c
[3.187s] -- Installing: /home/qianli/zyb/radar_station/install/my_msgss/include/my_msgss/my_msgss/msg/detail/point__type_support.c
[3.187s] -- Installing: /home/qianli/zyb/radar_station/install/my_msgss/include/my_msgss/my_msgss/msg/detail/distpoints__type_support.c
[3.187s] -- Installing: /home/qianli/zyb/radar_station/install/my_msgss/include/my_msgss/my_msgss/msg/detail/distpoint__type_support.c
[3.187s] -- Installing: /home/qianli/zyb/radar_station/install/my_msgss/include/my_msgss/my_msgss/msg/detail/yolopoint__type_support.c
[3.187s] -- Installing: /home/qianli/zyb/radar_station/install/my_msgss/include/my_msgss/my_msgss/msg/rosidl_typesupport_introspection_c__visibility_control.h
[3.187s] -- Installing: /home/qianli/zyb/radar_station/install/my_msgss/lib/libmy_msgss__rosidl_typesupport_introspection_c.so
[3.187s] -- Set runtime path of "/home/qianli/zyb/radar_station/install/my_msgss/lib/libmy_msgss__rosidl_typesupport_introspection_c.so" to ""
[3.187s] -- Installing: /home/qianli/zyb/radar_station/install/my_msgss/lib/libmy_msgss__rosidl_typesupport_c.so
[3.187s] -- Set runtime path of "/home/qianli/zyb/radar_station/install/my_msgss/lib/libmy_msgss__rosidl_typesupport_c.so" to ""
[3.187s] -- Up-to-date: /home/qianli/zyb/radar_station/install/my_msgss/include/my_msgss/my_msgss
[3.187s] -- Up-to-date: /home/qianli/zyb/radar_station/install/my_msgss/include/my_msgss/my_msgss/msg
[3.187s] -- Installing: /home/qianli/zyb/radar_station/install/my_msgss/include/my_msgss/my_msgss/msg/distpoint.hpp
[3.187s] -- Installing: /home/qianli/zyb/radar_station/install/my_msgss/include/my_msgss/my_msgss/msg/distpoints.hpp
[3.188s] -- Installing: /home/qianli/zyb/radar_station/install/my_msgss/include/my_msgss/my_msgss/msg/yolopoint.hpp
[3.188s] -- Installing: /home/qianli/zyb/radar_station/install/my_msgss/include/my_msgss/my_msgss/msg/point.hpp
[3.188s] -- Installing: /home/qianli/zyb/radar_station/install/my_msgss/include/my_msgss/my_msgss/msg/points.hpp
[3.188s] -- Up-to-date: /home/qianli/zyb/radar_station/install/my_msgss/include/my_msgss/my_msgss/msg/detail
[3.188s] -- Installing: /home/qianli/zyb/radar_station/install/my_msgss/include/my_msgss/my_msgss/msg/detail/distpoint__traits.hpp
[3.188s] -- Installing: /home/qianli/zyb/radar_station/install/my_msgss/include/my_msgss/my_msgss/msg/detail/yolopoint__struct.hpp
[3.188s] -- Installing: /home/qianli/zyb/radar_station/install/my_msgss/include/my_msgss/my_msgss/msg/detail/point__builder.hpp
[3.188s] -- Installing: /home/qianli/zyb/radar_station/install/my_msgss/include/my_msgss/my_msgss/msg/detail/distpoints__traits.hpp
[3.188s] -- Installing: /home/qianli/zyb/radar_station/install/my_msgss/include/my_msgss/my_msgss/msg/detail/yolopoints__builder.hpp
[3.188s] -- Installing: /home/qianli/zyb/radar_station/install/my_msgss/include/my_msgss/my_msgss/msg/detail/point__struct.hpp
[3.188s] -- Installing: /home/qianli/zyb/radar_station/install/my_msgss/include/my_msgss/my_msgss/msg/detail/distpoints__builder.hpp
[3.188s] -- Installing: /home/qianli/zyb/radar_station/install/my_msgss/include/my_msgss/my_msgss/msg/detail/points__traits.hpp
[3.188s] -- Installing: /home/qianli/zyb/radar_station/install/my_msgss/include/my_msgss/my_msgss/msg/detail/points__builder.hpp
[3.188s] -- Installing: /home/qianli/zyb/radar_station/install/my_msgss/include/my_msgss/my_msgss/msg/detail/yolopoints__traits.hpp
[3.188s] -- Installing: /home/qianli/zyb/radar_station/install/my_msgss/include/my_msgss/my_msgss/msg/detail/distpoints__struct.hpp
[3.188s] -- Installing: /home/qianli/zyb/radar_station/install/my_msgss/include/my_msgss/my_msgss/msg/detail/points__struct.hpp
[3.188s] -- Installing: /home/qianli/zyb/radar_station/install/my_msgss/include/my_msgss/my_msgss/msg/detail/point__traits.hpp
[3.188s] -- Installing: /home/qianli/zyb/radar_station/install/my_msgss/include/my_msgss/my_msgss/msg/detail/distpoint__struct.hpp
[3.188s] -- Installing: /home/qianli/zyb/radar_station/install/my_msgss/include/my_msgss/my_msgss/msg/detail/distpoint__builder.hpp
[3.188s] -- Installing: /home/qianli/zyb/radar_station/install/my_msgss/include/my_msgss/my_msgss/msg/detail/yolopoints__struct.hpp
[3.188s] -- Installing: /home/qianli/zyb/radar_station/install/my_msgss/include/my_msgss/my_msgss/msg/detail/yolopoint__builder.hpp
[3.188s] -- Installing: /home/qianli/zyb/radar_station/install/my_msgss/include/my_msgss/my_msgss/msg/detail/yolopoint__traits.hpp
[3.188s] -- Installing: /home/qianli/zyb/radar_station/install/my_msgss/include/my_msgss/my_msgss/msg/yolopoints.hpp
[3.188s] -- Up-to-date: /home/qianli/zyb/radar_station/install/my_msgss/include/my_msgss/my_msgss
[3.188s] -- Up-to-date: /home/qianli/zyb/radar_station/install/my_msgss/include/my_msgss/my_msgss/msg
[3.188s] -- Installing: /home/qianli/zyb/radar_station/install/my_msgss/include/my_msgss/my_msgss/msg/rosidl_typesupport_fastrtps_cpp__visibility_control.h
[3.188s] -- Up-to-date: /home/qianli/zyb/radar_station/install/my_msgss/include/my_msgss/my_msgss/msg/detail
[3.188s] -- Installing: /home/qianli/zyb/radar_station/install/my_msgss/include/my_msgss/my_msgss/msg/detail/distpoints__rosidl_typesupport_fastrtps_cpp.hpp
[3.189s] -- Installing: /home/qianli/zyb/radar_station/install/my_msgss/include/my_msgss/my_msgss/msg/detail/yolopoint__rosidl_typesupport_fastrtps_cpp.hpp
[3.189s] -- Installing: /home/qianli/zyb/radar_station/install/my_msgss/include/my_msgss/my_msgss/msg/detail/dds_fastrtps
[3.189s] -- Installing: /home/qianli/zyb/radar_station/install/my_msgss/include/my_msgss/my_msgss/msg/detail/point__rosidl_typesupport_fastrtps_cpp.hpp
[3.189s] -- Installing: /home/qianli/zyb/radar_station/install/my_msgss/include/my_msgss/my_msgss/msg/detail/points__rosidl_typesupport_fastrtps_cpp.hpp
[3.189s] -- Installing: /home/qianli/zyb/radar_station/install/my_msgss/include/my_msgss/my_msgss/msg/detail/yolopoints__rosidl_typesupport_fastrtps_cpp.hpp
[3.189s] -- Installing: /home/qianli/zyb/radar_station/install/my_msgss/include/my_msgss/my_msgss/msg/detail/distpoint__rosidl_typesupport_fastrtps_cpp.hpp
[3.189s] -- Installing: /home/qianli/zyb/radar_station/install/my_msgss/lib/libmy_msgss__rosidl_typesupport_fastrtps_cpp.so
[3.189s] -- Set runtime path of "/home/qianli/zyb/radar_station/install/my_msgss/lib/libmy_msgss__rosidl_typesupport_fastrtps_cpp.so" to ""
[3.189s] -- Up-to-date: /home/qianli/zyb/radar_station/install/my_msgss/include/my_msgss/my_msgss
[3.189s] -- Up-to-date: /home/qianli/zyb/radar_station/install/my_msgss/include/my_msgss/my_msgss/msg
[3.189s] -- Up-to-date: /home/qianli/zyb/radar_station/install/my_msgss/include/my_msgss/my_msgss/msg/detail
[3.189s] -- Installing: /home/qianli/zyb/radar_station/install/my_msgss/include/my_msgss/my_msgss/msg/detail/point__type_support.cpp
[3.189s] -- Installing: /home/qianli/zyb/radar_station/install/my_msgss/include/my_msgss/my_msgss/msg/detail/distpoint__rosidl_typesupport_introspection_cpp.hpp
[3.189s] -- Installing: /home/qianli/zyb/radar_station/install/my_msgss/include/my_msgss/my_msgss/msg/detail/distpoint__type_support.cpp
[3.189s] -- Installing: /home/qianli/zyb/radar_station/install/my_msgss/include/my_msgss/my_msgss/msg/detail/yolopoints__type_support.cpp
[3.189s] -- Installing: /home/qianli/zyb/radar_station/install/my_msgss/include/my_msgss/my_msgss/msg/detail/points__type_support.cpp
[3.189s] -- Installing: /home/qianli/zyb/radar_station/install/my_msgss/include/my_msgss/my_msgss/msg/detail/yolopoint__type_support.cpp
[3.189s] -- Installing: /home/qianli/zyb/radar_station/install/my_msgss/include/my_msgss/my_msgss/msg/detail/points__rosidl_typesupport_introspection_cpp.hpp
[3.189s] -- Installing: /home/qianli/zyb/radar_station/install/my_msgss/include/my_msgss/my_msgss/msg/detail/yolopoints__rosidl_typesupport_introspection_cpp.hpp
[3.189s] -- Installing: /home/qianli/zyb/radar_station/install/my_msgss/include/my_msgss/my_msgss/msg/detail/distpoints__rosidl_typesupport_introspection_cpp.hpp
[3.189s] -- Installing: /home/qianli/zyb/radar_station/install/my_msgss/include/my_msgss/my_msgss/msg/detail/point__rosidl_typesupport_introspection_cpp.hpp
[3.189s] -- Installing: /home/qianli/zyb/radar_station/install/my_msgss/include/my_msgss/my_msgss/msg/detail/distpoints__type_support.cpp
[3.189s] -- Installing: /home/qianli/zyb/radar_station/install/my_msgss/include/my_msgss/my_msgss/msg/detail/yolopoint__rosidl_typesupport_introspection_cpp.hpp
[3.189s] -- Installing: /home/qianli/zyb/radar_station/install/my_msgss/lib/libmy_msgss__rosidl_typesupport_introspection_cpp.so
[3.189s] -- Set runtime path of "/home/qianli/zyb/radar_station/install/my_msgss/lib/libmy_msgss__rosidl_typesupport_introspection_cpp.so" to ""
[3.189s] -- Installing: /home/qianli/zyb/radar_station/install/my_msgss/lib/libmy_msgss__rosidl_typesupport_cpp.so
[3.189s] -- Set runtime path of "/home/qianli/zyb/radar_station/install/my_msgss/lib/libmy_msgss__rosidl_typesupport_cpp.so" to ""
[3.189s] -- Installing: /home/qianli/zyb/radar_station/install/my_msgss/share/my_msgss/environment/pythonpath.sh
[3.189s] -- Installing: /home/qianli/zyb/radar_station/install/my_msgss/share/my_msgss/environment/pythonpath.dsv
[3.190s] -- Installing: /home/qianli/zyb/radar_station/install/my_msgss/local/lib/python3.10/dist-packages/my_msgss-0.0.0-py3.10.egg-info
[3.190s] -- Installing: /home/qianli/zyb/radar_station/install/my_msgss/local/lib/python3.10/dist-packages/my_msgss-0.0.0-py3.10.egg-info/top_level.txt
[3.190s] -- Installing: /home/qianli/zyb/radar_station/install/my_msgss/local/lib/python3.10/dist-packages/my_msgss-0.0.0-py3.10.egg-info/SOURCES.txt
[3.190s] -- Installing: /home/qianli/zyb/radar_station/install/my_msgss/local/lib/python3.10/dist-packages/my_msgss-0.0.0-py3.10.egg-info/dependency_links.txt
[3.190s] -- Installing: /home/qianli/zyb/radar_station/install/my_msgss/local/lib/python3.10/dist-packages/my_msgss-0.0.0-py3.10.egg-info/PKG-INFO
[3.190s] -- Installing: /home/qianli/zyb/radar_station/install/my_msgss/local/lib/python3.10/dist-packages/my_msgss
[3.190s] -- Installing: /home/qianli/zyb/radar_station/install/my_msgss/local/lib/python3.10/dist-packages/my_msgss/_my_msgss_s.ep.rosidl_typesupport_fastrtps_c.c
[3.190s] -- Installing: /home/qianli/zyb/radar_station/install/my_msgss/local/lib/python3.10/dist-packages/my_msgss/_my_msgss_s.ep.rosidl_typesupport_c.c
[3.190s] -- Installing: /home/qianli/zyb/radar_station/install/my_msgss/local/lib/python3.10/dist-packages/my_msgss/__init__.py
[3.190s] -- Installing: /home/qianli/zyb/radar_station/install/my_msgss/local/lib/python3.10/dist-packages/my_msgss/my_msgss_s__rosidl_typesupport_introspection_c.cpython-310-x86_64-linux-gnu.so
[3.190s] -- Installing: /home/qianli/zyb/radar_station/install/my_msgss/local/lib/python3.10/dist-packages/my_msgss/_my_msgss_s.ep.rosidl_typesupport_introspection_c.c
[3.190s] -- Installing: /home/qianli/zyb/radar_station/install/my_msgss/local/lib/python3.10/dist-packages/my_msgss/my_msgss_s__rosidl_typesupport_c.cpython-310-x86_64-linux-gnu.so
[3.190s] -- Installing: /home/qianli/zyb/radar_station/install/my_msgss/local/lib/python3.10/dist-packages/my_msgss/my_msgss_s__rosidl_typesupport_fastrtps_c.cpython-310-x86_64-linux-gnu.so
[3.190s] -- Installing: /home/qianli/zyb/radar_station/install/my_msgss/local/lib/python3.10/dist-packages/my_msgss/libmy_msgss__rosidl_generator_py.so
[3.190s] -- Installing: /home/qianli/zyb/radar_station/install/my_msgss/local/lib/python3.10/dist-packages/my_msgss/msg
[3.190s] -- Installing: /home/qianli/zyb/radar_station/install/my_msgss/local/lib/python3.10/dist-packages/my_msgss/msg/_yolopoint_s.c
[3.190s] -- Installing: /home/qianli/zyb/radar_station/install/my_msgss/local/lib/python3.10/dist-packages/my_msgss/msg/_point_s.c
[3.190s] -- Installing: /home/qianli/zyb/radar_station/install/my_msgss/local/lib/python3.10/dist-packages/my_msgss/msg/_yolopoint.py
[3.190s] -- Installing: /home/qianli/zyb/radar_station/install/my_msgss/local/lib/python3.10/dist-packages/my_msgss/msg/_distpoints_s.c
[3.190s] -- Installing: /home/qianli/zyb/radar_station/install/my_msgss/local/lib/python3.10/dist-packages/my_msgss/msg/_distpoint.py
[3.190s] -- Installing: /home/qianli/zyb/radar_station/install/my_msgss/local/lib/python3.10/dist-packages/my_msgss/msg/__init__.py
[3.190s] -- Installing: /home/qianli/zyb/radar_station/install/my_msgss/local/lib/python3.10/dist-packages/my_msgss/msg/_distpoints.py
[3.190s] -- Installing: /home/qianli/zyb/radar_station/install/my_msgss/local/lib/python3.10/dist-packages/my_msgss/msg/_yolopoints.py
[3.190s] -- Installing: /home/qianli/zyb/radar_station/install/my_msgss/local/lib/python3.10/dist-packages/my_msgss/msg/_yolopoints_s.c
[3.190s] -- Installing: /home/qianli/zyb/radar_station/install/my_msgss/local/lib/python3.10/dist-packages/my_msgss/msg/_points.py
[3.190s] -- Installing: /home/qianli/zyb/radar_station/install/my_msgss/local/lib/python3.10/dist-packages/my_msgss/msg/_distpoint_s.c
[3.190s] -- Installing: /home/qianli/zyb/radar_station/install/my_msgss/local/lib/python3.10/dist-packages/my_msgss/msg/_point.py
[3.190s] -- Installing: /home/qianli/zyb/radar_station/install/my_msgss/local/lib/python3.10/dist-packages/my_msgss/msg/_points_s.c
[3.215s] Listing '/home/qianli/zyb/radar_station/install/my_msgss/local/lib/python3.10/dist-packages/my_msgss'...
[3.215s] Compiling '/home/qianli/zyb/radar_station/install/my_msgss/local/lib/python3.10/dist-packages/my_msgss/__init__.py'...
[3.215s] Listing '/home/qianli/zyb/radar_station/install/my_msgss/local/lib/python3.10/dist-packages/my_msgss/msg'...
[3.215s] Compiling '/home/qianli/zyb/radar_station/install/my_msgss/local/lib/python3.10/dist-packages/my_msgss/msg/__init__.py'...
[3.215s] Compiling '/home/qianli/zyb/radar_station/install/my_msgss/local/lib/python3.10/dist-packages/my_msgss/msg/_distpoint.py'...
[3.215s] Compiling '/home/qianli/zyb/radar_station/install/my_msgss/local/lib/python3.10/dist-packages/my_msgss/msg/_distpoints.py'...
[3.215s] Compiling '/home/qianli/zyb/radar_station/install/my_msgss/local/lib/python3.10/dist-packages/my_msgss/msg/_point.py'...
[3.215s] Compiling '/home/qianli/zyb/radar_station/install/my_msgss/local/lib/python3.10/dist-packages/my_msgss/msg/_points.py'...
[3.215s] Compiling '/home/qianli/zyb/radar_station/install/my_msgss/local/lib/python3.10/dist-packages/my_msgss/msg/_yolopoint.py'...
[3.215s] Compiling '/home/qianli/zyb/radar_station/install/my_msgss/local/lib/python3.10/dist-packages/my_msgss/msg/_yolopoints.py'...
[3.218s] -- Installing: /home/qianli/zyb/radar_station/install/my_msgss/local/lib/python3.10/dist-packages/my_msgss/my_msgss_s__rosidl_typesupport_fastrtps_c.cpython-310-x86_64-linux-gnu.so
[3.218s] -- Set runtime path of "/home/qianli/zyb/radar_station/install/my_msgss/local/lib/python3.10/dist-packages/my_msgss/my_msgss_s__rosidl_typesupport_fastrtps_c.cpython-310-x86_64-linux-gnu.so" to ""
[3.218s] -- Installing: /home/qianli/zyb/radar_station/install/my_msgss/local/lib/python3.10/dist-packages/my_msgss/my_msgss_s__rosidl_typesupport_introspection_c.cpython-310-x86_64-linux-gnu.so
[3.218s] -- Set runtime path of "/home/qianli/zyb/radar_station/install/my_msgss/local/lib/python3.10/dist-packages/my_msgss/my_msgss_s__rosidl_typesupport_introspection_c.cpython-310-x86_64-linux-gnu.so" to ""
[3.218s] -- Installing: /home/qianli/zyb/radar_station/install/my_msgss/local/lib/python3.10/dist-packages/my_msgss/my_msgss_s__rosidl_typesupport_c.cpython-310-x86_64-linux-gnu.so
[3.219s] -- Set runtime path of "/home/qianli/zyb/radar_station/install/my_msgss/local/lib/python3.10/dist-packages/my_msgss/my_msgss_s__rosidl_typesupport_c.cpython-310-x86_64-linux-gnu.so" to ""
[3.219s] -- Installing: /home/qianli/zyb/radar_station/install/my_msgss/lib/libmy_msgss__rosidl_generator_py.so
[3.219s] -- Set runtime path of "/home/qianli/zyb/radar_station/install/my_msgss/lib/libmy_msgss__rosidl_generator_py.so" to ""
[3.219s] -- Installing: /home/qianli/zyb/radar_station/install/my_msgss/share/my_msgss/msg/Yolopoint.idl
[3.219s] -- Installing: /home/qianli/zyb/radar_station/install/my_msgss/share/my_msgss/msg/Yolopoints.idl
[3.219s] -- Installing: /home/qianli/zyb/radar_station/install/my_msgss/share/my_msgss/msg/Distpoint.idl
[3.219s] -- Installing: /home/qianli/zyb/radar_station/install/my_msgss/share/my_msgss/msg/Distpoints.idl
[3.219s] -- Installing: /home/qianli/zyb/radar_station/install/my_msgss/share/my_msgss/msg/Point.idl
[3.219s] -- Installing: /home/qianli/zyb/radar_station/install/my_msgss/share/my_msgss/msg/Points.idl
[3.219s] -- Installing: /home/qianli/zyb/radar_station/install/my_msgss/share/my_msgss/msg/Yolopoint.msg
[3.219s] -- Installing: /home/qianli/zyb/radar_station/install/my_msgss/share/my_msgss/msg/Yolopoints.msg
[3.219s] -- Installing: /home/qianli/zyb/radar_station/install/my_msgss/share/my_msgss/msg/Distpoint.msg
[3.219s] -- Installing: /home/qianli/zyb/radar_station/install/my_msgss/share/my_msgss/msg/Distpoints.msg
[3.219s] -- Installing: /home/qianli/zyb/radar_station/install/my_msgss/share/my_msgss/msg/Point.msg
[3.219s] -- Installing: /home/qianli/zyb/radar_station/install/my_msgss/share/my_msgss/msg/Points.msg
[3.219s] -- Installing: /home/qianli/zyb/radar_station/install/my_msgss/share/my_msgss/launch
[3.219s] -- Installing: /home/qianli/zyb/radar_station/install/my_msgss/share/my_msgss/launch/radar_station_launch.py
[3.221s] -- Installing: /home/qianli/zyb/radar_station/install/my_msgss/share/ament_index/resource_index/package_run_dependencies/my_msgss
[3.221s] -- Installing: /home/qianli/zyb/radar_station/install/my_msgss/share/ament_index/resource_index/parent_prefix_path/my_msgss
[3.221s] -- Installing: /home/qianli/zyb/radar_station/install/my_msgss/share/my_msgss/environment/ament_prefix_path.sh
[3.221s] -- Installing: /home/qianli/zyb/radar_station/install/my_msgss/share/my_msgss/environment/ament_prefix_path.dsv
[3.221s] -- Installing: /home/qianli/zyb/radar_station/install/my_msgss/share/my_msgss/environment/path.sh
[3.221s] -- Installing: /home/qianli/zyb/radar_station/install/my_msgss/share/my_msgss/environment/path.dsv
[3.221s] -- Installing: /home/qianli/zyb/radar_station/install/my_msgss/share/my_msgss/local_setup.bash
[3.221s] -- Installing: /home/qianli/zyb/radar_station/install/my_msgss/share/my_msgss/local_setup.sh
[3.221s] -- Installing: /home/qianli/zyb/radar_station/install/my_msgss/share/my_msgss/local_setup.zsh
[3.222s] -- Installing: /home/qianli/zyb/radar_station/install/my_msgss/share/my_msgss/local_setup.dsv
[3.222s] -- Installing: /home/qianli/zyb/radar_station/install/my_msgss/share/my_msgss/package.dsv
[3.222s] -- Installing: /home/qianli/zyb/radar_station/install/my_msgss/share/ament_index/resource_index/packages/my_msgss
[3.222s] -- Installing: /home/qianli/zyb/radar_station/install/my_msgss/share/my_msgss/cmake/export_my_msgss__rosidl_generator_cExport.cmake
[3.222s] -- Installing: /home/qianli/zyb/radar_station/install/my_msgss/share/my_msgss/cmake/export_my_msgss__rosidl_generator_cExport-noconfig.cmake
[3.222s] -- Installing: /home/qianli/zyb/radar_station/install/my_msgss/share/my_msgss/cmake/export_my_msgss__rosidl_typesupport_fastrtps_cExport.cmake
[3.222s] -- Installing: /home/qianli/zyb/radar_station/install/my_msgss/share/my_msgss/cmake/export_my_msgss__rosidl_typesupport_fastrtps_cExport-noconfig.cmake
[3.222s] -- Installing: /home/qianli/zyb/radar_station/install/my_msgss/share/my_msgss/cmake/my_msgss__rosidl_typesupport_introspection_cExport.cmake
[3.222s] -- Installing: /home/qianli/zyb/radar_station/install/my_msgss/share/my_msgss/cmake/my_msgss__rosidl_typesupport_introspection_cExport-noconfig.cmake
[3.222s] -- Installing: /home/qianli/zyb/radar_station/install/my_msgss/share/my_msgss/cmake/my_msgss__rosidl_typesupport_cExport.cmake
[3.222s] -- Installing: /home/qianli/zyb/radar_station/install/my_msgss/share/my_msgss/cmake/my_msgss__rosidl_typesupport_cExport-noconfig.cmake
[3.222s] -- Installing: /home/qianli/zyb/radar_station/install/my_msgss/share/my_msgss/cmake/export_my_msgss__rosidl_generator_cppExport.cmake
[3.222s] -- Installing: /home/qianli/zyb/radar_station/install/my_msgss/share/my_msgss/cmake/export_my_msgss__rosidl_typesupport_fastrtps_cppExport.cmake
[3.222s] -- Installing: /home/qianli/zyb/radar_station/install/my_msgss/share/my_msgss/cmake/export_my_msgss__rosidl_typesupport_fastrtps_cppExport-noconfig.cmake
[3.222s] -- Installing: /home/qianli/zyb/radar_station/install/my_msgss/share/my_msgss/cmake/my_msgss__rosidl_typesupport_introspection_cppExport.cmake
[3.222s] -- Installing: /home/qianli/zyb/radar_station/install/my_msgss/share/my_msgss/cmake/my_msgss__rosidl_typesupport_introspection_cppExport-noconfig.cmake
[3.222s] -- Installing: /home/qianli/zyb/radar_station/install/my_msgss/share/my_msgss/cmake/my_msgss__rosidl_typesupport_cppExport.cmake
[3.222s] -- Installing: /home/qianli/zyb/radar_station/install/my_msgss/share/my_msgss/cmake/my_msgss__rosidl_typesupport_cppExport-noconfig.cmake
[3.222s] -- Installing: /home/qianli/zyb/radar_station/install/my_msgss/share/my_msgss/cmake/export_my_msgss__rosidl_generator_pyExport.cmake
[3.223s] -- Installing: /home/qianli/zyb/radar_station/install/my_msgss/share/my_msgss/cmake/export_my_msgss__rosidl_generator_pyExport-noconfig.cmake
[3.223s] -- Installing: /home/qianli/zyb/radar_station/install/my_msgss/share/my_msgss/cmake/rosidl_cmake-extras.cmake
[3.223s] -- Installing: /home/qianli/zyb/radar_station/install/my_msgss/share/my_msgss/cmake/ament_cmake_export_include_directories-extras.cmake
[3.223s] -- Installing: /home/qianli/zyb/radar_station/install/my_msgss/share/my_msgss/cmake/ament_cmake_export_libraries-extras.cmake
[3.223s] -- Installing: /home/qianli/zyb/radar_station/install/my_msgss/share/my_msgss/cmake/ament_cmake_export_targets-extras.cmake
[3.223s] -- Installing: /home/qianli/zyb/radar_station/install/my_msgss/share/my_msgss/cmake/rosidl_cmake_export_typesupport_targets-extras.cmake
[3.223s] -- Installing: /home/qianli/zyb/radar_station/install/my_msgss/share/my_msgss/cmake/ament_cmake_export_dependencies-extras.cmake
[3.223s] -- Installing: /home/qianli/zyb/radar_station/install/my_msgss/share/my_msgss/cmake/rosidl_cmake_export_typesupport_libraries-extras.cmake
[3.223s] -- Installing: /home/qianli/zyb/radar_station/install/my_msgss/share/my_msgss/cmake/my_msgssConfig.cmake
[3.223s] -- Installing: /home/qianli/zyb/radar_station/install/my_msgss/share/my_msgss/cmake/my_msgssConfig-version.cmake
[3.223s] -- Installing: /home/qianli/zyb/radar_station/install/my_msgss/share/my_msgss/package.xml
[3.225s] Invoked command in '/home/qianli/zyb/radar_station/build/my_msgss' returned '0': CMAKE_PREFIX_PATH=/opt/ros/humble /usr/bin/cmake --install /home/qianli/zyb/radar_station/build/my_msgss
