[0.130s] Invoking command in '/home/mechax/zyb/radar_station/build/Img_Handle': AMENT_PREFIX_PATH=/home/mechax/zyb/radar_station/install/my_msgss:${AMENT_PREFIX_PATH} CMAKE_PREFIX_PATH=/home/mechax/zyb/radar_station/install/my_msgss:/home/mechax/ws_livox/install/livox_ros2_driver:/home/mechax/ws_livox/install/livox_sdk_vendor:/home/mechax/ws_livox/install/livox_interfaces:/opt/ros/humble LD_LIBRARY_PATH=/home/mechax/zyb/radar_station/install/my_msgss/lib:${LD_LIBRARY_PATH} PYTHONPATH=/home/mechax/zyb/radar_station/install/my_msgss/local/lib/python3.10/dist-packages:${PYTHONPATH} /usr/bin/cmake --build /home/mechax/zyb/radar_station/build/Img_Handle -- -j16 -l16
[0.153s] -- Found ament_cmake: 1.3.6 (/opt/ros/humble/share/ament_cmake/cmake)
[0.308s] -- Found rclcpp: 16.0.7 (/opt/ros/humble/share/rclcpp/cmake)
[0.329s] -- Found rosidl_generator_c: 3.1.5 (/opt/ros/humble/share/rosidl_generator_c/cmake)
[0.330s] -- Found rosidl_adapter: 3.1.5 (/opt/ros/humble/share/rosidl_adapter/cmake)
[0.334s] -- Found rosidl_generator_cpp: 3.1.5 (/opt/ros/humble/share/rosidl_generator_cpp/cmake)
[0.342s] -- Using all available rosidl_typesupport_c: rosidl_typesupport_fastrtps_c;rosidl_typesupport_introspection_c
[0.352s] -- Using all available rosidl_typesupport_cpp: rosidl_typesupport_fastrtps_cpp;rosidl_typesupport_introspection_cpp
[0.390s] -- Found rmw_implementation_cmake: 6.1.1 (/opt/ros/humble/share/rmw_implementation_cmake/cmake)
[0.391s] -- Found rmw_fastrtps_cpp: 6.2.5 (/opt/ros/humble/share/rmw_fastrtps_cpp/cmake)
[0.476s] -- Using RMW implementation 'rmw_fastrtps_cpp' as default
[0.573s] -- Found sensor_msgs: 4.2.3 (/opt/ros/humble/share/sensor_msgs/cmake)
[0.651s] -- Found cv_bridge: 3.2.1 (/opt/ros/humble/share/cv_bridge/cmake)
[0.654s] -- Found my_msgss: 0.0.0 (/home/mechax/zyb/radar_station/install/my_msgss/share/my_msgss/cmake)
[0.704s] WARNING: Package name "Img_Handle" does not follow the naming conventions. It should start with a lower case letter and only contain lower case letters, digits, underscores, and dashes.
[0.713s] -- Configuring done
[0.726s] -- Generating done
[0.727s] -- Build files have been written to: /home/mechax/zyb/radar_station/build/Img_Handle
[0.758s] [35m[1mConsolidate compiler generated dependencies of target main[0m
[0.759s] [35m[1mConsolidate compiler generated dependencies of target Img_Pub[0m
[0.759s] [35m[1mConsolidate compiler generated dependencies of target Img_Sub[0m
[0.779s] [ 37%] Built target main
[0.786s] [ 62%] [32mBuilding CXX object CMakeFiles/Img_Sub.dir/src/img_sub.cpp.o[0m
[0.787s] [ 75%] Built target Img_Pub
[4.424s] [01m[K/home/mechax/zyb/radar_station/src/Img_Handle/src/img_sub.cpp:[m[K In member function ‘[01m[Kvoid Img_Sub::draw_img()[m[K’:
[4.424s] [01m[K/home/mechax/zyb/radar_station/src/Img_Handle/src/img_sub.cpp:192:20:[m[K [01;35m[Kwarning: [m[Kcomparison of integer expressions of different signedness: ‘[01m[Kint[m[K’ and ‘[01m[Kstd::vector<my_msgss::msg::Yolopoint_<std::allocator<void> >, std::allocator<my_msgss::msg::Yolopoint_<std::allocator<void> > > >::size_type[m[K’ {aka ‘[01m[Klong unsigned int[m[K’} [[01;35m[K]8;;https://gcc.gnu.org/onlinedocs/gcc/Warning-Options.html#index-Wsign-compare-Wsign-compare]8;;[m[K]
[4.424s]   192 |     for(int i =0 ;[01;35m[Ki<this->robot_boxes.data.size()[m[K;i++)
[4.424s]       |                   [01;35m[K~^~~~~~~~~~~~~~~~~~~~~~~~~~~~~~[m[K
[10.426s] [ 87%] [32m[1mLinking CXX executable Img_Sub[0m
[10.602s] /usr/bin/ld: warning: libopencv_imgcodecs.so.4.5d, needed by /opt/ros/humble/lib/libcv_bridge.so, may conflict with libopencv_imgcodecs.so.408
[10.602s] /usr/bin/ld: warning: libopencv_imgproc.so.4.5d, needed by /opt/ros/humble/lib/libcv_bridge.so, may conflict with libopencv_imgproc.so.408
[10.603s] /usr/bin/ld: warning: libopencv_core.so.4.5d, needed by /opt/ros/humble/lib/libcv_bridge.so, may conflict with libopencv_core.so.408
[10.983s] [100%] Built target Img_Sub
[10.991s] Invoked command in '/home/mechax/zyb/radar_station/build/Img_Handle' returned '0': AMENT_PREFIX_PATH=/home/mechax/zyb/radar_station/install/my_msgss:${AMENT_PREFIX_PATH} CMAKE_PREFIX_PATH=/home/mechax/zyb/radar_station/install/my_msgss:/home/mechax/ws_livox/install/livox_ros2_driver:/home/mechax/ws_livox/install/livox_sdk_vendor:/home/mechax/ws_livox/install/livox_interfaces:/opt/ros/humble LD_LIBRARY_PATH=/home/mechax/zyb/radar_station/install/my_msgss/lib:${LD_LIBRARY_PATH} PYTHONPATH=/home/mechax/zyb/radar_station/install/my_msgss/local/lib/python3.10/dist-packages:${PYTHONPATH} /usr/bin/cmake --build /home/mechax/zyb/radar_station/build/Img_Handle -- -j16 -l16
[11.013s] Invoking command in '/home/mechax/zyb/radar_station/build/Img_Handle': AMENT_PREFIX_PATH=/home/mechax/zyb/radar_station/install/my_msgss:${AMENT_PREFIX_PATH} CMAKE_PREFIX_PATH=/home/mechax/zyb/radar_station/install/my_msgss:/home/mechax/ws_livox/install/livox_ros2_driver:/home/mechax/ws_livox/install/livox_sdk_vendor:/home/mechax/ws_livox/install/livox_interfaces:/opt/ros/humble LD_LIBRARY_PATH=/home/mechax/zyb/radar_station/install/my_msgss/lib:${LD_LIBRARY_PATH} PYTHONPATH=/home/mechax/zyb/radar_station/install/my_msgss/local/lib/python3.10/dist-packages:${PYTHONPATH} /usr/bin/cmake --install /home/mechax/zyb/radar_station/build/Img_Handle
[11.020s] -- Install configuration: ""
[11.020s] -- Up-to-date: /home/mechax/zyb/radar_station/install/Img_Handle/lib/Img_Handle/Img_Pub
[11.020s] -- Installing: /home/mechax/zyb/radar_station/install/Img_Handle/lib/Img_Handle/Img_Sub
[11.023s] -- Set runtime path of "/home/mechax/zyb/radar_station/install/Img_Handle/lib/Img_Handle/Img_Sub" to ""
[11.024s] -- Up-to-date: /home/mechax/zyb/radar_station/install/Img_Handle/lib/Img_Handle/main
[11.024s] -- Up-to-date: /home/mechax/zyb/radar_station/install/Img_Handle/share/Img_Handle/launch
[11.024s] -- Installing: /home/mechax/zyb/radar_station/install/Img_Handle/share/Img_Handle/launch/img_handle_launch.py
[11.024s] -- Up-to-date: /home/mechax/zyb/radar_station/install/Img_Handle/share/ament_index/resource_index/package_run_dependencies/Img_Handle
[11.024s] -- Installing: /home/mechax/zyb/radar_station/install/Img_Handle/share/ament_index/resource_index/parent_prefix_path/Img_Handle
[11.024s] -- Installing: /home/mechax/zyb/radar_station/install/Img_Handle/share/Img_Handle/environment/ament_prefix_path.sh
[11.024s] -- Installing: /home/mechax/zyb/radar_station/install/Img_Handle/share/Img_Handle/environment/ament_prefix_path.dsv
[11.024s] -- Installing: /home/mechax/zyb/radar_station/install/Img_Handle/share/Img_Handle/environment/path.sh
[11.024s] -- Installing: /home/mechax/zyb/radar_station/install/Img_Handle/share/Img_Handle/environment/path.dsv
[11.024s] -- Up-to-date: /home/mechax/zyb/radar_station/install/Img_Handle/share/Img_Handle/local_setup.bash
[11.024s] -- Up-to-date: /home/mechax/zyb/radar_station/install/Img_Handle/share/Img_Handle/local_setup.sh
[11.024s] -- Up-to-date: /home/mechax/zyb/radar_station/install/Img_Handle/share/Img_Handle/local_setup.zsh
[11.024s] -- Installing: /home/mechax/zyb/radar_station/install/Img_Handle/share/Img_Handle/local_setup.dsv
[11.025s] -- Installing: /home/mechax/zyb/radar_station/install/Img_Handle/share/Img_Handle/package.dsv
[11.025s] -- Up-to-date: /home/mechax/zyb/radar_station/install/Img_Handle/share/ament_index/resource_index/packages/Img_Handle
[11.025s] -- Up-to-date: /home/mechax/zyb/radar_station/install/Img_Handle/share/Img_Handle/cmake/Img_HandleConfig.cmake
[11.025s] -- Up-to-date: /home/mechax/zyb/radar_station/install/Img_Handle/share/Img_Handle/cmake/Img_HandleConfig-version.cmake
[11.025s] -- Installing: /home/mechax/zyb/radar_station/install/Img_Handle/share/Img_Handle/package.xml
[11.026s] Invoked command in '/home/mechax/zyb/radar_station/build/Img_Handle' returned '0': AMENT_PREFIX_PATH=/home/mechax/zyb/radar_station/install/my_msgss:${AMENT_PREFIX_PATH} CMAKE_PREFIX_PATH=/home/mechax/zyb/radar_station/install/my_msgss:/home/mechax/ws_livox/install/livox_ros2_driver:/home/mechax/ws_livox/install/livox_sdk_vendor:/home/mechax/ws_livox/install/livox_interfaces:/opt/ros/humble LD_LIBRARY_PATH=/home/mechax/zyb/radar_station/install/my_msgss/lib:${LD_LIBRARY_PATH} PYTHONPATH=/home/mechax/zyb/radar_station/install/my_msgss/local/lib/python3.10/dist-packages:${PYTHONPATH} /usr/bin/cmake --install /home/mechax/zyb/radar_station/build/Img_Handle
