[0.031s] Invoking command in '/home/qianli/zyb/radar_station/build/Yolo_Handle': CMAKE_PREFIX_PATH=/opt/ros/humble /usr/bin/cmake /home/qianli/zyb/radar_station/src/Yolo_Handle -DCMAKE_INSTALL_PREFIX=/home/qianli/zyb/radar_station/install/Yolo_Handle
[0.063s] -- The C compiler identification is GNU 11.4.0
[0.101s] -- The CXX compiler identification is GNU 11.4.0
[0.106s] -- Detecting C compiler ABI info
[0.143s] -- Detecting C compiler ABI info - done
[0.149s] -- Check for working C compiler: /usr/bin/cc - skipped
[0.149s] -- Detecting C compile features
[0.149s] -- Detecting C compile features - done
[0.151s] -- Detecting CXX compiler ABI info
[0.195s] -- Detecting CXX compiler ABI info - done
[0.200s] -- Check for working CXX compiler: /usr/bin/c++ - skipped
[0.200s] -- Detecting CXX compile features
[0.201s] -- Detecting CXX compile features - done
[0.202s] -- Found ament_cmake: 1.3.8 (/opt/ros/humble/share/ament_cmake/cmake)
[0.297s] -- Found Python3: /usr/bin/python3 (found version "3.10.12") found components: Interpreter 
[0.349s] -- Found ament_lint_auto: 0.12.10 (/opt/ros/humble/share/ament_lint_auto/cmake)
[0.383s] WARNING: Package name "Yolo_Handle" does not follow the naming conventions. It should start with a lower case letter and only contain lower case letters, digits, underscores, and dashes.
[0.399s] -- Added test 'cppcheck' to perform static code analysis on C / C++ code
[0.399s] -- Configured cppcheck include dirs: 
[0.399s] -- Configured cppcheck exclude dirs and/or files: 
[0.399s] -- Added test 'lint_cmake' to check CMake code style
[0.400s] -- Added test 'uncrustify' to check C / C++ code style
[0.400s] -- Configured uncrustify additional arguments: 
[0.400s] -- Added test 'xmllint' to check XML markup files
[0.401s] -- Configuring done
[0.402s] -- Generating done
[0.403s] -- Build files have been written to: /home/qianli/zyb/radar_station/build/Yolo_Handle
[0.406s] Invoked command in '/home/qianli/zyb/radar_station/build/Yolo_Handle' returned '0': CMAKE_PREFIX_PATH=/opt/ros/humble /usr/bin/cmake /home/qianli/zyb/radar_station/src/Yolo_Handle -DCMAKE_INSTALL_PREFIX=/home/qianli/zyb/radar_station/install/Yolo_Handle
[0.408s] Invoking command in '/home/qianli/zyb/radar_station/build/Yolo_Handle': CMAKE_PREFIX_PATH=/opt/ros/humble /usr/bin/cmake --build /home/qianli/zyb/radar_station/build/Yolo_Handle -- -j16 -l16
[0.429s] Invoked command in '/home/qianli/zyb/radar_station/build/Yolo_Handle' returned '0': CMAKE_PREFIX_PATH=/opt/ros/humble /usr/bin/cmake --build /home/qianli/zyb/radar_station/build/Yolo_Handle -- -j16 -l16
[0.445s] Invoking command in '/home/qianli/zyb/radar_station/build/Yolo_Handle': CMAKE_PREFIX_PATH=/opt/ros/humble /usr/bin/cmake --install /home/qianli/zyb/radar_station/build/Yolo_Handle
[0.448s] -- Install configuration: ""
[0.449s] -- Installing: /home/qianli/zyb/radar_station/install/Yolo_Handle/share/ament_index/resource_index/package_run_dependencies/Yolo_Handle
[0.449s] -- Installing: /home/qianli/zyb/radar_station/install/Yolo_Handle/share/ament_index/resource_index/parent_prefix_path/Yolo_Handle
[0.449s] -- Installing: /home/qianli/zyb/radar_station/install/Yolo_Handle/share/Yolo_Handle/environment/ament_prefix_path.sh
[0.449s] -- Installing: /home/qianli/zyb/radar_station/install/Yolo_Handle/share/Yolo_Handle/environment/ament_prefix_path.dsv
[0.449s] -- Installing: /home/qianli/zyb/radar_station/install/Yolo_Handle/share/Yolo_Handle/environment/path.sh
[0.449s] -- Installing: /home/qianli/zyb/radar_station/install/Yolo_Handle/share/Yolo_Handle/environment/path.dsv
[0.449s] -- Installing: /home/qianli/zyb/radar_station/install/Yolo_Handle/share/Yolo_Handle/local_setup.bash
[0.449s] -- Installing: /home/qianli/zyb/radar_station/install/Yolo_Handle/share/Yolo_Handle/local_setup.sh
[0.449s] -- Installing: /home/qianli/zyb/radar_station/install/Yolo_Handle/share/Yolo_Handle/local_setup.zsh
[0.450s] -- Installing: /home/qianli/zyb/radar_station/install/Yolo_Handle/share/Yolo_Handle/local_setup.dsv
[0.450s] -- Installing: /home/qianli/zyb/radar_station/install/Yolo_Handle/share/Yolo_Handle/package.dsv
[0.450s] -- Installing: /home/qianli/zyb/radar_station/install/Yolo_Handle/share/ament_index/resource_index/packages/Yolo_Handle
[0.450s] -- Installing: /home/qianli/zyb/radar_station/install/Yolo_Handle/share/Yolo_Handle/cmake/Yolo_HandleConfig.cmake
[0.450s] -- Installing: /home/qianli/zyb/radar_station/install/Yolo_Handle/share/Yolo_Handle/cmake/Yolo_HandleConfig-version.cmake
[0.450s] -- Installing: /home/qianli/zyb/radar_station/install/Yolo_Handle/share/Yolo_Handle/package.xml
[0.450s] Invoked command in '/home/qianli/zyb/radar_station/build/Yolo_Handle' returned '0': CMAKE_PREFIX_PATH=/opt/ros/humble /usr/bin/cmake --install /home/qianli/zyb/radar_station/build/Yolo_Handle
