[0.059s] Invoking command in '/home/qianli/zyb/radar_station/build/get_depth': AMENT_PREFIX_PATH=/home/qianli/zyb/radar_station/install/my_msgss:${AMENT_PREFIX_PATH} CMAKE_PREFIX_PATH=/home/qianli/zyb/radar_station/install/my_msgss:/opt/ros/humble LD_LIBRARY_PATH=/home/qianli/zyb/radar_station/install/my_msgss/lib:${LD_LIBRARY_PATH} PYTHONPATH=/home/qianli/zyb/radar_station/install/my_msgss/local/lib/python3.10/dist-packages:${PYTHONPATH} /usr/bin/cmake --build /home/qianli/zyb/radar_station/build/get_depth -- -j16 -l16
[0.085s] [35m[1mConsolidate compiler generated dependencies of target get_depth_node[0m
[0.104s] [100%] Built target get_depth_node
[0.112s] Invoked command in '/home/qianli/zyb/radar_station/build/get_depth' returned '0': AMENT_PREFIX_PATH=/home/qianli/zyb/radar_station/install/my_msgss:${AMENT_PREFIX_PATH} CMAKE_PREFIX_PATH=/home/qianli/zyb/radar_station/install/my_msgss:/opt/ros/humble LD_LIBRARY_PATH=/home/qianli/zyb/radar_station/install/my_msgss/lib:${LD_LIBRARY_PATH} PYTHONPATH=/home/qianli/zyb/radar_station/install/my_msgss/local/lib/python3.10/dist-packages:${PYTHONPATH} /usr/bin/cmake --build /home/qianli/zyb/radar_station/build/get_depth -- -j16 -l16
[0.168s] Invoking command in '/home/qianli/zyb/radar_station/build/get_depth': AMENT_PREFIX_PATH=/home/qianli/zyb/radar_station/install/my_msgss:${AMENT_PREFIX_PATH} CMAKE_PREFIX_PATH=/home/qianli/zyb/radar_station/install/my_msgss:/opt/ros/humble LD_LIBRARY_PATH=/home/qianli/zyb/radar_station/install/my_msgss/lib:${LD_LIBRARY_PATH} PYTHONPATH=/home/qianli/zyb/radar_station/install/my_msgss/local/lib/python3.10/dist-packages:${PYTHONPATH} /usr/bin/cmake --install /home/qianli/zyb/radar_station/build/get_depth
[0.173s] -- Install configuration: ""
[0.173s] -- Installing: /home/qianli/zyb/radar_station/install/get_depth/lib/get_depth/get_depth_node
[0.180s] -- Set runtime path of "/home/qianli/zyb/radar_station/install/get_depth/lib/get_depth/get_depth_node" to ""
[0.180s] -- Installing: /home/qianli/zyb/radar_station/install/get_depth/share/get_depth//launch
[0.180s] -- Installing: /home/qianli/zyb/radar_station/install/get_depth/share/get_depth//launch/get_depth_launch.py
[0.181s] -- Installing: /home/qianli/zyb/radar_station/install/get_depth/share/ament_index/resource_index/package_run_dependencies/get_depth
[0.181s] -- Installing: /home/qianli/zyb/radar_station/install/get_depth/share/ament_index/resource_index/parent_prefix_path/get_depth
[0.181s] -- Installing: /home/qianli/zyb/radar_station/install/get_depth/share/get_depth/environment/ament_prefix_path.sh
[0.181s] -- Installing: /home/qianli/zyb/radar_station/install/get_depth/share/get_depth/environment/ament_prefix_path.dsv
[0.181s] -- Installing: /home/qianli/zyb/radar_station/install/get_depth/share/get_depth/environment/path.sh
[0.181s] -- Installing: /home/qianli/zyb/radar_station/install/get_depth/share/get_depth/environment/path.dsv
[0.182s] -- Installing: /home/qianli/zyb/radar_station/install/get_depth/share/get_depth/local_setup.bash
[0.182s] -- Installing: /home/qianli/zyb/radar_station/install/get_depth/share/get_depth/local_setup.sh
[0.182s] -- Installing: /home/qianli/zyb/radar_station/install/get_depth/share/get_depth/local_setup.zsh
[0.182s] -- Installing: /home/qianli/zyb/radar_station/install/get_depth/share/get_depth/local_setup.dsv
[0.182s] -- Installing: /home/qianli/zyb/radar_station/install/get_depth/share/get_depth/package.dsv
[0.183s] -- Installing: /home/qianli/zyb/radar_station/install/get_depth/share/ament_index/resource_index/packages/get_depth
[0.183s] -- Installing: /home/qianli/zyb/radar_station/install/get_depth/share/get_depth/cmake/get_depthConfig.cmake
[0.183s] -- Installing: /home/qianli/zyb/radar_station/install/get_depth/share/get_depth/cmake/get_depthConfig-version.cmake
[0.183s] -- Installing: /home/qianli/zyb/radar_station/install/get_depth/share/get_depth/package.xml
[0.254s] Invoked command in '/home/qianli/zyb/radar_station/build/get_depth' returned '0': AMENT_PREFIX_PATH=/home/qianli/zyb/radar_station/install/my_msgss:${AMENT_PREFIX_PATH} CMAKE_PREFIX_PATH=/home/qianli/zyb/radar_station/install/my_msgss:/opt/ros/humble LD_LIBRARY_PATH=/home/qianli/zyb/radar_station/install/my_msgss/lib:${LD_LIBRARY_PATH} PYTHONPATH=/home/qianli/zyb/radar_station/install/my_msgss/local/lib/python3.10/dist-packages:${PYTHONPATH} /usr/bin/cmake --install /home/qianli/zyb/radar_station/build/get_depth
