-- Found ament_cmake: 1.3.6 (/opt/ros/humble/share/ament_cmake/cmake)
-- Found rosidl_default_generators: 1.2.0 (/opt/ros/humble/share/rosidl_default_generators/cmake)
-- Using all available rosidl_typesupport_c: rosidl_typesupport_fastrtps_c;rosidl_typesupport_introspection_c
-- Found rosidl_adapter: 3.1.5 (/opt/ros/humble/share/rosidl_adapter/cmake)
-- Using all available rosidl_typesupport_cpp: rosidl_typesupport_fastrtps_cpp;rosidl_typesupport_introspection_cpp
-- Found ament_cmake_ros: 0.10.0 (/opt/ros/humble/share/ament_cmake_ros/cmake)
-- Using all available rosidl_typesupport_c: rosidl_typesupport_fastrtps_c;rosidl_typesupport_introspection_c
-- Using all available rosidl_typesupport_cpp: rosidl_typesupport_fastrtps_cpp;rosidl_typesupport_introspection_cpp
-- Found python_cmake_module: 0.10.0 (/opt/ros/humble/share/python_cmake_module/cmake)
-- Using PYTHON_EXECUTABLE: /usr/bin/python3
-- Using PYTHON_INCLUDE_DIRS: /usr/include/python3.10
-- Using PYTHON_LIBRARIES: /usr/lib/x86_64-linux-gnu/libpython3.10.so
-- Found ament_lint_auto: 0.12.9 (/opt/ros/humble/share/ament_lint_auto/cmake)
-- Added test 'flake8' to check Python code syntax and style conventions
-- Added test 'lint_cmake' to check CMake code style
-- Added test 'pep257' to check Python code against some of the docstring style conventions in PEP 257
-- Added test 'xmllint' to check XML markup files
-- Configuring done
-- Generating done
-- Build files have been written to: /home/mechax/zyb/radar_station/build/my_msgss
[35m[1mConsolidate compiler generated dependencies of target my_msgss__rosidl_generator_c[0m
[  1%] Built target my_msgss__cpp
[  5%] [32mBuilding C object CMakeFiles/my_msgss__rosidl_generator_c.dir/rosidl_generator_c/my_msgss/msg/detail/yolopoints__functions.c.o[0m
[  5%] [32mBuilding C object CMakeFiles/my_msgss__rosidl_generator_c.dir/rosidl_generator_c/my_msgss/msg/detail/distpoint__functions.c.o[0m
[  5%] [32mBuilding C object CMakeFiles/my_msgss__rosidl_generator_c.dir/rosidl_generator_c/my_msgss/msg/detail/yolopoint__functions.c.o[0m
[  7%] [32mBuilding C object CMakeFiles/my_msgss__rosidl_generator_c.dir/rosidl_generator_c/my_msgss/msg/detail/distpoints__functions.c.o[0m
[  8%] [32mBuilding C object CMakeFiles/my_msgss__rosidl_generator_c.dir/rosidl_generator_c/my_msgss/msg/detail/point__functions.c.o[0m
[  9%] [32mBuilding C object CMakeFiles/my_msgss__rosidl_generator_c.dir/rosidl_generator_c/my_msgss/msg/detail/points__functions.c.o[0m
[35m[1mConsolidate compiler generated dependencies of target my_msgss__rosidl_typesupport_cpp[0m
[35m[1mConsolidate compiler generated dependencies of target my_msgss__rosidl_typesupport_introspection_cpp[0m
[  9%] Built target ament_cmake_python_copy_my_msgss
[35m[1mConsolidate compiler generated dependencies of target my_msgss__rosidl_typesupport_fastrtps_cpp[0m
[ 12%] [32mBuilding CXX object CMakeFiles/my_msgss__rosidl_typesupport_cpp.dir/rosidl_typesupport_cpp/my_msgss/msg/yolopoint__type_support.cpp.o[0m
[ 14%] [32mBuilding CXX object CMakeFiles/my_msgss__rosidl_typesupport_cpp.dir/rosidl_typesupport_cpp/my_msgss/msg/point__type_support.cpp.o[0m
[ 14%] [32mBuilding CXX object CMakeFiles/my_msgss__rosidl_typesupport_cpp.dir/rosidl_typesupport_cpp/my_msgss/msg/distpoints__type_support.cpp.o[0m
[ 15%] [32mBuilding CXX object CMakeFiles/my_msgss__rosidl_typesupport_cpp.dir/rosidl_typesupport_cpp/my_msgss/msg/distpoint__type_support.cpp.o[0m
[ 16%] [32mBuilding CXX object CMakeFiles/my_msgss__rosidl_typesupport_cpp.dir/rosidl_typesupport_cpp/my_msgss/msg/points__type_support.cpp.o[0m
[ 21%] [32mBuilding CXX object CMakeFiles/my_msgss__rosidl_typesupport_introspection_cpp.dir/rosidl_typesupport_introspection_cpp/my_msgss/msg/detail/yolopoint__type_support.cpp.o[0m
[ 21%] [32mBuilding CXX object CMakeFiles/my_msgss__rosidl_typesupport_cpp.dir/rosidl_typesupport_cpp/my_msgss/msg/yolopoints__type_support.cpp.o[0m
[ 21%] [32mBuilding CXX object CMakeFiles/my_msgss__rosidl_typesupport_introspection_cpp.dir/rosidl_typesupport_introspection_cpp/my_msgss/msg/detail/yolopoints__type_support.cpp.o[0m
[ 22%] [32mBuilding CXX object CMakeFiles/my_msgss__rosidl_typesupport_fastrtps_cpp.dir/rosidl_typesupport_fastrtps_cpp/my_msgss/msg/detail/dds_fastrtps/yolopoint__type_support.cpp.o[0m
[ 23%] [32mBuilding CXX object CMakeFiles/my_msgss__rosidl_typesupport_introspection_cpp.dir/rosidl_typesupport_introspection_cpp/my_msgss/msg/detail/distpoint__type_support.cpp.o[0m
[ 26%] [32mBuilding CXX object CMakeFiles/my_msgss__rosidl_typesupport_introspection_cpp.dir/rosidl_typesupport_introspection_cpp/my_msgss/msg/detail/distpoints__type_support.cpp.o[0m
[ 26%] [32mBuilding CXX object CMakeFiles/my_msgss__rosidl_typesupport_fastrtps_cpp.dir/rosidl_typesupport_fastrtps_cpp/my_msgss/msg/detail/dds_fastrtps/yolopoints__type_support.cpp.o[0m
[ 28%] [32mBuilding CXX object CMakeFiles/my_msgss__rosidl_typesupport_introspection_cpp.dir/rosidl_typesupport_introspection_cpp/my_msgss/msg/detail/point__type_support.cpp.o[0m
[ 29%] [32mBuilding CXX object CMakeFiles/my_msgss__rosidl_typesupport_fastrtps_cpp.dir/rosidl_typesupport_fastrtps_cpp/my_msgss/msg/detail/dds_fastrtps/distpoint__type_support.cpp.o[0m
[ 30%] [32m[1mLinking C shared library libmy_msgss__rosidl_generator_c.so[0m
[ 33%] [32mBuilding CXX object CMakeFiles/my_msgss__rosidl_typesupport_introspection_cpp.dir/rosidl_typesupport_introspection_cpp/my_msgss/msg/detail/points__type_support.cpp.o[0m
[ 33%] Built target my_msgss__rosidl_generator_c
[ 35%] [32mBuilding CXX object CMakeFiles/my_msgss__rosidl_typesupport_fastrtps_cpp.dir/rosidl_typesupport_fastrtps_cpp/my_msgss/msg/detail/dds_fastrtps/distpoints__type_support.cpp.o[0m
running egg_info
writing my_msgss.egg-info/PKG-INFO
writing dependency_links to my_msgss.egg-info/dependency_links.txt
writing top-level names to my_msgss.egg-info/top_level.txt
reading manifest file 'my_msgss.egg-info/SOURCES.txt'
writing manifest file 'my_msgss.egg-info/SOURCES.txt'
[35m[1mConsolidate compiler generated dependencies of target my_msgss__rosidl_typesupport_fastrtps_c[0m
[ 36%] [32mBuilding CXX object CMakeFiles/my_msgss__rosidl_typesupport_fastrtps_cpp.dir/rosidl_typesupport_fastrtps_cpp/my_msgss/msg/detail/dds_fastrtps/point__type_support.cpp.o[0m
[ 38%] [32mBuilding CXX object CMakeFiles/my_msgss__rosidl_typesupport_fastrtps_c.dir/rosidl_typesupport_fastrtps_c/my_msgss/msg/detail/yolopoint__type_support_c.cpp.o[0m
[ 39%] [32mBuilding CXX object CMakeFiles/my_msgss__rosidl_typesupport_fastrtps_c.dir/rosidl_typesupport_fastrtps_c/my_msgss/msg/detail/yolopoints__type_support_c.cpp.o[0m
[ 40%] [32mBuilding CXX object CMakeFiles/my_msgss__rosidl_typesupport_fastrtps_c.dir/rosidl_typesupport_fastrtps_c/my_msgss/msg/detail/distpoint__type_support_c.cpp.o[0m
[ 40%] Built target ament_cmake_python_build_my_msgss_egg
[ 42%] [32m[1mLinking CXX shared library libmy_msgss__rosidl_typesupport_cpp.so[0m
[35m[1mConsolidate compiler generated dependencies of target my_msgss__rosidl_typesupport_introspection_c[0m
[ 43%] [32mBuilding C object CMakeFiles/my_msgss__rosidl_typesupport_introspection_c.dir/rosidl_typesupport_introspection_c/my_msgss/msg/detail/yolopoint__type_support.c.o[0m
[ 45%] Built target my_msgss__rosidl_typesupport_cpp
[ 46%] [32mBuilding CXX object CMakeFiles/my_msgss__rosidl_typesupport_fastrtps_c.dir/rosidl_typesupport_fastrtps_c/my_msgss/msg/detail/distpoints__type_support_c.cpp.o[0m
[35m[1mConsolidate compiler generated dependencies of target my_msgss__rosidl_typesupport_c[0m
[ 47%] [32mBuilding CXX object CMakeFiles/my_msgss__rosidl_typesupport_fastrtps_c.dir/rosidl_typesupport_fastrtps_c/my_msgss/msg/detail/point__type_support_c.cpp.o[0m
[ 49%] [32mBuilding CXX object CMakeFiles/my_msgss__rosidl_typesupport_fastrtps_cpp.dir/rosidl_typesupport_fastrtps_cpp/my_msgss/msg/detail/dds_fastrtps/points__type_support.cpp.o[0m
[ 50%] [32mBuilding C object CMakeFiles/my_msgss__rosidl_typesupport_introspection_c.dir/rosidl_typesupport_introspection_c/my_msgss/msg/detail/distpoint__type_support.c.o[0m
[ 52%] [32mBuilding CXX object CMakeFiles/my_msgss__rosidl_typesupport_c.dir/rosidl_typesupport_c/my_msgss/msg/yolopoint__type_support.cpp.o[0m
[ 53%] [32mBuilding C object CMakeFiles/my_msgss__rosidl_typesupport_introspection_c.dir/rosidl_typesupport_introspection_c/my_msgss/msg/detail/yolopoints__type_support.c.o[0m
[ 54%] [32mBuilding C object CMakeFiles/my_msgss__rosidl_typesupport_introspection_c.dir/rosidl_typesupport_introspection_c/my_msgss/msg/detail/distpoints__type_support.c.o[0m
[ 56%] [32mBuilding CXX object CMakeFiles/my_msgss__rosidl_typesupport_c.dir/rosidl_typesupport_c/my_msgss/msg/yolopoints__type_support.cpp.o[0m
[ 57%] [32mBuilding CXX object CMakeFiles/my_msgss__rosidl_typesupport_c.dir/rosidl_typesupport_c/my_msgss/msg/distpoint__type_support.cpp.o[0m
[ 60%] [32mBuilding C object CMakeFiles/my_msgss__rosidl_typesupport_introspection_c.dir/rosidl_typesupport_introspection_c/my_msgss/msg/detail/point__type_support.c.o[0m
[ 61%] [32mBuilding CXX object CMakeFiles/my_msgss__rosidl_typesupport_c.dir/rosidl_typesupport_c/my_msgss/msg/distpoints__type_support.cpp.o[0m
[ 61%] [32mBuilding CXX object CMakeFiles/my_msgss__rosidl_typesupport_fastrtps_c.dir/rosidl_typesupport_fastrtps_c/my_msgss/msg/detail/points__type_support_c.cpp.o[0m
[ 63%] [32mBuilding C object CMakeFiles/my_msgss__rosidl_typesupport_introspection_c.dir/rosidl_typesupport_introspection_c/my_msgss/msg/detail/points__type_support.c.o[0m
[ 64%] [32mBuilding CXX object CMakeFiles/my_msgss__rosidl_typesupport_c.dir/rosidl_typesupport_c/my_msgss/msg/points__type_support.cpp.o[0m
[ 66%] [32mBuilding CXX object CMakeFiles/my_msgss__rosidl_typesupport_c.dir/rosidl_typesupport_c/my_msgss/msg/point__type_support.cpp.o[0m
[ 69%] [32m[1mLinking CXX shared library libmy_msgss__rosidl_typesupport_c.so[0m
[ 69%] [32m[1mLinking C shared library libmy_msgss__rosidl_typesupport_introspection_c.so[0m
[ 70%] [32m[1mLinking CXX shared library libmy_msgss__rosidl_typesupport_introspection_cpp.so[0m
[ 71%] Built target my_msgss__rosidl_typesupport_introspection_c
[ 73%] Built target my_msgss__rosidl_typesupport_c
[ 74%] Built target my_msgss__rosidl_typesupport_introspection_cpp
[ 76%] [32m[1mLinking CXX shared library libmy_msgss__rosidl_typesupport_fastrtps_cpp.so[0m
[ 77%] Built target my_msgss__rosidl_typesupport_fastrtps_cpp
[ 78%] [32m[1mLinking CXX shared library libmy_msgss__rosidl_typesupport_fastrtps_c.so[0m
[ 80%] Built target my_msgss__rosidl_typesupport_fastrtps_c
[ 80%] Built target my_msgss
[ 81%] Built target my_msgss__py
[35m[1mConsolidate compiler generated dependencies of target my_msgss__rosidl_generator_py[0m
[ 84%] [32mBuilding C object CMakeFiles/my_msgss__rosidl_generator_py.dir/rosidl_generator_py/my_msgss/msg/_yolopoint_s.c.o[0m
[ 84%] [32mBuilding C object CMakeFiles/my_msgss__rosidl_generator_py.dir/rosidl_generator_py/my_msgss/msg/_distpoint_s.c.o[0m
[ 88%] [32mBuilding C object CMakeFiles/my_msgss__rosidl_generator_py.dir/rosidl_generator_py/my_msgss/msg/_yolopoints_s.c.o[0m
[ 88%] [32mBuilding C object CMakeFiles/my_msgss__rosidl_generator_py.dir/rosidl_generator_py/my_msgss/msg/_point_s.c.o[0m
[ 88%] [32mBuilding C object CMakeFiles/my_msgss__rosidl_generator_py.dir/rosidl_generator_py/my_msgss/msg/_distpoints_s.c.o[0m
[ 90%] [32mBuilding C object CMakeFiles/my_msgss__rosidl_generator_py.dir/rosidl_generator_py/my_msgss/msg/_points_s.c.o[0m
[ 91%] [32m[1mLinking C shared library rosidl_generator_py/my_msgss/libmy_msgss__rosidl_generator_py.so[0m
[ 91%] Built target my_msgss__rosidl_generator_py
[35m[1mConsolidate compiler generated dependencies of target my_msgss__rosidl_typesupport_introspection_c__pyext[0m
[35m[1mConsolidate compiler generated dependencies of target my_msgss__rosidl_typesupport_c__pyext[0m
[35m[1mConsolidate compiler generated dependencies of target my_msgss__rosidl_typesupport_fastrtps_c__pyext[0m
[ 94%] [32mBuilding C object CMakeFiles/my_msgss__rosidl_typesupport_introspection_c__pyext.dir/rosidl_generator_py/my_msgss/_my_msgss_s.ep.rosidl_typesupport_introspection_c.c.o[0m
[ 94%] [32mBuilding C object CMakeFiles/my_msgss__rosidl_typesupport_fastrtps_c__pyext.dir/rosidl_generator_py/my_msgss/_my_msgss_s.ep.rosidl_typesupport_fastrtps_c.c.o[0m
[ 95%] [32mBuilding C object CMakeFiles/my_msgss__rosidl_typesupport_c__pyext.dir/rosidl_generator_py/my_msgss/_my_msgss_s.ep.rosidl_typesupport_c.c.o[0m
[ 97%] [32m[1mLinking C shared library rosidl_generator_py/my_msgss/my_msgss_s__rosidl_typesupport_introspection_c.cpython-310-x86_64-linux-gnu.so[0m
[ 98%] [32m[1mLinking C shared library rosidl_generator_py/my_msgss/my_msgss_s__rosidl_typesupport_fastrtps_c.cpython-310-x86_64-linux-gnu.so[0m
[100%] [32m[1mLinking C shared library rosidl_generator_py/my_msgss/my_msgss_s__rosidl_typesupport_c.cpython-310-x86_64-linux-gnu.so[0m
[100%] Built target my_msgss__rosidl_typesupport_introspection_c__pyext
[100%] Built target my_msgss__rosidl_typesupport_fastrtps_c__pyext
[100%] Built target my_msgss__rosidl_typesupport_c__pyext
-- Install configuration: ""
-- Up-to-date: /home/mechax/zyb/radar_station/install/my_msgss/share/ament_index/resource_index/rosidl_interfaces/my_msgss
-- Up-to-date: /home/mechax/zyb/radar_station/install/my_msgss/include/my_msgss/my_msgss
-- Up-to-date: /home/mechax/zyb/radar_station/install/my_msgss/include/my_msgss/my_msgss/msg
-- Up-to-date: /home/mechax/zyb/radar_station/install/my_msgss/include/my_msgss/my_msgss/msg/yolopoints.h
-- Up-to-date: /home/mechax/zyb/radar_station/install/my_msgss/include/my_msgss/my_msgss/msg/distpoint.h
-- Up-to-date: /home/mechax/zyb/radar_station/install/my_msgss/include/my_msgss/my_msgss/msg/detail
-- Up-to-date: /home/mechax/zyb/radar_station/install/my_msgss/include/my_msgss/my_msgss/msg/detail/distpoints__struct.h
-- Up-to-date: /home/mechax/zyb/radar_station/install/my_msgss/include/my_msgss/my_msgss/msg/detail/point__functions.c
-- Up-to-date: /home/mechax/zyb/radar_station/install/my_msgss/include/my_msgss/my_msgss/msg/detail/points__functions.c
-- Up-to-date: /home/mechax/zyb/radar_station/install/my_msgss/include/my_msgss/my_msgss/msg/detail/distpoint__type_support.h
-- Up-to-date: /home/mechax/zyb/radar_station/install/my_msgss/include/my_msgss/my_msgss/msg/detail/points__struct.h
-- Up-to-date: /home/mechax/zyb/radar_station/install/my_msgss/include/my_msgss/my_msgss/msg/detail/point__struct.h
-- Up-to-date: /home/mechax/zyb/radar_station/install/my_msgss/include/my_msgss/my_msgss/msg/detail/distpoint__functions.c
-- Up-to-date: /home/mechax/zyb/radar_station/install/my_msgss/include/my_msgss/my_msgss/msg/detail/yolopoint__struct.h
-- Up-to-date: /home/mechax/zyb/radar_station/install/my_msgss/include/my_msgss/my_msgss/msg/detail/points__type_support.h
-- Up-to-date: /home/mechax/zyb/radar_station/install/my_msgss/include/my_msgss/my_msgss/msg/detail/distpoint__struct.h
-- Up-to-date: /home/mechax/zyb/radar_station/install/my_msgss/include/my_msgss/my_msgss/msg/detail/yolopoints__functions.c
-- Up-to-date: /home/mechax/zyb/radar_station/install/my_msgss/include/my_msgss/my_msgss/msg/detail/yolopoints__struct.h
-- Up-to-date: /home/mechax/zyb/radar_station/install/my_msgss/include/my_msgss/my_msgss/msg/detail/yolopoint__functions.c
-- Up-to-date: /home/mechax/zyb/radar_station/install/my_msgss/include/my_msgss/my_msgss/msg/detail/distpoints__functions.h
-- Up-to-date: /home/mechax/zyb/radar_station/install/my_msgss/include/my_msgss/my_msgss/msg/detail/yolopoints__type_support.h
-- Up-to-date: /home/mechax/zyb/radar_station/install/my_msgss/include/my_msgss/my_msgss/msg/detail/yolopoints__functions.h
-- Up-to-date: /home/mechax/zyb/radar_station/install/my_msgss/include/my_msgss/my_msgss/msg/detail/distpoints__functions.c
-- Up-to-date: /home/mechax/zyb/radar_station/install/my_msgss/include/my_msgss/my_msgss/msg/detail/yolopoint__type_support.h
-- Up-to-date: /home/mechax/zyb/radar_station/install/my_msgss/include/my_msgss/my_msgss/msg/detail/yolopoint__functions.h
-- Up-to-date: /home/mechax/zyb/radar_station/install/my_msgss/include/my_msgss/my_msgss/msg/detail/points__functions.h
-- Up-to-date: /home/mechax/zyb/radar_station/install/my_msgss/include/my_msgss/my_msgss/msg/detail/point__type_support.h
-- Up-to-date: /home/mechax/zyb/radar_station/install/my_msgss/include/my_msgss/my_msgss/msg/detail/distpoints__type_support.h
-- Up-to-date: /home/mechax/zyb/radar_station/install/my_msgss/include/my_msgss/my_msgss/msg/detail/point__functions.h
-- Up-to-date: /home/mechax/zyb/radar_station/install/my_msgss/include/my_msgss/my_msgss/msg/detail/distpoint__functions.h
-- Up-to-date: /home/mechax/zyb/radar_station/install/my_msgss/include/my_msgss/my_msgss/msg/rosidl_generator_c__visibility_control.h
-- Up-to-date: /home/mechax/zyb/radar_station/install/my_msgss/include/my_msgss/my_msgss/msg/distpoints.h
-- Up-to-date: /home/mechax/zyb/radar_station/install/my_msgss/include/my_msgss/my_msgss/msg/yolopoint.h
-- Up-to-date: /home/mechax/zyb/radar_station/install/my_msgss/include/my_msgss/my_msgss/msg/point.h
-- Up-to-date: /home/mechax/zyb/radar_station/install/my_msgss/include/my_msgss/my_msgss/msg/points.h
-- Installing: /home/mechax/zyb/radar_station/install/my_msgss/share/my_msgss/environment/library_path.sh
-- Installing: /home/mechax/zyb/radar_station/install/my_msgss/share/my_msgss/environment/library_path.dsv
-- Installing: /home/mechax/zyb/radar_station/install/my_msgss/lib/libmy_msgss__rosidl_generator_c.so
-- Set runtime path of "/home/mechax/zyb/radar_station/install/my_msgss/lib/libmy_msgss__rosidl_generator_c.so" to ""
-- Up-to-date: /home/mechax/zyb/radar_station/install/my_msgss/include/my_msgss/my_msgss
-- Up-to-date: /home/mechax/zyb/radar_station/install/my_msgss/include/my_msgss/my_msgss/msg
-- Up-to-date: /home/mechax/zyb/radar_station/install/my_msgss/include/my_msgss/my_msgss/msg/detail
-- Up-to-date: /home/mechax/zyb/radar_station/install/my_msgss/include/my_msgss/my_msgss/msg/detail/distpoints__rosidl_typesupport_fastrtps_c.h
-- Up-to-date: /home/mechax/zyb/radar_station/install/my_msgss/include/my_msgss/my_msgss/msg/detail/yolopoint__rosidl_typesupport_fastrtps_c.h
-- Up-to-date: /home/mechax/zyb/radar_station/install/my_msgss/include/my_msgss/my_msgss/msg/detail/point__rosidl_typesupport_fastrtps_c.h
-- Up-to-date: /home/mechax/zyb/radar_station/install/my_msgss/include/my_msgss/my_msgss/msg/detail/yolopoints__rosidl_typesupport_fastrtps_c.h
-- Up-to-date: /home/mechax/zyb/radar_station/install/my_msgss/include/my_msgss/my_msgss/msg/detail/points__rosidl_typesupport_fastrtps_c.h
-- Up-to-date: /home/mechax/zyb/radar_station/install/my_msgss/include/my_msgss/my_msgss/msg/detail/distpoint__rosidl_typesupport_fastrtps_c.h
-- Up-to-date: /home/mechax/zyb/radar_station/install/my_msgss/include/my_msgss/my_msgss/msg/rosidl_typesupport_fastrtps_c__visibility_control.h
-- Installing: /home/mechax/zyb/radar_station/install/my_msgss/lib/libmy_msgss__rosidl_typesupport_fastrtps_c.so
-- Set runtime path of "/home/mechax/zyb/radar_station/install/my_msgss/lib/libmy_msgss__rosidl_typesupport_fastrtps_c.so" to ""
-- Up-to-date: /home/mechax/zyb/radar_station/install/my_msgss/include/my_msgss/my_msgss
-- Up-to-date: /home/mechax/zyb/radar_station/install/my_msgss/include/my_msgss/my_msgss/msg
-- Up-to-date: /home/mechax/zyb/radar_station/install/my_msgss/include/my_msgss/my_msgss/msg/rosidl_typesupport_introspection_c__visibility_control.h
-- Up-to-date: /home/mechax/zyb/radar_station/install/my_msgss/include/my_msgss/my_msgss/msg/detail
-- Up-to-date: /home/mechax/zyb/radar_station/install/my_msgss/include/my_msgss/my_msgss/msg/detail/distpoints__rosidl_typesupport_introspection_c.h
-- Up-to-date: /home/mechax/zyb/radar_station/install/my_msgss/include/my_msgss/my_msgss/msg/detail/points__type_support.c
-- Up-to-date: /home/mechax/zyb/radar_station/install/my_msgss/include/my_msgss/my_msgss/msg/detail/points__rosidl_typesupport_introspection_c.h
-- Up-to-date: /home/mechax/zyb/radar_station/install/my_msgss/include/my_msgss/my_msgss/msg/detail/distpoint__rosidl_typesupport_introspection_c.h
-- Up-to-date: /home/mechax/zyb/radar_station/install/my_msgss/include/my_msgss/my_msgss/msg/detail/point__rosidl_typesupport_introspection_c.h
-- Up-to-date: /home/mechax/zyb/radar_station/install/my_msgss/include/my_msgss/my_msgss/msg/detail/distpoint__type_support.c
-- Up-to-date: /home/mechax/zyb/radar_station/install/my_msgss/include/my_msgss/my_msgss/msg/detail/yolopoints__type_support.c
-- Up-to-date: /home/mechax/zyb/radar_station/install/my_msgss/include/my_msgss/my_msgss/msg/detail/yolopoint__type_support.c
-- Up-to-date: /home/mechax/zyb/radar_station/install/my_msgss/include/my_msgss/my_msgss/msg/detail/yolopoints__rosidl_typesupport_introspection_c.h
-- Up-to-date: /home/mechax/zyb/radar_station/install/my_msgss/include/my_msgss/my_msgss/msg/detail/distpoints__type_support.c
-- Up-to-date: /home/mechax/zyb/radar_station/install/my_msgss/include/my_msgss/my_msgss/msg/detail/point__type_support.c
-- Up-to-date: /home/mechax/zyb/radar_station/install/my_msgss/include/my_msgss/my_msgss/msg/detail/yolopoint__rosidl_typesupport_introspection_c.h
-- Installing: /home/mechax/zyb/radar_station/install/my_msgss/lib/libmy_msgss__rosidl_typesupport_introspection_c.so
-- Set runtime path of "/home/mechax/zyb/radar_station/install/my_msgss/lib/libmy_msgss__rosidl_typesupport_introspection_c.so" to ""
-- Installing: /home/mechax/zyb/radar_station/install/my_msgss/lib/libmy_msgss__rosidl_typesupport_c.so
-- Set runtime path of "/home/mechax/zyb/radar_station/install/my_msgss/lib/libmy_msgss__rosidl_typesupport_c.so" to ""
-- Up-to-date: /home/mechax/zyb/radar_station/install/my_msgss/include/my_msgss/my_msgss
-- Up-to-date: /home/mechax/zyb/radar_station/install/my_msgss/include/my_msgss/my_msgss/msg
-- Up-to-date: /home/mechax/zyb/radar_station/install/my_msgss/include/my_msgss/my_msgss/msg/distpoints.hpp
-- Up-to-date: /home/mechax/zyb/radar_station/install/my_msgss/include/my_msgss/my_msgss/msg/detail
-- Up-to-date: /home/mechax/zyb/radar_station/install/my_msgss/include/my_msgss/my_msgss/msg/detail/point__traits.hpp
-- Up-to-date: /home/mechax/zyb/radar_station/install/my_msgss/include/my_msgss/my_msgss/msg/detail/point__struct.hpp
-- Up-to-date: /home/mechax/zyb/radar_station/install/my_msgss/include/my_msgss/my_msgss/msg/detail/distpoint__traits.hpp
-- Up-to-date: /home/mechax/zyb/radar_station/install/my_msgss/include/my_msgss/my_msgss/msg/detail/points__struct.hpp
-- Up-to-date: /home/mechax/zyb/radar_station/install/my_msgss/include/my_msgss/my_msgss/msg/detail/distpoints__builder.hpp
-- Up-to-date: /home/mechax/zyb/radar_station/install/my_msgss/include/my_msgss/my_msgss/msg/detail/yolopoints__traits.hpp
-- Up-to-date: /home/mechax/zyb/radar_station/install/my_msgss/include/my_msgss/my_msgss/msg/detail/distpoint__builder.hpp
-- Up-to-date: /home/mechax/zyb/radar_station/install/my_msgss/include/my_msgss/my_msgss/msg/detail/distpoints__traits.hpp
-- Up-to-date: /home/mechax/zyb/radar_station/install/my_msgss/include/my_msgss/my_msgss/msg/detail/points__builder.hpp
-- Up-to-date: /home/mechax/zyb/radar_station/install/my_msgss/include/my_msgss/my_msgss/msg/detail/yolopoint__traits.hpp
-- Up-to-date: /home/mechax/zyb/radar_station/install/my_msgss/include/my_msgss/my_msgss/msg/detail/points__traits.hpp
-- Up-to-date: /home/mechax/zyb/radar_station/install/my_msgss/include/my_msgss/my_msgss/msg/detail/yolopoint__builder.hpp
-- Up-to-date: /home/mechax/zyb/radar_station/install/my_msgss/include/my_msgss/my_msgss/msg/detail/yolopoints__struct.hpp
-- Up-to-date: /home/mechax/zyb/radar_station/install/my_msgss/include/my_msgss/my_msgss/msg/detail/distpoints__struct.hpp
-- Up-to-date: /home/mechax/zyb/radar_station/install/my_msgss/include/my_msgss/my_msgss/msg/detail/yolopoints__builder.hpp
-- Up-to-date: /home/mechax/zyb/radar_station/install/my_msgss/include/my_msgss/my_msgss/msg/detail/yolopoint__struct.hpp
-- Up-to-date: /home/mechax/zyb/radar_station/install/my_msgss/include/my_msgss/my_msgss/msg/detail/point__builder.hpp
-- Up-to-date: /home/mechax/zyb/radar_station/install/my_msgss/include/my_msgss/my_msgss/msg/detail/distpoint__struct.hpp
-- Up-to-date: /home/mechax/zyb/radar_station/install/my_msgss/include/my_msgss/my_msgss/msg/distpoint.hpp
-- Up-to-date: /home/mechax/zyb/radar_station/install/my_msgss/include/my_msgss/my_msgss/msg/yolopoint.hpp
-- Up-to-date: /home/mechax/zyb/radar_station/install/my_msgss/include/my_msgss/my_msgss/msg/yolopoints.hpp
-- Up-to-date: /home/mechax/zyb/radar_station/install/my_msgss/include/my_msgss/my_msgss/msg/point.hpp
-- Up-to-date: /home/mechax/zyb/radar_station/install/my_msgss/include/my_msgss/my_msgss/msg/points.hpp
-- Up-to-date: /home/mechax/zyb/radar_station/install/my_msgss/include/my_msgss/my_msgss
-- Up-to-date: /home/mechax/zyb/radar_station/install/my_msgss/include/my_msgss/my_msgss/msg
-- Up-to-date: /home/mechax/zyb/radar_station/install/my_msgss/include/my_msgss/my_msgss/msg/detail
-- Up-to-date: /home/mechax/zyb/radar_station/install/my_msgss/include/my_msgss/my_msgss/msg/detail/point__rosidl_typesupport_fastrtps_cpp.hpp
-- Up-to-date: /home/mechax/zyb/radar_station/install/my_msgss/include/my_msgss/my_msgss/msg/detail/yolopoints__rosidl_typesupport_fastrtps_cpp.hpp
-- Up-to-date: /home/mechax/zyb/radar_station/install/my_msgss/include/my_msgss/my_msgss/msg/detail/distpoint__rosidl_typesupport_fastrtps_cpp.hpp
-- Up-to-date: /home/mechax/zyb/radar_station/install/my_msgss/include/my_msgss/my_msgss/msg/detail/points__rosidl_typesupport_fastrtps_cpp.hpp
-- Up-to-date: /home/mechax/zyb/radar_station/install/my_msgss/include/my_msgss/my_msgss/msg/detail/distpoints__rosidl_typesupport_fastrtps_cpp.hpp
-- Up-to-date: /home/mechax/zyb/radar_station/install/my_msgss/include/my_msgss/my_msgss/msg/detail/yolopoint__rosidl_typesupport_fastrtps_cpp.hpp
-- Up-to-date: /home/mechax/zyb/radar_station/install/my_msgss/include/my_msgss/my_msgss/msg/detail/dds_fastrtps
-- Up-to-date: /home/mechax/zyb/radar_station/install/my_msgss/include/my_msgss/my_msgss/msg/rosidl_typesupport_fastrtps_cpp__visibility_control.h
-- Installing: /home/mechax/zyb/radar_station/install/my_msgss/lib/libmy_msgss__rosidl_typesupport_fastrtps_cpp.so
-- Set runtime path of "/home/mechax/zyb/radar_station/install/my_msgss/lib/libmy_msgss__rosidl_typesupport_fastrtps_cpp.so" to ""
-- Up-to-date: /home/mechax/zyb/radar_station/install/my_msgss/include/my_msgss/my_msgss
-- Up-to-date: /home/mechax/zyb/radar_station/install/my_msgss/include/my_msgss/my_msgss/msg
-- Up-to-date: /home/mechax/zyb/radar_station/install/my_msgss/include/my_msgss/my_msgss/msg/detail
-- Up-to-date: /home/mechax/zyb/radar_station/install/my_msgss/include/my_msgss/my_msgss/msg/detail/distpoints__rosidl_typesupport_introspection_cpp.hpp
-- Up-to-date: /home/mechax/zyb/radar_station/install/my_msgss/include/my_msgss/my_msgss/msg/detail/distpoint__type_support.cpp
-- Up-to-date: /home/mechax/zyb/radar_station/install/my_msgss/include/my_msgss/my_msgss/msg/detail/yolopoints__type_support.cpp
-- Up-to-date: /home/mechax/zyb/radar_station/install/my_msgss/include/my_msgss/my_msgss/msg/detail/distpoint__rosidl_typesupport_introspection_cpp.hpp
-- Up-to-date: /home/mechax/zyb/radar_station/install/my_msgss/include/my_msgss/my_msgss/msg/detail/yolopoint__type_support.cpp
-- Up-to-date: /home/mechax/zyb/radar_station/install/my_msgss/include/my_msgss/my_msgss/msg/detail/yolopoints__rosidl_typesupport_introspection_cpp.hpp
-- Up-to-date: /home/mechax/zyb/radar_station/install/my_msgss/include/my_msgss/my_msgss/msg/detail/point__type_support.cpp
-- Up-to-date: /home/mechax/zyb/radar_station/install/my_msgss/include/my_msgss/my_msgss/msg/detail/point__rosidl_typesupport_introspection_cpp.hpp
-- Up-to-date: /home/mechax/zyb/radar_station/install/my_msgss/include/my_msgss/my_msgss/msg/detail/yolopoint__rosidl_typesupport_introspection_cpp.hpp
-- Up-to-date: /home/mechax/zyb/radar_station/install/my_msgss/include/my_msgss/my_msgss/msg/detail/points__rosidl_typesupport_introspection_cpp.hpp
-- Up-to-date: /home/mechax/zyb/radar_station/install/my_msgss/include/my_msgss/my_msgss/msg/detail/points__type_support.cpp
-- Up-to-date: /home/mechax/zyb/radar_station/install/my_msgss/include/my_msgss/my_msgss/msg/detail/distpoints__type_support.cpp
-- Installing: /home/mechax/zyb/radar_station/install/my_msgss/lib/libmy_msgss__rosidl_typesupport_introspection_cpp.so
-- Set runtime path of "/home/mechax/zyb/radar_station/install/my_msgss/lib/libmy_msgss__rosidl_typesupport_introspection_cpp.so" to ""
-- Installing: /home/mechax/zyb/radar_station/install/my_msgss/lib/libmy_msgss__rosidl_typesupport_cpp.so
-- Set runtime path of "/home/mechax/zyb/radar_station/install/my_msgss/lib/libmy_msgss__rosidl_typesupport_cpp.so" to ""
-- Up-to-date: /home/mechax/zyb/radar_station/install/my_msgss/share/my_msgss/environment/pythonpath.sh
-- Installing: /home/mechax/zyb/radar_station/install/my_msgss/share/my_msgss/environment/pythonpath.dsv
-- Up-to-date: /home/mechax/zyb/radar_station/install/my_msgss/local/lib/python3.10/dist-packages/my_msgss-0.0.0-py3.10.egg-info
-- Installing: /home/mechax/zyb/radar_station/install/my_msgss/local/lib/python3.10/dist-packages/my_msgss-0.0.0-py3.10.egg-info/SOURCES.txt
-- Installing: /home/mechax/zyb/radar_station/install/my_msgss/local/lib/python3.10/dist-packages/my_msgss-0.0.0-py3.10.egg-info/top_level.txt
-- Installing: /home/mechax/zyb/radar_station/install/my_msgss/local/lib/python3.10/dist-packages/my_msgss-0.0.0-py3.10.egg-info/PKG-INFO
-- Installing: /home/mechax/zyb/radar_station/install/my_msgss/local/lib/python3.10/dist-packages/my_msgss-0.0.0-py3.10.egg-info/dependency_links.txt
-- Up-to-date: /home/mechax/zyb/radar_station/install/my_msgss/local/lib/python3.10/dist-packages/my_msgss
-- Up-to-date: /home/mechax/zyb/radar_station/install/my_msgss/local/lib/python3.10/dist-packages/my_msgss/msg
-- Up-to-date: /home/mechax/zyb/radar_station/install/my_msgss/local/lib/python3.10/dist-packages/my_msgss/msg/_yolopoints.py
-- Up-to-date: /home/mechax/zyb/radar_station/install/my_msgss/local/lib/python3.10/dist-packages/my_msgss/msg/_yolopoint_s.c
-- Up-to-date: /home/mechax/zyb/radar_station/install/my_msgss/local/lib/python3.10/dist-packages/my_msgss/msg/_distpoints.py
-- Up-to-date: /home/mechax/zyb/radar_station/install/my_msgss/local/lib/python3.10/dist-packages/my_msgss/msg/_point_s.c
-- Up-to-date: /home/mechax/zyb/radar_station/install/my_msgss/local/lib/python3.10/dist-packages/my_msgss/msg/_yolopoint.py
-- Up-to-date: /home/mechax/zyb/radar_station/install/my_msgss/local/lib/python3.10/dist-packages/my_msgss/msg/_distpoint.py
-- Up-to-date: /home/mechax/zyb/radar_station/install/my_msgss/local/lib/python3.10/dist-packages/my_msgss/msg/_yolopoints_s.c
-- Up-to-date: /home/mechax/zyb/radar_station/install/my_msgss/local/lib/python3.10/dist-packages/my_msgss/msg/_point.py
-- Up-to-date: /home/mechax/zyb/radar_station/install/my_msgss/local/lib/python3.10/dist-packages/my_msgss/msg/_points.py
-- Up-to-date: /home/mechax/zyb/radar_station/install/my_msgss/local/lib/python3.10/dist-packages/my_msgss/msg/_points_s.c
-- Up-to-date: /home/mechax/zyb/radar_station/install/my_msgss/local/lib/python3.10/dist-packages/my_msgss/msg/_distpoint_s.c
-- Up-to-date: /home/mechax/zyb/radar_station/install/my_msgss/local/lib/python3.10/dist-packages/my_msgss/msg/__init__.py
-- Up-to-date: /home/mechax/zyb/radar_station/install/my_msgss/local/lib/python3.10/dist-packages/my_msgss/msg/_distpoints_s.c
-- Up-to-date: /home/mechax/zyb/radar_station/install/my_msgss/local/lib/python3.10/dist-packages/my_msgss/_my_msgss_s.ep.rosidl_typesupport_c.c
-- Installing: /home/mechax/zyb/radar_station/install/my_msgss/local/lib/python3.10/dist-packages/my_msgss/my_msgss_s__rosidl_typesupport_fastrtps_c.cpython-310-x86_64-linux-gnu.so
-- Up-to-date: /home/mechax/zyb/radar_station/install/my_msgss/local/lib/python3.10/dist-packages/my_msgss/_my_msgss_s.ep.rosidl_typesupport_introspection_c.c
-- Up-to-date: /home/mechax/zyb/radar_station/install/my_msgss/local/lib/python3.10/dist-packages/my_msgss/_my_msgss_s.ep.rosidl_typesupport_fastrtps_c.c
-- Installing: /home/mechax/zyb/radar_station/install/my_msgss/local/lib/python3.10/dist-packages/my_msgss/my_msgss_s__rosidl_typesupport_c.cpython-310-x86_64-linux-gnu.so
-- Installing: /home/mechax/zyb/radar_station/install/my_msgss/local/lib/python3.10/dist-packages/my_msgss/libmy_msgss__rosidl_generator_py.so
-- Installing: /home/mechax/zyb/radar_station/install/my_msgss/local/lib/python3.10/dist-packages/my_msgss/my_msgss_s__rosidl_typesupport_introspection_c.cpython-310-x86_64-linux-gnu.so
-- Installing: /home/mechax/zyb/radar_station/install/my_msgss/local/lib/python3.10/dist-packages/my_msgss/__init__.py
Listing '/home/mechax/zyb/radar_station/install/my_msgss/local/lib/python3.10/dist-packages/my_msgss'...
Compiling '/home/mechax/zyb/radar_station/install/my_msgss/local/lib/python3.10/dist-packages/my_msgss/__init__.py'...
Listing '/home/mechax/zyb/radar_station/install/my_msgss/local/lib/python3.10/dist-packages/my_msgss/msg'...
Compiling '/home/mechax/zyb/radar_station/install/my_msgss/local/lib/python3.10/dist-packages/my_msgss/msg/__init__.py'...
Compiling '/home/mechax/zyb/radar_station/install/my_msgss/local/lib/python3.10/dist-packages/my_msgss/msg/_distpoint.py'...
Compiling '/home/mechax/zyb/radar_station/install/my_msgss/local/lib/python3.10/dist-packages/my_msgss/msg/_distpoints.py'...
Compiling '/home/mechax/zyb/radar_station/install/my_msgss/local/lib/python3.10/dist-packages/my_msgss/msg/_point.py'...
Compiling '/home/mechax/zyb/radar_station/install/my_msgss/local/lib/python3.10/dist-packages/my_msgss/msg/_points.py'...
Compiling '/home/mechax/zyb/radar_station/install/my_msgss/local/lib/python3.10/dist-packages/my_msgss/msg/_yolopoint.py'...
Compiling '/home/mechax/zyb/radar_station/install/my_msgss/local/lib/python3.10/dist-packages/my_msgss/msg/_yolopoints.py'...
-- Installing: /home/mechax/zyb/radar_station/install/my_msgss/local/lib/python3.10/dist-packages/my_msgss/my_msgss_s__rosidl_typesupport_fastrtps_c.cpython-310-x86_64-linux-gnu.so
-- Set runtime path of "/home/mechax/zyb/radar_station/install/my_msgss/local/lib/python3.10/dist-packages/my_msgss/my_msgss_s__rosidl_typesupport_fastrtps_c.cpython-310-x86_64-linux-gnu.so" to ""
-- Installing: /home/mechax/zyb/radar_station/install/my_msgss/local/lib/python3.10/dist-packages/my_msgss/my_msgss_s__rosidl_typesupport_introspection_c.cpython-310-x86_64-linux-gnu.so
-- Set runtime path of "/home/mechax/zyb/radar_station/install/my_msgss/local/lib/python3.10/dist-packages/my_msgss/my_msgss_s__rosidl_typesupport_introspection_c.cpython-310-x86_64-linux-gnu.so" to ""
-- Installing: /home/mechax/zyb/radar_station/install/my_msgss/local/lib/python3.10/dist-packages/my_msgss/my_msgss_s__rosidl_typesupport_c.cpython-310-x86_64-linux-gnu.so
-- Set runtime path of "/home/mechax/zyb/radar_station/install/my_msgss/local/lib/python3.10/dist-packages/my_msgss/my_msgss_s__rosidl_typesupport_c.cpython-310-x86_64-linux-gnu.so" to ""
-- Installing: /home/mechax/zyb/radar_station/install/my_msgss/lib/libmy_msgss__rosidl_generator_py.so
-- Set runtime path of "/home/mechax/zyb/radar_station/install/my_msgss/lib/libmy_msgss__rosidl_generator_py.so" to ""
-- Up-to-date: /home/mechax/zyb/radar_station/install/my_msgss/share/my_msgss/msg/Yolopoint.idl
-- Up-to-date: /home/mechax/zyb/radar_station/install/my_msgss/share/my_msgss/msg/Yolopoints.idl
-- Up-to-date: /home/mechax/zyb/radar_station/install/my_msgss/share/my_msgss/msg/Distpoint.idl
-- Up-to-date: /home/mechax/zyb/radar_station/install/my_msgss/share/my_msgss/msg/Distpoints.idl
-- Up-to-date: /home/mechax/zyb/radar_station/install/my_msgss/share/my_msgss/msg/Point.idl
-- Up-to-date: /home/mechax/zyb/radar_station/install/my_msgss/share/my_msgss/msg/Points.idl
-- Installing: /home/mechax/zyb/radar_station/install/my_msgss/share/my_msgss/msg/Yolopoint.msg
-- Installing: /home/mechax/zyb/radar_station/install/my_msgss/share/my_msgss/msg/Yolopoints.msg
-- Installing: /home/mechax/zyb/radar_station/install/my_msgss/share/my_msgss/msg/Distpoint.msg
-- Installing: /home/mechax/zyb/radar_station/install/my_msgss/share/my_msgss/msg/Distpoints.msg
-- Installing: /home/mechax/zyb/radar_station/install/my_msgss/share/my_msgss/msg/Point.msg
-- Installing: /home/mechax/zyb/radar_station/install/my_msgss/share/my_msgss/msg/Points.msg
-- Up-to-date: /home/mechax/zyb/radar_station/install/my_msgss/share/my_msgss/launch
-- Up-to-date: /home/mechax/zyb/radar_station/install/my_msgss/share/my_msgss/launch/radar_station_launch.py
-- Up-to-date: /home/mechax/zyb/radar_station/install/my_msgss/share/ament_index/resource_index/package_run_dependencies/my_msgss
-- Installing: /home/mechax/zyb/radar_station/install/my_msgss/share/ament_index/resource_index/parent_prefix_path/my_msgss
-- Installing: /home/mechax/zyb/radar_station/install/my_msgss/share/my_msgss/environment/ament_prefix_path.sh
-- Installing: /home/mechax/zyb/radar_station/install/my_msgss/share/my_msgss/environment/ament_prefix_path.dsv
-- Installing: /home/mechax/zyb/radar_station/install/my_msgss/share/my_msgss/environment/path.sh
-- Installing: /home/mechax/zyb/radar_station/install/my_msgss/share/my_msgss/environment/path.dsv
-- Up-to-date: /home/mechax/zyb/radar_station/install/my_msgss/share/my_msgss/local_setup.bash
-- Up-to-date: /home/mechax/zyb/radar_station/install/my_msgss/share/my_msgss/local_setup.sh
-- Up-to-date: /home/mechax/zyb/radar_station/install/my_msgss/share/my_msgss/local_setup.zsh
-- Installing: /home/mechax/zyb/radar_station/install/my_msgss/share/my_msgss/local_setup.dsv
-- Installing: /home/mechax/zyb/radar_station/install/my_msgss/share/my_msgss/package.dsv
-- Up-to-date: /home/mechax/zyb/radar_station/install/my_msgss/share/ament_index/resource_index/packages/my_msgss
-- Up-to-date: /home/mechax/zyb/radar_station/install/my_msgss/share/my_msgss/cmake/export_my_msgss__rosidl_generator_cExport.cmake
-- Up-to-date: /home/mechax/zyb/radar_station/install/my_msgss/share/my_msgss/cmake/export_my_msgss__rosidl_generator_cExport-noconfig.cmake
-- Up-to-date: /home/mechax/zyb/radar_station/install/my_msgss/share/my_msgss/cmake/export_my_msgss__rosidl_typesupport_fastrtps_cExport.cmake
-- Up-to-date: /home/mechax/zyb/radar_station/install/my_msgss/share/my_msgss/cmake/export_my_msgss__rosidl_typesupport_fastrtps_cExport-noconfig.cmake
-- Up-to-date: /home/mechax/zyb/radar_station/install/my_msgss/share/my_msgss/cmake/my_msgss__rosidl_typesupport_introspection_cExport.cmake
-- Up-to-date: /home/mechax/zyb/radar_station/install/my_msgss/share/my_msgss/cmake/my_msgss__rosidl_typesupport_introspection_cExport-noconfig.cmake
-- Up-to-date: /home/mechax/zyb/radar_station/install/my_msgss/share/my_msgss/cmake/my_msgss__rosidl_typesupport_cExport.cmake
-- Up-to-date: /home/mechax/zyb/radar_station/install/my_msgss/share/my_msgss/cmake/my_msgss__rosidl_typesupport_cExport-noconfig.cmake
-- Up-to-date: /home/mechax/zyb/radar_station/install/my_msgss/share/my_msgss/cmake/export_my_msgss__rosidl_generator_cppExport.cmake
-- Up-to-date: /home/mechax/zyb/radar_station/install/my_msgss/share/my_msgss/cmake/export_my_msgss__rosidl_typesupport_fastrtps_cppExport.cmake
-- Up-to-date: /home/mechax/zyb/radar_station/install/my_msgss/share/my_msgss/cmake/export_my_msgss__rosidl_typesupport_fastrtps_cppExport-noconfig.cmake
-- Up-to-date: /home/mechax/zyb/radar_station/install/my_msgss/share/my_msgss/cmake/my_msgss__rosidl_typesupport_introspection_cppExport.cmake
-- Up-to-date: /home/mechax/zyb/radar_station/install/my_msgss/share/my_msgss/cmake/my_msgss__rosidl_typesupport_introspection_cppExport-noconfig.cmake
-- Up-to-date: /home/mechax/zyb/radar_station/install/my_msgss/share/my_msgss/cmake/my_msgss__rosidl_typesupport_cppExport.cmake
-- Up-to-date: /home/mechax/zyb/radar_station/install/my_msgss/share/my_msgss/cmake/my_msgss__rosidl_typesupport_cppExport-noconfig.cmake
-- Up-to-date: /home/mechax/zyb/radar_station/install/my_msgss/share/my_msgss/cmake/export_my_msgss__rosidl_generator_pyExport.cmake
-- Up-to-date: /home/mechax/zyb/radar_station/install/my_msgss/share/my_msgss/cmake/export_my_msgss__rosidl_generator_pyExport-noconfig.cmake
-- Up-to-date: /home/mechax/zyb/radar_station/install/my_msgss/share/my_msgss/cmake/rosidl_cmake-extras.cmake
-- Up-to-date: /home/mechax/zyb/radar_station/install/my_msgss/share/my_msgss/cmake/ament_cmake_export_include_directories-extras.cmake
-- Up-to-date: /home/mechax/zyb/radar_station/install/my_msgss/share/my_msgss/cmake/ament_cmake_export_libraries-extras.cmake
-- Up-to-date: /home/mechax/zyb/radar_station/install/my_msgss/share/my_msgss/cmake/ament_cmake_export_targets-extras.cmake
-- Up-to-date: /home/mechax/zyb/radar_station/install/my_msgss/share/my_msgss/cmake/rosidl_cmake_export_typesupport_targets-extras.cmake
-- Up-to-date: /home/mechax/zyb/radar_station/install/my_msgss/share/my_msgss/cmake/ament_cmake_export_dependencies-extras.cmake
-- Up-to-date: /home/mechax/zyb/radar_station/install/my_msgss/share/my_msgss/cmake/rosidl_cmake_export_typesupport_libraries-extras.cmake
-- Up-to-date: /home/mechax/zyb/radar_station/install/my_msgss/share/my_msgss/cmake/my_msgssConfig.cmake
-- Up-to-date: /home/mechax/zyb/radar_station/install/my_msgss/share/my_msgss/cmake/my_msgssConfig-version.cmake
-- Installing: /home/mechax/zyb/radar_station/install/my_msgss/share/my_msgss/package.xml
