[0.099s] Invoking command in '/home/mechax/zyb/radar_station/build/my_msgss': CMAKE_PREFIX_PATH=${CMAKE_PREFIX_PATH}:/opt/ros/humble /usr/bin/cmake --build /home/mechax/zyb/radar_station/build/my_msgss -- -j16 -l16
[0.115s] -- Found ament_cmake: 1.3.6 (/opt/ros/humble/share/ament_cmake/cmake)
[0.208s] -- Found rosidl_default_generators: 1.2.0 (/opt/ros/humble/share/rosidl_default_generators/cmake)
[0.209s] -- Using all available rosidl_typesupport_c: rosidl_typesupport_fastrtps_c;rosidl_typesupport_introspection_c
[0.212s] -- Found rosidl_adapter: 3.1.5 (/opt/ros/humble/share/rosidl_adapter/cmake)
[0.232s] -- Using all available rosidl_typesupport_cpp: rosidl_typesupport_fastrtps_cpp;rosidl_typesupport_introspection_cpp
[0.421s] -- Found ament_cmake_ros: 0.10.0 (/opt/ros/humble/share/ament_cmake_ros/cmake)
[0.531s] -- Using all available rosidl_typesupport_c: rosidl_typesupport_fastrtps_c;rosidl_typesupport_introspection_c
[0.677s] -- Using all available rosidl_typesupport_cpp: rosidl_typesupport_fastrtps_cpp;rosidl_typesupport_introspection_cpp
[0.692s] -- Found python_cmake_module: 0.10.0 (/opt/ros/humble/share/python_cmake_module/cmake)
[0.708s] -- Using PYTHON_EXECUTABLE: /usr/bin/python3
[0.708s] -- Using PYTHON_INCLUDE_DIRS: /usr/include/python3.10
[0.709s] -- Using PYTHON_LIBRARIES: /usr/lib/x86_64-linux-gnu/libpython3.10.so
[0.717s] -- Found ament_lint_auto: 0.12.9 (/opt/ros/humble/share/ament_lint_auto/cmake)
[0.723s] -- Added test 'flake8' to check Python code syntax and style conventions
[0.723s] -- Added test 'lint_cmake' to check CMake code style
[0.723s] -- Added test 'pep257' to check Python code against some of the docstring style conventions in PEP 257
[0.723s] -- Added test 'xmllint' to check XML markup files
[0.724s] -- Configuring done
[0.744s] -- Generating done
[0.745s] -- Build files have been written to: /home/mechax/zyb/radar_station/build/my_msgss
[0.761s] [35m[1mConsolidate compiler generated dependencies of target my_msgss__rosidl_generator_c[0m
[0.767s] [  1%] Built target my_msgss__cpp
[0.772s] [  5%] [32mBuilding C object CMakeFiles/my_msgss__rosidl_generator_c.dir/rosidl_generator_c/my_msgss/msg/detail/yolopoints__functions.c.o[0m
[0.772s] [  5%] [32mBuilding C object CMakeFiles/my_msgss__rosidl_generator_c.dir/rosidl_generator_c/my_msgss/msg/detail/distpoint__functions.c.o[0m
[0.772s] [  5%] [32mBuilding C object CMakeFiles/my_msgss__rosidl_generator_c.dir/rosidl_generator_c/my_msgss/msg/detail/yolopoint__functions.c.o[0m
[0.772s] [  7%] [32mBuilding C object CMakeFiles/my_msgss__rosidl_generator_c.dir/rosidl_generator_c/my_msgss/msg/detail/distpoints__functions.c.o[0m
[0.772s] [  8%] [32mBuilding C object CMakeFiles/my_msgss__rosidl_generator_c.dir/rosidl_generator_c/my_msgss/msg/detail/point__functions.c.o[0m
[0.772s] [  9%] [32mBuilding C object CMakeFiles/my_msgss__rosidl_generator_c.dir/rosidl_generator_c/my_msgss/msg/detail/points__functions.c.o[0m
[0.775s] [35m[1mConsolidate compiler generated dependencies of target my_msgss__rosidl_typesupport_cpp[0m
[0.777s] [35m[1mConsolidate compiler generated dependencies of target my_msgss__rosidl_typesupport_introspection_cpp[0m
[0.778s] [  9%] Built target ament_cmake_python_copy_my_msgss
[0.778s] [35m[1mConsolidate compiler generated dependencies of target my_msgss__rosidl_typesupport_fastrtps_cpp[0m
[0.786s] [ 12%] [32mBuilding CXX object CMakeFiles/my_msgss__rosidl_typesupport_cpp.dir/rosidl_typesupport_cpp/my_msgss/msg/yolopoint__type_support.cpp.o[0m
[0.786s] [ 14%] [32mBuilding CXX object CMakeFiles/my_msgss__rosidl_typesupport_cpp.dir/rosidl_typesupport_cpp/my_msgss/msg/point__type_support.cpp.o[0m
[0.787s] [ 14%] [32mBuilding CXX object CMakeFiles/my_msgss__rosidl_typesupport_cpp.dir/rosidl_typesupport_cpp/my_msgss/msg/distpoints__type_support.cpp.o[0m
[0.789s] [ 15%] [32mBuilding CXX object CMakeFiles/my_msgss__rosidl_typesupport_cpp.dir/rosidl_typesupport_cpp/my_msgss/msg/distpoint__type_support.cpp.o[0m
[0.790s] [ 16%] [32mBuilding CXX object CMakeFiles/my_msgss__rosidl_typesupport_cpp.dir/rosidl_typesupport_cpp/my_msgss/msg/points__type_support.cpp.o[0m
[0.793s] [ 21%] [32mBuilding CXX object CMakeFiles/my_msgss__rosidl_typesupport_introspection_cpp.dir/rosidl_typesupport_introspection_cpp/my_msgss/msg/detail/yolopoint__type_support.cpp.o[0m
[0.793s] [ 21%] [32mBuilding CXX object CMakeFiles/my_msgss__rosidl_typesupport_cpp.dir/rosidl_typesupport_cpp/my_msgss/msg/yolopoints__type_support.cpp.o[0m
[0.793s] [ 21%] [32mBuilding CXX object CMakeFiles/my_msgss__rosidl_typesupport_introspection_cpp.dir/rosidl_typesupport_introspection_cpp/my_msgss/msg/detail/yolopoints__type_support.cpp.o[0m
[0.799s] [ 22%] [32mBuilding CXX object CMakeFiles/my_msgss__rosidl_typesupport_fastrtps_cpp.dir/rosidl_typesupport_fastrtps_cpp/my_msgss/msg/detail/dds_fastrtps/yolopoint__type_support.cpp.o[0m
[0.845s] [ 23%] [32mBuilding CXX object CMakeFiles/my_msgss__rosidl_typesupport_introspection_cpp.dir/rosidl_typesupport_introspection_cpp/my_msgss/msg/detail/distpoint__type_support.cpp.o[0m
[0.855s] [ 26%] [32mBuilding CXX object CMakeFiles/my_msgss__rosidl_typesupport_introspection_cpp.dir/rosidl_typesupport_introspection_cpp/my_msgss/msg/detail/distpoints__type_support.cpp.o[0m
[0.855s] [ 26%] [32mBuilding CXX object CMakeFiles/my_msgss__rosidl_typesupport_fastrtps_cpp.dir/rosidl_typesupport_fastrtps_cpp/my_msgss/msg/detail/dds_fastrtps/yolopoints__type_support.cpp.o[0m
[0.867s] [ 28%] [32mBuilding CXX object CMakeFiles/my_msgss__rosidl_typesupport_introspection_cpp.dir/rosidl_typesupport_introspection_cpp/my_msgss/msg/detail/point__type_support.cpp.o[0m
[0.879s] [ 29%] [32mBuilding CXX object CMakeFiles/my_msgss__rosidl_typesupport_fastrtps_cpp.dir/rosidl_typesupport_fastrtps_cpp/my_msgss/msg/detail/dds_fastrtps/distpoint__type_support.cpp.o[0m
[0.917s] [ 30%] [32m[1mLinking C shared library libmy_msgss__rosidl_generator_c.so[0m
[1.112s] [ 33%] [32mBuilding CXX object CMakeFiles/my_msgss__rosidl_typesupport_introspection_cpp.dir/rosidl_typesupport_introspection_cpp/my_msgss/msg/detail/points__type_support.cpp.o[0m
[1.112s] [ 33%] Built target my_msgss__rosidl_generator_c
[1.113s] [ 35%] [32mBuilding CXX object CMakeFiles/my_msgss__rosidl_typesupport_fastrtps_cpp.dir/rosidl_typesupport_fastrtps_cpp/my_msgss/msg/detail/dds_fastrtps/distpoints__type_support.cpp.o[0m
[1.125s] running egg_info
[1.127s] writing my_msgss.egg-info/PKG-INFO
[1.127s] writing dependency_links to my_msgss.egg-info/dependency_links.txt
[1.128s] writing top-level names to my_msgss.egg-info/top_level.txt
[1.135s] reading manifest file 'my_msgss.egg-info/SOURCES.txt'
[1.136s] writing manifest file 'my_msgss.egg-info/SOURCES.txt'
[1.145s] [35m[1mConsolidate compiler generated dependencies of target my_msgss__rosidl_typesupport_fastrtps_c[0m
[1.177s] [ 36%] [32mBuilding CXX object CMakeFiles/my_msgss__rosidl_typesupport_fastrtps_cpp.dir/rosidl_typesupport_fastrtps_cpp/my_msgss/msg/detail/dds_fastrtps/point__type_support.cpp.o[0m
[1.193s] [ 38%] [32mBuilding CXX object CMakeFiles/my_msgss__rosidl_typesupport_fastrtps_c.dir/rosidl_typesupport_fastrtps_c/my_msgss/msg/detail/yolopoint__type_support_c.cpp.o[0m
[1.210s] [ 39%] [32mBuilding CXX object CMakeFiles/my_msgss__rosidl_typesupport_fastrtps_c.dir/rosidl_typesupport_fastrtps_c/my_msgss/msg/detail/yolopoints__type_support_c.cpp.o[0m
[1.251s] [ 40%] [32mBuilding CXX object CMakeFiles/my_msgss__rosidl_typesupport_fastrtps_c.dir/rosidl_typesupport_fastrtps_c/my_msgss/msg/detail/distpoint__type_support_c.cpp.o[0m
[1.263s] [ 40%] Built target ament_cmake_python_build_my_msgss_egg
[1.265s] [ 42%] [32m[1mLinking CXX shared library libmy_msgss__rosidl_typesupport_cpp.so[0m
[1.272s] [35m[1mConsolidate compiler generated dependencies of target my_msgss__rosidl_typesupport_introspection_c[0m
[1.301s] [ 43%] [32mBuilding C object CMakeFiles/my_msgss__rosidl_typesupport_introspection_c.dir/rosidl_typesupport_introspection_c/my_msgss/msg/detail/yolopoint__type_support.c.o[0m
[1.307s] [ 45%] Built target my_msgss__rosidl_typesupport_cpp
[1.318s] [ 46%] [32mBuilding CXX object CMakeFiles/my_msgss__rosidl_typesupport_fastrtps_c.dir/rosidl_typesupport_fastrtps_c/my_msgss/msg/detail/distpoints__type_support_c.cpp.o[0m
[1.318s] [35m[1mConsolidate compiler generated dependencies of target my_msgss__rosidl_typesupport_c[0m
[1.339s] [ 47%] [32mBuilding CXX object CMakeFiles/my_msgss__rosidl_typesupport_fastrtps_c.dir/rosidl_typesupport_fastrtps_c/my_msgss/msg/detail/point__type_support_c.cpp.o[0m
[1.348s] [ 49%] [32mBuilding CXX object CMakeFiles/my_msgss__rosidl_typesupport_fastrtps_cpp.dir/rosidl_typesupport_fastrtps_cpp/my_msgss/msg/detail/dds_fastrtps/points__type_support.cpp.o[0m
[1.358s] [ 50%] [32mBuilding C object CMakeFiles/my_msgss__rosidl_typesupport_introspection_c.dir/rosidl_typesupport_introspection_c/my_msgss/msg/detail/distpoint__type_support.c.o[0m
[1.377s] [ 52%] [32mBuilding CXX object CMakeFiles/my_msgss__rosidl_typesupport_c.dir/rosidl_typesupport_c/my_msgss/msg/yolopoint__type_support.cpp.o[0m
[1.391s] [ 53%] [32mBuilding C object CMakeFiles/my_msgss__rosidl_typesupport_introspection_c.dir/rosidl_typesupport_introspection_c/my_msgss/msg/detail/yolopoints__type_support.c.o[0m
[1.436s] [ 54%] [32mBuilding C object CMakeFiles/my_msgss__rosidl_typesupport_introspection_c.dir/rosidl_typesupport_introspection_c/my_msgss/msg/detail/distpoints__type_support.c.o[0m
[1.461s] [ 56%] [32mBuilding CXX object CMakeFiles/my_msgss__rosidl_typesupport_c.dir/rosidl_typesupport_c/my_msgss/msg/yolopoints__type_support.cpp.o[0m
[1.475s] [ 57%] [32mBuilding CXX object CMakeFiles/my_msgss__rosidl_typesupport_c.dir/rosidl_typesupport_c/my_msgss/msg/distpoint__type_support.cpp.o[0m
[1.499s] [ 60%] [32mBuilding C object CMakeFiles/my_msgss__rosidl_typesupport_introspection_c.dir/rosidl_typesupport_introspection_c/my_msgss/msg/detail/point__type_support.c.o[0m
[1.503s] [ 61%] [32mBuilding CXX object CMakeFiles/my_msgss__rosidl_typesupport_c.dir/rosidl_typesupport_c/my_msgss/msg/distpoints__type_support.cpp.o[0m
[1.505s] [ 61%] [32mBuilding CXX object CMakeFiles/my_msgss__rosidl_typesupport_fastrtps_c.dir/rosidl_typesupport_fastrtps_c/my_msgss/msg/detail/points__type_support_c.cpp.o[0m
[1.554s] [ 63%] [32mBuilding C object CMakeFiles/my_msgss__rosidl_typesupport_introspection_c.dir/rosidl_typesupport_introspection_c/my_msgss/msg/detail/points__type_support.c.o[0m
[1.557s] [ 64%] [32mBuilding CXX object CMakeFiles/my_msgss__rosidl_typesupport_c.dir/rosidl_typesupport_c/my_msgss/msg/points__type_support.cpp.o[0m
[1.565s] [ 66%] [32mBuilding CXX object CMakeFiles/my_msgss__rosidl_typesupport_c.dir/rosidl_typesupport_c/my_msgss/msg/point__type_support.cpp.o[0m
[1.597s] [ 69%] [32m[1mLinking CXX shared library libmy_msgss__rosidl_typesupport_c.so[0m
[1.597s] [ 69%] [32m[1mLinking C shared library libmy_msgss__rosidl_typesupport_introspection_c.so[0m
[1.603s] [ 70%] [32m[1mLinking CXX shared library libmy_msgss__rosidl_typesupport_introspection_cpp.so[0m
[1.636s] [ 71%] Built target my_msgss__rosidl_typesupport_introspection_c
[1.648s] [ 73%] Built target my_msgss__rosidl_typesupport_c
[1.697s] [ 74%] Built target my_msgss__rosidl_typesupport_introspection_cpp
[1.766s] [ 76%] [32m[1mLinking CXX shared library libmy_msgss__rosidl_typesupport_fastrtps_cpp.so[0m
[1.818s] [ 77%] Built target my_msgss__rosidl_typesupport_fastrtps_cpp
[1.829s] [ 78%] [32m[1mLinking CXX shared library libmy_msgss__rosidl_typesupport_fastrtps_c.so[0m
[1.876s] [ 80%] Built target my_msgss__rosidl_typesupport_fastrtps_c
[1.888s] [ 80%] Built target my_msgss
[1.901s] [ 81%] Built target my_msgss__py
[1.908s] [35m[1mConsolidate compiler generated dependencies of target my_msgss__rosidl_generator_py[0m
[1.920s] [ 84%] [32mBuilding C object CMakeFiles/my_msgss__rosidl_generator_py.dir/rosidl_generator_py/my_msgss/msg/_yolopoint_s.c.o[0m
[1.920s] [ 84%] [32mBuilding C object CMakeFiles/my_msgss__rosidl_generator_py.dir/rosidl_generator_py/my_msgss/msg/_distpoint_s.c.o[0m
[1.922s] [ 88%] [32mBuilding C object CMakeFiles/my_msgss__rosidl_generator_py.dir/rosidl_generator_py/my_msgss/msg/_yolopoints_s.c.o[0m
[1.922s] [ 88%] [32mBuilding C object CMakeFiles/my_msgss__rosidl_generator_py.dir/rosidl_generator_py/my_msgss/msg/_point_s.c.o[0m
[1.922s] [ 88%] [32mBuilding C object CMakeFiles/my_msgss__rosidl_generator_py.dir/rosidl_generator_py/my_msgss/msg/_distpoints_s.c.o[0m
[1.924s] [ 90%] [32mBuilding C object CMakeFiles/my_msgss__rosidl_generator_py.dir/rosidl_generator_py/my_msgss/msg/_points_s.c.o[0m
[2.028s] [ 91%] [32m[1mLinking C shared library rosidl_generator_py/my_msgss/libmy_msgss__rosidl_generator_py.so[0m
[2.054s] [ 91%] Built target my_msgss__rosidl_generator_py
[2.060s] [35m[1mConsolidate compiler generated dependencies of target my_msgss__rosidl_typesupport_introspection_c__pyext[0m
[2.060s] [35m[1mConsolidate compiler generated dependencies of target my_msgss__rosidl_typesupport_c__pyext[0m
[2.060s] [35m[1mConsolidate compiler generated dependencies of target my_msgss__rosidl_typesupport_fastrtps_c__pyext[0m
[2.068s] [ 94%] [32mBuilding C object CMakeFiles/my_msgss__rosidl_typesupport_introspection_c__pyext.dir/rosidl_generator_py/my_msgss/_my_msgss_s.ep.rosidl_typesupport_introspection_c.c.o[0m
[2.069s] [ 94%] [32mBuilding C object CMakeFiles/my_msgss__rosidl_typesupport_fastrtps_c__pyext.dir/rosidl_generator_py/my_msgss/_my_msgss_s.ep.rosidl_typesupport_fastrtps_c.c.o[0m
[2.072s] [ 95%] [32mBuilding C object CMakeFiles/my_msgss__rosidl_typesupport_c__pyext.dir/rosidl_generator_py/my_msgss/_my_msgss_s.ep.rosidl_typesupport_c.c.o[0m
[2.133s] [ 97%] [32m[1mLinking C shared library rosidl_generator_py/my_msgss/my_msgss_s__rosidl_typesupport_introspection_c.cpython-310-x86_64-linux-gnu.so[0m
[2.133s] [ 98%] [32m[1mLinking C shared library rosidl_generator_py/my_msgss/my_msgss_s__rosidl_typesupport_fastrtps_c.cpython-310-x86_64-linux-gnu.so[0m
[2.142s] [100%] [32m[1mLinking C shared library rosidl_generator_py/my_msgss/my_msgss_s__rosidl_typesupport_c.cpython-310-x86_64-linux-gnu.so[0m
[2.154s] [100%] Built target my_msgss__rosidl_typesupport_introspection_c__pyext
[2.154s] [100%] Built target my_msgss__rosidl_typesupport_fastrtps_c__pyext
[2.169s] [100%] Built target my_msgss__rosidl_typesupport_c__pyext
[2.176s] Invoked command in '/home/mechax/zyb/radar_station/build/my_msgss' returned '0': CMAKE_PREFIX_PATH=${CMAKE_PREFIX_PATH}:/opt/ros/humble /usr/bin/cmake --build /home/mechax/zyb/radar_station/build/my_msgss -- -j16 -l16
[2.257s] Invoking command in '/home/mechax/zyb/radar_station/build/my_msgss': CMAKE_PREFIX_PATH=${CMAKE_PREFIX_PATH}:/opt/ros/humble /usr/bin/cmake --install /home/mechax/zyb/radar_station/build/my_msgss
[2.262s] -- Install configuration: ""
[2.262s] -- Up-to-date: /home/mechax/zyb/radar_station/install/my_msgss/share/ament_index/resource_index/rosidl_interfaces/my_msgss
[2.262s] -- Up-to-date: /home/mechax/zyb/radar_station/install/my_msgss/include/my_msgss/my_msgss
[2.262s] -- Up-to-date: /home/mechax/zyb/radar_station/install/my_msgss/include/my_msgss/my_msgss/msg
[2.262s] -- Up-to-date: /home/mechax/zyb/radar_station/install/my_msgss/include/my_msgss/my_msgss/msg/yolopoints.h
[2.262s] -- Up-to-date: /home/mechax/zyb/radar_station/install/my_msgss/include/my_msgss/my_msgss/msg/distpoint.h
[2.262s] -- Up-to-date: /home/mechax/zyb/radar_station/install/my_msgss/include/my_msgss/my_msgss/msg/detail
[2.263s] -- Up-to-date: /home/mechax/zyb/radar_station/install/my_msgss/include/my_msgss/my_msgss/msg/detail/distpoints__struct.h
[2.263s] -- Up-to-date: /home/mechax/zyb/radar_station/install/my_msgss/include/my_msgss/my_msgss/msg/detail/point__functions.c
[2.263s] -- Up-to-date: /home/mechax/zyb/radar_station/install/my_msgss/include/my_msgss/my_msgss/msg/detail/points__functions.c
[2.263s] -- Up-to-date: /home/mechax/zyb/radar_station/install/my_msgss/include/my_msgss/my_msgss/msg/detail/distpoint__type_support.h
[2.263s] -- Up-to-date: /home/mechax/zyb/radar_station/install/my_msgss/include/my_msgss/my_msgss/msg/detail/points__struct.h
[2.263s] -- Up-to-date: /home/mechax/zyb/radar_station/install/my_msgss/include/my_msgss/my_msgss/msg/detail/point__struct.h
[2.263s] -- Up-to-date: /home/mechax/zyb/radar_station/install/my_msgss/include/my_msgss/my_msgss/msg/detail/distpoint__functions.c
[2.263s] -- Up-to-date: /home/mechax/zyb/radar_station/install/my_msgss/include/my_msgss/my_msgss/msg/detail/yolopoint__struct.h
[2.263s] -- Up-to-date: /home/mechax/zyb/radar_station/install/my_msgss/include/my_msgss/my_msgss/msg/detail/points__type_support.h
[2.263s] -- Up-to-date: /home/mechax/zyb/radar_station/install/my_msgss/include/my_msgss/my_msgss/msg/detail/distpoint__struct.h
[2.263s] -- Up-to-date: /home/mechax/zyb/radar_station/install/my_msgss/include/my_msgss/my_msgss/msg/detail/yolopoints__functions.c
[2.263s] -- Up-to-date: /home/mechax/zyb/radar_station/install/my_msgss/include/my_msgss/my_msgss/msg/detail/yolopoints__struct.h
[2.263s] -- Up-to-date: /home/mechax/zyb/radar_station/install/my_msgss/include/my_msgss/my_msgss/msg/detail/yolopoint__functions.c
[2.263s] -- Up-to-date: /home/mechax/zyb/radar_station/install/my_msgss/include/my_msgss/my_msgss/msg/detail/distpoints__functions.h
[2.263s] -- Up-to-date: /home/mechax/zyb/radar_station/install/my_msgss/include/my_msgss/my_msgss/msg/detail/yolopoints__type_support.h
[2.263s] -- Up-to-date: /home/mechax/zyb/radar_station/install/my_msgss/include/my_msgss/my_msgss/msg/detail/yolopoints__functions.h
[2.263s] -- Up-to-date: /home/mechax/zyb/radar_station/install/my_msgss/include/my_msgss/my_msgss/msg/detail/distpoints__functions.c
[2.263s] -- Up-to-date: /home/mechax/zyb/radar_station/install/my_msgss/include/my_msgss/my_msgss/msg/detail/yolopoint__type_support.h
[2.263s] -- Up-to-date: /home/mechax/zyb/radar_station/install/my_msgss/include/my_msgss/my_msgss/msg/detail/yolopoint__functions.h
[2.263s] -- Up-to-date: /home/mechax/zyb/radar_station/install/my_msgss/include/my_msgss/my_msgss/msg/detail/points__functions.h
[2.263s] -- Up-to-date: /home/mechax/zyb/radar_station/install/my_msgss/include/my_msgss/my_msgss/msg/detail/point__type_support.h
[2.263s] -- Up-to-date: /home/mechax/zyb/radar_station/install/my_msgss/include/my_msgss/my_msgss/msg/detail/distpoints__type_support.h
[2.263s] -- Up-to-date: /home/mechax/zyb/radar_station/install/my_msgss/include/my_msgss/my_msgss/msg/detail/point__functions.h
[2.263s] -- Up-to-date: /home/mechax/zyb/radar_station/install/my_msgss/include/my_msgss/my_msgss/msg/detail/distpoint__functions.h
[2.263s] -- Up-to-date: /home/mechax/zyb/radar_station/install/my_msgss/include/my_msgss/my_msgss/msg/rosidl_generator_c__visibility_control.h
[2.263s] -- Up-to-date: /home/mechax/zyb/radar_station/install/my_msgss/include/my_msgss/my_msgss/msg/distpoints.h
[2.263s] -- Up-to-date: /home/mechax/zyb/radar_station/install/my_msgss/include/my_msgss/my_msgss/msg/yolopoint.h
[2.263s] -- Up-to-date: /home/mechax/zyb/radar_station/install/my_msgss/include/my_msgss/my_msgss/msg/point.h
[2.263s] -- Up-to-date: /home/mechax/zyb/radar_station/install/my_msgss/include/my_msgss/my_msgss/msg/points.h
[2.263s] -- Installing: /home/mechax/zyb/radar_station/install/my_msgss/share/my_msgss/environment/library_path.sh
[2.263s] -- Installing: /home/mechax/zyb/radar_station/install/my_msgss/share/my_msgss/environment/library_path.dsv
[2.263s] -- Installing: /home/mechax/zyb/radar_station/install/my_msgss/lib/libmy_msgss__rosidl_generator_c.so
[2.263s] -- Set runtime path of "/home/mechax/zyb/radar_station/install/my_msgss/lib/libmy_msgss__rosidl_generator_c.so" to ""
[2.263s] -- Up-to-date: /home/mechax/zyb/radar_station/install/my_msgss/include/my_msgss/my_msgss
[2.263s] -- Up-to-date: /home/mechax/zyb/radar_station/install/my_msgss/include/my_msgss/my_msgss/msg
[2.263s] -- Up-to-date: /home/mechax/zyb/radar_station/install/my_msgss/include/my_msgss/my_msgss/msg/detail
[2.264s] -- Up-to-date: /home/mechax/zyb/radar_station/install/my_msgss/include/my_msgss/my_msgss/msg/detail/distpoints__rosidl_typesupport_fastrtps_c.h
[2.264s] -- Up-to-date: /home/mechax/zyb/radar_station/install/my_msgss/include/my_msgss/my_msgss/msg/detail/yolopoint__rosidl_typesupport_fastrtps_c.h
[2.264s] -- Up-to-date: /home/mechax/zyb/radar_station/install/my_msgss/include/my_msgss/my_msgss/msg/detail/point__rosidl_typesupport_fastrtps_c.h
[2.264s] -- Up-to-date: /home/mechax/zyb/radar_station/install/my_msgss/include/my_msgss/my_msgss/msg/detail/yolopoints__rosidl_typesupport_fastrtps_c.h
[2.264s] -- Up-to-date: /home/mechax/zyb/radar_station/install/my_msgss/include/my_msgss/my_msgss/msg/detail/points__rosidl_typesupport_fastrtps_c.h
[2.264s] -- Up-to-date: /home/mechax/zyb/radar_station/install/my_msgss/include/my_msgss/my_msgss/msg/detail/distpoint__rosidl_typesupport_fastrtps_c.h
[2.264s] -- Up-to-date: /home/mechax/zyb/radar_station/install/my_msgss/include/my_msgss/my_msgss/msg/rosidl_typesupport_fastrtps_c__visibility_control.h
[2.264s] -- Installing: /home/mechax/zyb/radar_station/install/my_msgss/lib/libmy_msgss__rosidl_typesupport_fastrtps_c.so
[2.264s] -- Set runtime path of "/home/mechax/zyb/radar_station/install/my_msgss/lib/libmy_msgss__rosidl_typesupport_fastrtps_c.so" to ""
[2.264s] -- Up-to-date: /home/mechax/zyb/radar_station/install/my_msgss/include/my_msgss/my_msgss
[2.264s] -- Up-to-date: /home/mechax/zyb/radar_station/install/my_msgss/include/my_msgss/my_msgss/msg
[2.264s] -- Up-to-date: /home/mechax/zyb/radar_station/install/my_msgss/include/my_msgss/my_msgss/msg/rosidl_typesupport_introspection_c__visibility_control.h
[2.264s] -- Up-to-date: /home/mechax/zyb/radar_station/install/my_msgss/include/my_msgss/my_msgss/msg/detail
[2.264s] -- Up-to-date: /home/mechax/zyb/radar_station/install/my_msgss/include/my_msgss/my_msgss/msg/detail/distpoints__rosidl_typesupport_introspection_c.h
[2.264s] -- Up-to-date: /home/mechax/zyb/radar_station/install/my_msgss/include/my_msgss/my_msgss/msg/detail/points__type_support.c
[2.264s] -- Up-to-date: /home/mechax/zyb/radar_station/install/my_msgss/include/my_msgss/my_msgss/msg/detail/points__rosidl_typesupport_introspection_c.h
[2.264s] -- Up-to-date: /home/mechax/zyb/radar_station/install/my_msgss/include/my_msgss/my_msgss/msg/detail/distpoint__rosidl_typesupport_introspection_c.h
[2.264s] -- Up-to-date: /home/mechax/zyb/radar_station/install/my_msgss/include/my_msgss/my_msgss/msg/detail/point__rosidl_typesupport_introspection_c.h
[2.264s] -- Up-to-date: /home/mechax/zyb/radar_station/install/my_msgss/include/my_msgss/my_msgss/msg/detail/distpoint__type_support.c
[2.264s] -- Up-to-date: /home/mechax/zyb/radar_station/install/my_msgss/include/my_msgss/my_msgss/msg/detail/yolopoints__type_support.c
[2.264s] -- Up-to-date: /home/mechax/zyb/radar_station/install/my_msgss/include/my_msgss/my_msgss/msg/detail/yolopoint__type_support.c
[2.264s] -- Up-to-date: /home/mechax/zyb/radar_station/install/my_msgss/include/my_msgss/my_msgss/msg/detail/yolopoints__rosidl_typesupport_introspection_c.h
[2.264s] -- Up-to-date: /home/mechax/zyb/radar_station/install/my_msgss/include/my_msgss/my_msgss/msg/detail/distpoints__type_support.c
[2.264s] -- Up-to-date: /home/mechax/zyb/radar_station/install/my_msgss/include/my_msgss/my_msgss/msg/detail/point__type_support.c
[2.264s] -- Up-to-date: /home/mechax/zyb/radar_station/install/my_msgss/include/my_msgss/my_msgss/msg/detail/yolopoint__rosidl_typesupport_introspection_c.h
[2.264s] -- Installing: /home/mechax/zyb/radar_station/install/my_msgss/lib/libmy_msgss__rosidl_typesupport_introspection_c.so
[2.264s] -- Set runtime path of "/home/mechax/zyb/radar_station/install/my_msgss/lib/libmy_msgss__rosidl_typesupport_introspection_c.so" to ""
[2.264s] -- Installing: /home/mechax/zyb/radar_station/install/my_msgss/lib/libmy_msgss__rosidl_typesupport_c.so
[2.264s] -- Set runtime path of "/home/mechax/zyb/radar_station/install/my_msgss/lib/libmy_msgss__rosidl_typesupport_c.so" to ""
[2.264s] -- Up-to-date: /home/mechax/zyb/radar_station/install/my_msgss/include/my_msgss/my_msgss
[2.264s] -- Up-to-date: /home/mechax/zyb/radar_station/install/my_msgss/include/my_msgss/my_msgss/msg
[2.264s] -- Up-to-date: /home/mechax/zyb/radar_station/install/my_msgss/include/my_msgss/my_msgss/msg/distpoints.hpp
[2.264s] -- Up-to-date: /home/mechax/zyb/radar_station/install/my_msgss/include/my_msgss/my_msgss/msg/detail
[2.265s] -- Up-to-date: /home/mechax/zyb/radar_station/install/my_msgss/include/my_msgss/my_msgss/msg/detail/point__traits.hpp
[2.265s] -- Up-to-date: /home/mechax/zyb/radar_station/install/my_msgss/include/my_msgss/my_msgss/msg/detail/point__struct.hpp
[2.265s] -- Up-to-date: /home/mechax/zyb/radar_station/install/my_msgss/include/my_msgss/my_msgss/msg/detail/distpoint__traits.hpp
[2.265s] -- Up-to-date: /home/mechax/zyb/radar_station/install/my_msgss/include/my_msgss/my_msgss/msg/detail/points__struct.hpp
[2.265s] -- Up-to-date: /home/mechax/zyb/radar_station/install/my_msgss/include/my_msgss/my_msgss/msg/detail/distpoints__builder.hpp
[2.265s] -- Up-to-date: /home/mechax/zyb/radar_station/install/my_msgss/include/my_msgss/my_msgss/msg/detail/yolopoints__traits.hpp
[2.265s] -- Up-to-date: /home/mechax/zyb/radar_station/install/my_msgss/include/my_msgss/my_msgss/msg/detail/distpoint__builder.hpp
[2.265s] -- Up-to-date: /home/mechax/zyb/radar_station/install/my_msgss/include/my_msgss/my_msgss/msg/detail/distpoints__traits.hpp
[2.265s] -- Up-to-date: /home/mechax/zyb/radar_station/install/my_msgss/include/my_msgss/my_msgss/msg/detail/points__builder.hpp
[2.265s] -- Up-to-date: /home/mechax/zyb/radar_station/install/my_msgss/include/my_msgss/my_msgss/msg/detail/yolopoint__traits.hpp
[2.265s] -- Up-to-date: /home/mechax/zyb/radar_station/install/my_msgss/include/my_msgss/my_msgss/msg/detail/points__traits.hpp
[2.265s] -- Up-to-date: /home/mechax/zyb/radar_station/install/my_msgss/include/my_msgss/my_msgss/msg/detail/yolopoint__builder.hpp
[2.265s] -- Up-to-date: /home/mechax/zyb/radar_station/install/my_msgss/include/my_msgss/my_msgss/msg/detail/yolopoints__struct.hpp
[2.265s] -- Up-to-date: /home/mechax/zyb/radar_station/install/my_msgss/include/my_msgss/my_msgss/msg/detail/distpoints__struct.hpp
[2.265s] -- Up-to-date: /home/mechax/zyb/radar_station/install/my_msgss/include/my_msgss/my_msgss/msg/detail/yolopoints__builder.hpp
[2.265s] -- Up-to-date: /home/mechax/zyb/radar_station/install/my_msgss/include/my_msgss/my_msgss/msg/detail/yolopoint__struct.hpp
[2.265s] -- Up-to-date: /home/mechax/zyb/radar_station/install/my_msgss/include/my_msgss/my_msgss/msg/detail/point__builder.hpp
[2.265s] -- Up-to-date: /home/mechax/zyb/radar_station/install/my_msgss/include/my_msgss/my_msgss/msg/detail/distpoint__struct.hpp
[2.265s] -- Up-to-date: /home/mechax/zyb/radar_station/install/my_msgss/include/my_msgss/my_msgss/msg/distpoint.hpp
[2.265s] -- Up-to-date: /home/mechax/zyb/radar_station/install/my_msgss/include/my_msgss/my_msgss/msg/yolopoint.hpp
[2.265s] -- Up-to-date: /home/mechax/zyb/radar_station/install/my_msgss/include/my_msgss/my_msgss/msg/yolopoints.hpp
[2.265s] -- Up-to-date: /home/mechax/zyb/radar_station/install/my_msgss/include/my_msgss/my_msgss/msg/point.hpp
[2.265s] -- Up-to-date: /home/mechax/zyb/radar_station/install/my_msgss/include/my_msgss/my_msgss/msg/points.hpp
[2.265s] -- Up-to-date: /home/mechax/zyb/radar_station/install/my_msgss/include/my_msgss/my_msgss
[2.265s] -- Up-to-date: /home/mechax/zyb/radar_station/install/my_msgss/include/my_msgss/my_msgss/msg
[2.265s] -- Up-to-date: /home/mechax/zyb/radar_station/install/my_msgss/include/my_msgss/my_msgss/msg/detail
[2.265s] -- Up-to-date: /home/mechax/zyb/radar_station/install/my_msgss/include/my_msgss/my_msgss/msg/detail/point__rosidl_typesupport_fastrtps_cpp.hpp
[2.265s] -- Up-to-date: /home/mechax/zyb/radar_station/install/my_msgss/include/my_msgss/my_msgss/msg/detail/yolopoints__rosidl_typesupport_fastrtps_cpp.hpp
[2.265s] -- Up-to-date: /home/mechax/zyb/radar_station/install/my_msgss/include/my_msgss/my_msgss/msg/detail/distpoint__rosidl_typesupport_fastrtps_cpp.hpp
[2.265s] -- Up-to-date: /home/mechax/zyb/radar_station/install/my_msgss/include/my_msgss/my_msgss/msg/detail/points__rosidl_typesupport_fastrtps_cpp.hpp
[2.265s] -- Up-to-date: /home/mechax/zyb/radar_station/install/my_msgss/include/my_msgss/my_msgss/msg/detail/distpoints__rosidl_typesupport_fastrtps_cpp.hpp
[2.265s] -- Up-to-date: /home/mechax/zyb/radar_station/install/my_msgss/include/my_msgss/my_msgss/msg/detail/yolopoint__rosidl_typesupport_fastrtps_cpp.hpp
[2.265s] -- Up-to-date: /home/mechax/zyb/radar_station/install/my_msgss/include/my_msgss/my_msgss/msg/detail/dds_fastrtps
[2.266s] -- Up-to-date: /home/mechax/zyb/radar_station/install/my_msgss/include/my_msgss/my_msgss/msg/rosidl_typesupport_fastrtps_cpp__visibility_control.h
[2.266s] -- Installing: /home/mechax/zyb/radar_station/install/my_msgss/lib/libmy_msgss__rosidl_typesupport_fastrtps_cpp.so
[2.266s] -- Set runtime path of "/home/mechax/zyb/radar_station/install/my_msgss/lib/libmy_msgss__rosidl_typesupport_fastrtps_cpp.so" to ""
[2.266s] -- Up-to-date: /home/mechax/zyb/radar_station/install/my_msgss/include/my_msgss/my_msgss
[2.266s] -- Up-to-date: /home/mechax/zyb/radar_station/install/my_msgss/include/my_msgss/my_msgss/msg
[2.266s] -- Up-to-date: /home/mechax/zyb/radar_station/install/my_msgss/include/my_msgss/my_msgss/msg/detail
[2.266s] -- Up-to-date: /home/mechax/zyb/radar_station/install/my_msgss/include/my_msgss/my_msgss/msg/detail/distpoints__rosidl_typesupport_introspection_cpp.hpp
[2.266s] -- Up-to-date: /home/mechax/zyb/radar_station/install/my_msgss/include/my_msgss/my_msgss/msg/detail/distpoint__type_support.cpp
[2.266s] -- Up-to-date: /home/mechax/zyb/radar_station/install/my_msgss/include/my_msgss/my_msgss/msg/detail/yolopoints__type_support.cpp
[2.266s] -- Up-to-date: /home/mechax/zyb/radar_station/install/my_msgss/include/my_msgss/my_msgss/msg/detail/distpoint__rosidl_typesupport_introspection_cpp.hpp
[2.266s] -- Up-to-date: /home/mechax/zyb/radar_station/install/my_msgss/include/my_msgss/my_msgss/msg/detail/yolopoint__type_support.cpp
[2.266s] -- Up-to-date: /home/mechax/zyb/radar_station/install/my_msgss/include/my_msgss/my_msgss/msg/detail/yolopoints__rosidl_typesupport_introspection_cpp.hpp
[2.266s] -- Up-to-date: /home/mechax/zyb/radar_station/install/my_msgss/include/my_msgss/my_msgss/msg/detail/point__type_support.cpp
[2.266s] -- Up-to-date: /home/mechax/zyb/radar_station/install/my_msgss/include/my_msgss/my_msgss/msg/detail/point__rosidl_typesupport_introspection_cpp.hpp
[2.266s] -- Up-to-date: /home/mechax/zyb/radar_station/install/my_msgss/include/my_msgss/my_msgss/msg/detail/yolopoint__rosidl_typesupport_introspection_cpp.hpp
[2.266s] -- Up-to-date: /home/mechax/zyb/radar_station/install/my_msgss/include/my_msgss/my_msgss/msg/detail/points__rosidl_typesupport_introspection_cpp.hpp
[2.266s] -- Up-to-date: /home/mechax/zyb/radar_station/install/my_msgss/include/my_msgss/my_msgss/msg/detail/points__type_support.cpp
[2.266s] -- Up-to-date: /home/mechax/zyb/radar_station/install/my_msgss/include/my_msgss/my_msgss/msg/detail/distpoints__type_support.cpp
[2.266s] -- Installing: /home/mechax/zyb/radar_station/install/my_msgss/lib/libmy_msgss__rosidl_typesupport_introspection_cpp.so
[2.266s] -- Set runtime path of "/home/mechax/zyb/radar_station/install/my_msgss/lib/libmy_msgss__rosidl_typesupport_introspection_cpp.so" to ""
[2.266s] -- Installing: /home/mechax/zyb/radar_station/install/my_msgss/lib/libmy_msgss__rosidl_typesupport_cpp.so
[2.266s] -- Set runtime path of "/home/mechax/zyb/radar_station/install/my_msgss/lib/libmy_msgss__rosidl_typesupport_cpp.so" to ""
[2.266s] -- Up-to-date: /home/mechax/zyb/radar_station/install/my_msgss/share/my_msgss/environment/pythonpath.sh
[2.266s] -- Installing: /home/mechax/zyb/radar_station/install/my_msgss/share/my_msgss/environment/pythonpath.dsv
[2.266s] -- Up-to-date: /home/mechax/zyb/radar_station/install/my_msgss/local/lib/python3.10/dist-packages/my_msgss-0.0.0-py3.10.egg-info
[2.266s] -- Installing: /home/mechax/zyb/radar_station/install/my_msgss/local/lib/python3.10/dist-packages/my_msgss-0.0.0-py3.10.egg-info/SOURCES.txt
[2.266s] -- Installing: /home/mechax/zyb/radar_station/install/my_msgss/local/lib/python3.10/dist-packages/my_msgss-0.0.0-py3.10.egg-info/top_level.txt
[2.266s] -- Installing: /home/mechax/zyb/radar_station/install/my_msgss/local/lib/python3.10/dist-packages/my_msgss-0.0.0-py3.10.egg-info/PKG-INFO
[2.266s] -- Installing: /home/mechax/zyb/radar_station/install/my_msgss/local/lib/python3.10/dist-packages/my_msgss-0.0.0-py3.10.egg-info/dependency_links.txt
[2.266s] -- Up-to-date: /home/mechax/zyb/radar_station/install/my_msgss/local/lib/python3.10/dist-packages/my_msgss
[2.266s] -- Up-to-date: /home/mechax/zyb/radar_station/install/my_msgss/local/lib/python3.10/dist-packages/my_msgss/msg
[2.266s] -- Up-to-date: /home/mechax/zyb/radar_station/install/my_msgss/local/lib/python3.10/dist-packages/my_msgss/msg/_yolopoints.py
[2.266s] -- Up-to-date: /home/mechax/zyb/radar_station/install/my_msgss/local/lib/python3.10/dist-packages/my_msgss/msg/_yolopoint_s.c
[2.266s] -- Up-to-date: /home/mechax/zyb/radar_station/install/my_msgss/local/lib/python3.10/dist-packages/my_msgss/msg/_distpoints.py
[2.267s] -- Up-to-date: /home/mechax/zyb/radar_station/install/my_msgss/local/lib/python3.10/dist-packages/my_msgss/msg/_point_s.c
[2.267s] -- Up-to-date: /home/mechax/zyb/radar_station/install/my_msgss/local/lib/python3.10/dist-packages/my_msgss/msg/_yolopoint.py
[2.267s] -- Up-to-date: /home/mechax/zyb/radar_station/install/my_msgss/local/lib/python3.10/dist-packages/my_msgss/msg/_distpoint.py
[2.267s] -- Up-to-date: /home/mechax/zyb/radar_station/install/my_msgss/local/lib/python3.10/dist-packages/my_msgss/msg/_yolopoints_s.c
[2.267s] -- Up-to-date: /home/mechax/zyb/radar_station/install/my_msgss/local/lib/python3.10/dist-packages/my_msgss/msg/_point.py
[2.267s] -- Up-to-date: /home/mechax/zyb/radar_station/install/my_msgss/local/lib/python3.10/dist-packages/my_msgss/msg/_points.py
[2.267s] -- Up-to-date: /home/mechax/zyb/radar_station/install/my_msgss/local/lib/python3.10/dist-packages/my_msgss/msg/_points_s.c
[2.267s] -- Up-to-date: /home/mechax/zyb/radar_station/install/my_msgss/local/lib/python3.10/dist-packages/my_msgss/msg/_distpoint_s.c
[2.267s] -- Up-to-date: /home/mechax/zyb/radar_station/install/my_msgss/local/lib/python3.10/dist-packages/my_msgss/msg/__init__.py
[2.267s] -- Up-to-date: /home/mechax/zyb/radar_station/install/my_msgss/local/lib/python3.10/dist-packages/my_msgss/msg/_distpoints_s.c
[2.267s] -- Up-to-date: /home/mechax/zyb/radar_station/install/my_msgss/local/lib/python3.10/dist-packages/my_msgss/_my_msgss_s.ep.rosidl_typesupport_c.c
[2.267s] -- Installing: /home/mechax/zyb/radar_station/install/my_msgss/local/lib/python3.10/dist-packages/my_msgss/my_msgss_s__rosidl_typesupport_fastrtps_c.cpython-310-x86_64-linux-gnu.so
[2.267s] -- Up-to-date: /home/mechax/zyb/radar_station/install/my_msgss/local/lib/python3.10/dist-packages/my_msgss/_my_msgss_s.ep.rosidl_typesupport_introspection_c.c
[2.267s] -- Up-to-date: /home/mechax/zyb/radar_station/install/my_msgss/local/lib/python3.10/dist-packages/my_msgss/_my_msgss_s.ep.rosidl_typesupport_fastrtps_c.c
[2.267s] -- Installing: /home/mechax/zyb/radar_station/install/my_msgss/local/lib/python3.10/dist-packages/my_msgss/my_msgss_s__rosidl_typesupport_c.cpython-310-x86_64-linux-gnu.so
[2.267s] -- Installing: /home/mechax/zyb/radar_station/install/my_msgss/local/lib/python3.10/dist-packages/my_msgss/libmy_msgss__rosidl_generator_py.so
[2.267s] -- Installing: /home/mechax/zyb/radar_station/install/my_msgss/local/lib/python3.10/dist-packages/my_msgss/my_msgss_s__rosidl_typesupport_introspection_c.cpython-310-x86_64-linux-gnu.so
[2.267s] -- Installing: /home/mechax/zyb/radar_station/install/my_msgss/local/lib/python3.10/dist-packages/my_msgss/__init__.py
[2.290s] Listing '/home/mechax/zyb/radar_station/install/my_msgss/local/lib/python3.10/dist-packages/my_msgss'...
[2.290s] Compiling '/home/mechax/zyb/radar_station/install/my_msgss/local/lib/python3.10/dist-packages/my_msgss/__init__.py'...
[2.290s] Listing '/home/mechax/zyb/radar_station/install/my_msgss/local/lib/python3.10/dist-packages/my_msgss/msg'...
[2.290s] Compiling '/home/mechax/zyb/radar_station/install/my_msgss/local/lib/python3.10/dist-packages/my_msgss/msg/__init__.py'...
[2.290s] Compiling '/home/mechax/zyb/radar_station/install/my_msgss/local/lib/python3.10/dist-packages/my_msgss/msg/_distpoint.py'...
[2.290s] Compiling '/home/mechax/zyb/radar_station/install/my_msgss/local/lib/python3.10/dist-packages/my_msgss/msg/_distpoints.py'...
[2.290s] Compiling '/home/mechax/zyb/radar_station/install/my_msgss/local/lib/python3.10/dist-packages/my_msgss/msg/_point.py'...
[2.290s] Compiling '/home/mechax/zyb/radar_station/install/my_msgss/local/lib/python3.10/dist-packages/my_msgss/msg/_points.py'...
[2.290s] Compiling '/home/mechax/zyb/radar_station/install/my_msgss/local/lib/python3.10/dist-packages/my_msgss/msg/_yolopoint.py'...
[2.290s] Compiling '/home/mechax/zyb/radar_station/install/my_msgss/local/lib/python3.10/dist-packages/my_msgss/msg/_yolopoints.py'...
[2.293s] -- Installing: /home/mechax/zyb/radar_station/install/my_msgss/local/lib/python3.10/dist-packages/my_msgss/my_msgss_s__rosidl_typesupport_fastrtps_c.cpython-310-x86_64-linux-gnu.so
[2.293s] -- Set runtime path of "/home/mechax/zyb/radar_station/install/my_msgss/local/lib/python3.10/dist-packages/my_msgss/my_msgss_s__rosidl_typesupport_fastrtps_c.cpython-310-x86_64-linux-gnu.so" to ""
[2.293s] -- Installing: /home/mechax/zyb/radar_station/install/my_msgss/local/lib/python3.10/dist-packages/my_msgss/my_msgss_s__rosidl_typesupport_introspection_c.cpython-310-x86_64-linux-gnu.so
[2.293s] -- Set runtime path of "/home/mechax/zyb/radar_station/install/my_msgss/local/lib/python3.10/dist-packages/my_msgss/my_msgss_s__rosidl_typesupport_introspection_c.cpython-310-x86_64-linux-gnu.so" to ""
[2.293s] -- Installing: /home/mechax/zyb/radar_station/install/my_msgss/local/lib/python3.10/dist-packages/my_msgss/my_msgss_s__rosidl_typesupport_c.cpython-310-x86_64-linux-gnu.so
[2.293s] -- Set runtime path of "/home/mechax/zyb/radar_station/install/my_msgss/local/lib/python3.10/dist-packages/my_msgss/my_msgss_s__rosidl_typesupport_c.cpython-310-x86_64-linux-gnu.so" to ""
[2.293s] -- Installing: /home/mechax/zyb/radar_station/install/my_msgss/lib/libmy_msgss__rosidl_generator_py.so
[2.294s] -- Set runtime path of "/home/mechax/zyb/radar_station/install/my_msgss/lib/libmy_msgss__rosidl_generator_py.so" to ""
[2.294s] -- Up-to-date: /home/mechax/zyb/radar_station/install/my_msgss/share/my_msgss/msg/Yolopoint.idl
[2.294s] -- Up-to-date: /home/mechax/zyb/radar_station/install/my_msgss/share/my_msgss/msg/Yolopoints.idl
[2.294s] -- Up-to-date: /home/mechax/zyb/radar_station/install/my_msgss/share/my_msgss/msg/Distpoint.idl
[2.294s] -- Up-to-date: /home/mechax/zyb/radar_station/install/my_msgss/share/my_msgss/msg/Distpoints.idl
[2.294s] -- Up-to-date: /home/mechax/zyb/radar_station/install/my_msgss/share/my_msgss/msg/Point.idl
[2.294s] -- Up-to-date: /home/mechax/zyb/radar_station/install/my_msgss/share/my_msgss/msg/Points.idl
[2.294s] -- Installing: /home/mechax/zyb/radar_station/install/my_msgss/share/my_msgss/msg/Yolopoint.msg
[2.294s] -- Installing: /home/mechax/zyb/radar_station/install/my_msgss/share/my_msgss/msg/Yolopoints.msg
[2.294s] -- Installing: /home/mechax/zyb/radar_station/install/my_msgss/share/my_msgss/msg/Distpoint.msg
[2.294s] -- Installing: /home/mechax/zyb/radar_station/install/my_msgss/share/my_msgss/msg/Distpoints.msg
[2.294s] -- Installing: /home/mechax/zyb/radar_station/install/my_msgss/share/my_msgss/msg/Point.msg
[2.295s] -- Installing: /home/mechax/zyb/radar_station/install/my_msgss/share/my_msgss/msg/Points.msg
[2.295s] -- Up-to-date: /home/mechax/zyb/radar_station/install/my_msgss/share/my_msgss/launch
[2.295s] -- Up-to-date: /home/mechax/zyb/radar_station/install/my_msgss/share/my_msgss/launch/radar_station_launch.py
[2.295s] -- Up-to-date: /home/mechax/zyb/radar_station/install/my_msgss/share/ament_index/resource_index/package_run_dependencies/my_msgss
[2.295s] -- Installing: /home/mechax/zyb/radar_station/install/my_msgss/share/ament_index/resource_index/parent_prefix_path/my_msgss
[2.295s] -- Installing: /home/mechax/zyb/radar_station/install/my_msgss/share/my_msgss/environment/ament_prefix_path.sh
[2.295s] -- Installing: /home/mechax/zyb/radar_station/install/my_msgss/share/my_msgss/environment/ament_prefix_path.dsv
[2.295s] -- Installing: /home/mechax/zyb/radar_station/install/my_msgss/share/my_msgss/environment/path.sh
[2.295s] -- Installing: /home/mechax/zyb/radar_station/install/my_msgss/share/my_msgss/environment/path.dsv
[2.295s] -- Up-to-date: /home/mechax/zyb/radar_station/install/my_msgss/share/my_msgss/local_setup.bash
[2.295s] -- Up-to-date: /home/mechax/zyb/radar_station/install/my_msgss/share/my_msgss/local_setup.sh
[2.295s] -- Up-to-date: /home/mechax/zyb/radar_station/install/my_msgss/share/my_msgss/local_setup.zsh
[2.295s] -- Installing: /home/mechax/zyb/radar_station/install/my_msgss/share/my_msgss/local_setup.dsv
[2.295s] -- Installing: /home/mechax/zyb/radar_station/install/my_msgss/share/my_msgss/package.dsv
[2.295s] -- Up-to-date: /home/mechax/zyb/radar_station/install/my_msgss/share/ament_index/resource_index/packages/my_msgss
[2.296s] -- Up-to-date: /home/mechax/zyb/radar_station/install/my_msgss/share/my_msgss/cmake/export_my_msgss__rosidl_generator_cExport.cmake
[2.296s] -- Up-to-date: /home/mechax/zyb/radar_station/install/my_msgss/share/my_msgss/cmake/export_my_msgss__rosidl_generator_cExport-noconfig.cmake
[2.296s] -- Up-to-date: /home/mechax/zyb/radar_station/install/my_msgss/share/my_msgss/cmake/export_my_msgss__rosidl_typesupport_fastrtps_cExport.cmake
[2.296s] -- Up-to-date: /home/mechax/zyb/radar_station/install/my_msgss/share/my_msgss/cmake/export_my_msgss__rosidl_typesupport_fastrtps_cExport-noconfig.cmake
[2.296s] -- Up-to-date: /home/mechax/zyb/radar_station/install/my_msgss/share/my_msgss/cmake/my_msgss__rosidl_typesupport_introspection_cExport.cmake
[2.296s] -- Up-to-date: /home/mechax/zyb/radar_station/install/my_msgss/share/my_msgss/cmake/my_msgss__rosidl_typesupport_introspection_cExport-noconfig.cmake
[2.296s] -- Up-to-date: /home/mechax/zyb/radar_station/install/my_msgss/share/my_msgss/cmake/my_msgss__rosidl_typesupport_cExport.cmake
[2.296s] -- Up-to-date: /home/mechax/zyb/radar_station/install/my_msgss/share/my_msgss/cmake/my_msgss__rosidl_typesupport_cExport-noconfig.cmake
[2.297s] -- Up-to-date: /home/mechax/zyb/radar_station/install/my_msgss/share/my_msgss/cmake/export_my_msgss__rosidl_generator_cppExport.cmake
[2.297s] -- Up-to-date: /home/mechax/zyb/radar_station/install/my_msgss/share/my_msgss/cmake/export_my_msgss__rosidl_typesupport_fastrtps_cppExport.cmake
[2.297s] -- Up-to-date: /home/mechax/zyb/radar_station/install/my_msgss/share/my_msgss/cmake/export_my_msgss__rosidl_typesupport_fastrtps_cppExport-noconfig.cmake
[2.297s] -- Up-to-date: /home/mechax/zyb/radar_station/install/my_msgss/share/my_msgss/cmake/my_msgss__rosidl_typesupport_introspection_cppExport.cmake
[2.297s] -- Up-to-date: /home/mechax/zyb/radar_station/install/my_msgss/share/my_msgss/cmake/my_msgss__rosidl_typesupport_introspection_cppExport-noconfig.cmake
[2.297s] -- Up-to-date: /home/mechax/zyb/radar_station/install/my_msgss/share/my_msgss/cmake/my_msgss__rosidl_typesupport_cppExport.cmake
[2.297s] -- Up-to-date: /home/mechax/zyb/radar_station/install/my_msgss/share/my_msgss/cmake/my_msgss__rosidl_typesupport_cppExport-noconfig.cmake
[2.297s] -- Up-to-date: /home/mechax/zyb/radar_station/install/my_msgss/share/my_msgss/cmake/export_my_msgss__rosidl_generator_pyExport.cmake
[2.297s] -- Up-to-date: /home/mechax/zyb/radar_station/install/my_msgss/share/my_msgss/cmake/export_my_msgss__rosidl_generator_pyExport-noconfig.cmake
[2.297s] -- Up-to-date: /home/mechax/zyb/radar_station/install/my_msgss/share/my_msgss/cmake/rosidl_cmake-extras.cmake
[2.297s] -- Up-to-date: /home/mechax/zyb/radar_station/install/my_msgss/share/my_msgss/cmake/ament_cmake_export_include_directories-extras.cmake
[2.297s] -- Up-to-date: /home/mechax/zyb/radar_station/install/my_msgss/share/my_msgss/cmake/ament_cmake_export_libraries-extras.cmake
[2.297s] -- Up-to-date: /home/mechax/zyb/radar_station/install/my_msgss/share/my_msgss/cmake/ament_cmake_export_targets-extras.cmake
[2.297s] -- Up-to-date: /home/mechax/zyb/radar_station/install/my_msgss/share/my_msgss/cmake/rosidl_cmake_export_typesupport_targets-extras.cmake
[2.297s] -- Up-to-date: /home/mechax/zyb/radar_station/install/my_msgss/share/my_msgss/cmake/ament_cmake_export_dependencies-extras.cmake
[2.297s] -- Up-to-date: /home/mechax/zyb/radar_station/install/my_msgss/share/my_msgss/cmake/rosidl_cmake_export_typesupport_libraries-extras.cmake
[2.297s] -- Up-to-date: /home/mechax/zyb/radar_station/install/my_msgss/share/my_msgss/cmake/my_msgssConfig.cmake
[2.297s] -- Up-to-date: /home/mechax/zyb/radar_station/install/my_msgss/share/my_msgss/cmake/my_msgssConfig-version.cmake
[2.297s] -- Installing: /home/mechax/zyb/radar_station/install/my_msgss/share/my_msgss/package.xml
[2.297s] Invoked command in '/home/mechax/zyb/radar_station/build/my_msgss' returned '0': CMAKE_PREFIX_PATH=${CMAKE_PREFIX_PATH}:/opt/ros/humble /usr/bin/cmake --install /home/mechax/zyb/radar_station/build/my_msgss
