[35m[1mConsolidate compiler generated dependencies of target Game_Map[0m
[100%] Built target Game_Map
-- Install configuration: ""
-- Installing: /home/qianli/zyb/radar_station/install/Game_Map/lib/Game_Map/Game_Map
-- Set runtime path of "/home/qianli/zyb/radar_station/install/Game_Map/lib/Game_Map/Game_Map" to ""
-- Installing: /home/qianli/zyb/radar_station/install/Game_Map/share/Game_Map/launch
-- Installing: /home/qianli/zyb/radar_station/install/Game_Map/share/Game_Map/launch/game_map_launch.py
-- Installing: /home/qianli/zyb/radar_station/install/Game_Map/share/Game_Map/config
-- Installing: /home/qianli/zyb/radar_station/install/Game_Map/share/Game_Map/config/ros2_displayer.yaml
-- Installing: /home/qianli/zyb/radar_station/install/Game_Map/share/Game_Map/config/radar.yaml
-- Installing: /home/qianli/zyb/radar_station/install/Game_Map/share/Game_Map/config/displayer_qt5.yaml
-- Installing: /home/qianli/zyb/radar_station/install/Game_Map/share/ament_index/resource_index/package_run_dependencies/Game_Map
-- Installing: /home/qianli/zyb/radar_station/install/Game_Map/share/ament_index/resource_index/parent_prefix_path/Game_Map
-- Installing: /home/qianli/zyb/radar_station/install/Game_Map/share/Game_Map/environment/ament_prefix_path.sh
-- Installing: /home/qianli/zyb/radar_station/install/Game_Map/share/Game_Map/environment/ament_prefix_path.dsv
-- Installing: /home/qianli/zyb/radar_station/install/Game_Map/share/Game_Map/environment/path.sh
-- Installing: /home/qianli/zyb/radar_station/install/Game_Map/share/Game_Map/environment/path.dsv
-- Installing: /home/qianli/zyb/radar_station/install/Game_Map/share/Game_Map/local_setup.bash
-- Installing: /home/qianli/zyb/radar_station/install/Game_Map/share/Game_Map/local_setup.sh
-- Installing: /home/qianli/zyb/radar_station/install/Game_Map/share/Game_Map/local_setup.zsh
-- Installing: /home/qianli/zyb/radar_station/install/Game_Map/share/Game_Map/local_setup.dsv
-- Installing: /home/qianli/zyb/radar_station/install/Game_Map/share/Game_Map/package.dsv
-- Installing: /home/qianli/zyb/radar_station/install/Game_Map/share/ament_index/resource_index/packages/Game_Map
-- Installing: /home/qianli/zyb/radar_station/install/Game_Map/share/Game_Map/cmake/Game_MapConfig.cmake
-- Installing: /home/qianli/zyb/radar_station/install/Game_Map/share/Game_Map/cmake/Game_MapConfig-version.cmake
-- Installing: /home/qianli/zyb/radar_station/install/Game_Map/share/Game_Map/package.xml
