[0.127s] Invoking command in '/home/qianli/zyb/radar_station/build/Game_Map': AMENT_PREFIX_PATH=/home/qianli/zyb/radar_station/install/my_msgss:${AMENT_PREFIX_PATH} CMAKE_PREFIX_PATH=/home/qianli/zyb/radar_station/install/my_msgss:/opt/ros/humble LD_LIBRARY_PATH=/home/qianli/zyb/radar_station/install/my_msgss/lib:${LD_LIBRARY_PATH} PYTHONPATH=/home/qianli/zyb/radar_station/install/my_msgss/local/lib/python3.10/dist-packages:${PYTHONPATH} /usr/bin/cmake --build /home/qianli/zyb/radar_station/build/Game_Map -- -j16 -l16
[0.150s] [35m[1mConsolidate compiler generated dependencies of target Game_Map[0m
[0.161s] [100%] Built target Game_Map
[0.169s] Invoked command in '/home/qianli/zyb/radar_station/build/Game_Map' returned '0': AMENT_PREFIX_PATH=/home/qianli/zyb/radar_station/install/my_msgss:${AMENT_PREFIX_PATH} CMAKE_PREFIX_PATH=/home/qianli/zyb/radar_station/install/my_msgss:/opt/ros/humble LD_LIBRARY_PATH=/home/qianli/zyb/radar_station/install/my_msgss/lib:${LD_LIBRARY_PATH} PYTHONPATH=/home/qianli/zyb/radar_station/install/my_msgss/local/lib/python3.10/dist-packages:${PYTHONPATH} /usr/bin/cmake --build /home/qianli/zyb/radar_station/build/Game_Map -- -j16 -l16
[0.183s] Invoking command in '/home/qianli/zyb/radar_station/build/Game_Map': AMENT_PREFIX_PATH=/home/qianli/zyb/radar_station/install/my_msgss:${AMENT_PREFIX_PATH} CMAKE_PREFIX_PATH=/home/qianli/zyb/radar_station/install/my_msgss:/opt/ros/humble LD_LIBRARY_PATH=/home/qianli/zyb/radar_station/install/my_msgss/lib:${LD_LIBRARY_PATH} PYTHONPATH=/home/qianli/zyb/radar_station/install/my_msgss/local/lib/python3.10/dist-packages:${PYTHONPATH} /usr/bin/cmake --install /home/qianli/zyb/radar_station/build/Game_Map
[0.187s] -- Install configuration: ""
[0.187s] -- Installing: /home/qianli/zyb/radar_station/install/Game_Map/lib/Game_Map/Game_Map
[0.191s] -- Set runtime path of "/home/qianli/zyb/radar_station/install/Game_Map/lib/Game_Map/Game_Map" to ""
[0.191s] -- Installing: /home/qianli/zyb/radar_station/install/Game_Map/share/Game_Map/launch
[0.191s] -- Installing: /home/qianli/zyb/radar_station/install/Game_Map/share/Game_Map/launch/game_map_launch.py
[0.191s] -- Installing: /home/qianli/zyb/radar_station/install/Game_Map/share/Game_Map/config
[0.192s] -- Installing: /home/qianli/zyb/radar_station/install/Game_Map/share/Game_Map/config/ros2_displayer.yaml
[0.192s] -- Installing: /home/qianli/zyb/radar_station/install/Game_Map/share/Game_Map/config/radar.yaml
[0.192s] -- Installing: /home/qianli/zyb/radar_station/install/Game_Map/share/Game_Map/config/displayer_qt5.yaml
[0.192s] -- Installing: /home/qianli/zyb/radar_station/install/Game_Map/share/ament_index/resource_index/package_run_dependencies/Game_Map
[0.192s] -- Installing: /home/qianli/zyb/radar_station/install/Game_Map/share/ament_index/resource_index/parent_prefix_path/Game_Map
[0.193s] -- Installing: /home/qianli/zyb/radar_station/install/Game_Map/share/Game_Map/environment/ament_prefix_path.sh
[0.193s] -- Installing: /home/qianli/zyb/radar_station/install/Game_Map/share/Game_Map/environment/ament_prefix_path.dsv
[0.193s] -- Installing: /home/qianli/zyb/radar_station/install/Game_Map/share/Game_Map/environment/path.sh
[0.193s] -- Installing: /home/qianli/zyb/radar_station/install/Game_Map/share/Game_Map/environment/path.dsv
[0.193s] -- Installing: /home/qianli/zyb/radar_station/install/Game_Map/share/Game_Map/local_setup.bash
[0.194s] -- Installing: /home/qianli/zyb/radar_station/install/Game_Map/share/Game_Map/local_setup.sh
[0.194s] -- Installing: /home/qianli/zyb/radar_station/install/Game_Map/share/Game_Map/local_setup.zsh
[0.194s] -- Installing: /home/qianli/zyb/radar_station/install/Game_Map/share/Game_Map/local_setup.dsv
[0.194s] -- Installing: /home/qianli/zyb/radar_station/install/Game_Map/share/Game_Map/package.dsv
[0.195s] -- Installing: /home/qianli/zyb/radar_station/install/Game_Map/share/ament_index/resource_index/packages/Game_Map
[0.195s] -- Installing: /home/qianli/zyb/radar_station/install/Game_Map/share/Game_Map/cmake/Game_MapConfig.cmake
[0.195s] -- Installing: /home/qianli/zyb/radar_station/install/Game_Map/share/Game_Map/cmake/Game_MapConfig-version.cmake
[0.195s] -- Installing: /home/qianli/zyb/radar_station/install/Game_Map/share/Game_Map/package.xml
[0.198s] Invoked command in '/home/qianli/zyb/radar_station/build/Game_Map' returned '0': AMENT_PREFIX_PATH=/home/qianli/zyb/radar_station/install/my_msgss:${AMENT_PREFIX_PATH} CMAKE_PREFIX_PATH=/home/qianli/zyb/radar_station/install/my_msgss:/opt/ros/humble LD_LIBRARY_PATH=/home/qianli/zyb/radar_station/install/my_msgss/lib:${LD_LIBRARY_PATH} PYTHONPATH=/home/qianli/zyb/radar_station/install/my_msgss/local/lib/python3.10/dist-packages:${PYTHONPATH} /usr/bin/cmake --install /home/qianli/zyb/radar_station/build/Game_Map
