[0.546s] DEBUG:colcon:Command line arguments: ['/usr/bin/colcon', 'build']
[0.547s] DEBUG:colcon:Parsed command line arguments: Namespace(log_base=None, log_level=None, verb_name='build', build_base='build', install_base='install', merge_install=False, symlink_install=False, test_result_base=None, continue_on_error=False, executor='parallel', parallel_workers=16, event_handlers=None, ignore_user_meta=False, metas=['./colcon.meta'], base_paths=['.'], packages_ignore=None, packages_ignore_regex=None, paths=None, packages_up_to=None, packages_up_to_regex=None, packages_above=None, packages_above_and_dependencies=None, packages_above_depth=None, packages_select_by_dep=None, packages_skip_by_dep=None, packages_skip_up_to=None, packages_select_build_failed=False, packages_skip_build_finished=False, packages_select_test_failures=False, packages_skip_test_passed=False, packages_select=None, packages_skip=None, packages_select_regex=None, packages_skip_regex=None, packages_start=None, packages_end=None, allow_overriding=[], cmake_args=None, cmake_target=None, cmake_target_skip_unavailable=False, cmake_clean_cache=False, cmake_clean_first=False, cmake_force_configure=False, ament_cmake_args=None, catkin_cmake_args=None, catkin_skip_building_tests=False, verb_parser=<colcon_defaults.argument_parser.defaults.DefaultArgumentsDecorator object at 0x7fa5f72e7e50>, verb_extension=<colcon_core.verb.build.BuildVerb object at 0x7fa5f771dde0>, main=<bound method BuildVerb.main of <colcon_core.verb.build.BuildVerb object at 0x7fa5f771dde0>>)
[0.576s] Level 1:colcon.colcon_core.package_discovery:discover_packages(colcon_meta) check parameters
[0.576s] Level 1:colcon.colcon_core.package_discovery:discover_packages(recursive) check parameters
[0.576s] Level 1:colcon.colcon_core.package_discovery:discover_packages(ignore) check parameters
[0.576s] Level 1:colcon.colcon_core.package_discovery:discover_packages(path) check parameters
[0.576s] Level 1:colcon.colcon_core.package_discovery:discover_packages(colcon_meta) discover
[0.576s] Level 1:colcon.colcon_core.package_discovery:discover_packages(recursive) discover
[0.576s] INFO:colcon.colcon_core.package_discovery:Crawling recursively for packages in '/home/qianli/zyb/radar_station'
[0.576s] Level 1:colcon.colcon_core.package_identification:_identify(.) by extensions ['ignore', 'ignore_ament_install']
[0.576s] Level 1:colcon.colcon_core.package_identification:_identify(.) by extension 'ignore'
[0.576s] Level 1:colcon.colcon_core.package_identification:_identify(.) by extension 'ignore_ament_install'
[0.576s] Level 1:colcon.colcon_core.package_identification:_identify(.) by extensions ['colcon_pkg']
[0.576s] Level 1:colcon.colcon_core.package_identification:_identify(.) by extension 'colcon_pkg'
[0.576s] Level 1:colcon.colcon_core.package_identification:_identify(.) by extensions ['colcon_meta']
[0.576s] Level 1:colcon.colcon_core.package_identification:_identify(.) by extension 'colcon_meta'
[0.576s] Level 1:colcon.colcon_core.package_identification:_identify(.) by extensions ['ros']
[0.576s] Level 1:colcon.colcon_core.package_identification:_identify(.) by extension 'ros'
[0.584s] Level 1:colcon.colcon_core.package_identification:_identify(.) by extensions ['cmake', 'python']
[0.584s] Level 1:colcon.colcon_core.package_identification:_identify(.) by extension 'cmake'
[0.584s] Level 1:colcon.colcon_core.package_identification:_identify(.) by extension 'python'
[0.584s] Level 1:colcon.colcon_core.package_identification:_identify(.) by extensions ['python_setup_py']
[0.584s] Level 1:colcon.colcon_core.package_identification:_identify(.) by extension 'python_setup_py'
[0.584s] Level 1:colcon.colcon_core.package_identification:_identify(build) by extensions ['ignore', 'ignore_ament_install']
[0.584s] Level 1:colcon.colcon_core.package_identification:_identify(build) by extension 'ignore'
[0.584s] Level 1:colcon.colcon_core.package_identification:_identify(build) ignored
[0.584s] Level 1:colcon.colcon_core.package_identification:_identify(install) by extensions ['ignore', 'ignore_ament_install']
[0.584s] Level 1:colcon.colcon_core.package_identification:_identify(install) by extension 'ignore'
[0.584s] Level 1:colcon.colcon_core.package_identification:_identify(install) ignored
[0.584s] Level 1:colcon.colcon_core.package_identification:_identify(log) by extensions ['ignore', 'ignore_ament_install']
[0.584s] Level 1:colcon.colcon_core.package_identification:_identify(log) by extension 'ignore'
[0.584s] Level 1:colcon.colcon_core.package_identification:_identify(log) ignored
[0.584s] Level 1:colcon.colcon_core.package_identification:_identify(src) by extensions ['ignore', 'ignore_ament_install']
[0.584s] Level 1:colcon.colcon_core.package_identification:_identify(src) by extension 'ignore'
[0.584s] Level 1:colcon.colcon_core.package_identification:_identify(src) by extension 'ignore_ament_install'
[0.584s] Level 1:colcon.colcon_core.package_identification:_identify(src) by extensions ['colcon_pkg']
[0.584s] Level 1:colcon.colcon_core.package_identification:_identify(src) by extension 'colcon_pkg'
[0.584s] Level 1:colcon.colcon_core.package_identification:_identify(src) by extensions ['colcon_meta']
[0.584s] Level 1:colcon.colcon_core.package_identification:_identify(src) by extension 'colcon_meta'
[0.584s] Level 1:colcon.colcon_core.package_identification:_identify(src) by extensions ['ros']
[0.584s] Level 1:colcon.colcon_core.package_identification:_identify(src) by extension 'ros'
[0.584s] Level 1:colcon.colcon_core.package_identification:_identify(src) by extensions ['cmake', 'python']
[0.584s] Level 1:colcon.colcon_core.package_identification:_identify(src) by extension 'cmake'
[0.584s] Level 1:colcon.colcon_core.package_identification:_identify(src) by extension 'python'
[0.584s] Level 1:colcon.colcon_core.package_identification:_identify(src) by extensions ['python_setup_py']
[0.585s] Level 1:colcon.colcon_core.package_identification:_identify(src) by extension 'python_setup_py'
[0.586s] Level 1:colcon.colcon_core.package_identification:_identify(src/All_Topic) by extensions ['ignore', 'ignore_ament_install']
[0.586s] Level 1:colcon.colcon_core.package_identification:_identify(src/All_Topic) by extension 'ignore'
[0.586s] Level 1:colcon.colcon_core.package_identification:_identify(src/All_Topic) by extension 'ignore_ament_install'
[0.586s] Level 1:colcon.colcon_core.package_identification:_identify(src/All_Topic) by extensions ['colcon_pkg']
[0.586s] Level 1:colcon.colcon_core.package_identification:_identify(src/All_Topic) by extension 'colcon_pkg'
[0.586s] Level 1:colcon.colcon_core.package_identification:_identify(src/All_Topic) by extensions ['colcon_meta']
[0.586s] Level 1:colcon.colcon_core.package_identification:_identify(src/All_Topic) by extension 'colcon_meta'
[0.586s] Level 1:colcon.colcon_core.package_identification:_identify(src/All_Topic) by extensions ['ros']
[0.586s] Level 1:colcon.colcon_core.package_identification:_identify(src/All_Topic) by extension 'ros'
[0.586s] Level 1:colcon.colcon_core.package_identification:_identify(src/All_Topic) by extensions ['cmake', 'python']
[0.586s] Level 1:colcon.colcon_core.package_identification:_identify(src/All_Topic) by extension 'cmake'
[0.586s] Level 1:colcon.colcon_core.package_identification:_identify(src/All_Topic) by extension 'python'
[0.586s] Level 1:colcon.colcon_core.package_identification:_identify(src/All_Topic) by extensions ['python_setup_py']
[0.586s] Level 1:colcon.colcon_core.package_identification:_identify(src/All_Topic) by extension 'python_setup_py'
[0.586s] Level 1:colcon.colcon_core.package_identification:_identify(src/Game_Map) by extensions ['ignore', 'ignore_ament_install']
[0.586s] Level 1:colcon.colcon_core.package_identification:_identify(src/Game_Map) by extension 'ignore'
[0.586s] Level 1:colcon.colcon_core.package_identification:_identify(src/Game_Map) by extension 'ignore_ament_install'
[0.586s] Level 1:colcon.colcon_core.package_identification:_identify(src/Game_Map) by extensions ['colcon_pkg']
[0.586s] Level 1:colcon.colcon_core.package_identification:_identify(src/Game_Map) by extension 'colcon_pkg'
[0.586s] Level 1:colcon.colcon_core.package_identification:_identify(src/Game_Map) by extensions ['colcon_meta']
[0.586s] Level 1:colcon.colcon_core.package_identification:_identify(src/Game_Map) by extension 'colcon_meta'
[0.586s] Level 1:colcon.colcon_core.package_identification:_identify(src/Game_Map) by extensions ['ros']
[0.586s] Level 1:colcon.colcon_core.package_identification:_identify(src/Game_Map) by extension 'ros'
[0.589s] DEBUG:colcon.colcon_core.package_identification:Package 'src/Game_Map' with type 'ros.ament_cmake' and name 'Game_Map'
[0.589s] Level 1:colcon.colcon_core.package_identification:_identify(src/Img_Handle) by extensions ['ignore', 'ignore_ament_install']
[0.589s] Level 1:colcon.colcon_core.package_identification:_identify(src/Img_Handle) by extension 'ignore'
[0.589s] Level 1:colcon.colcon_core.package_identification:_identify(src/Img_Handle) by extension 'ignore_ament_install'
[0.589s] Level 1:colcon.colcon_core.package_identification:_identify(src/Img_Handle) by extensions ['colcon_pkg']
[0.589s] Level 1:colcon.colcon_core.package_identification:_identify(src/Img_Handle) by extension 'colcon_pkg'
[0.589s] Level 1:colcon.colcon_core.package_identification:_identify(src/Img_Handle) by extensions ['colcon_meta']
[0.589s] Level 1:colcon.colcon_core.package_identification:_identify(src/Img_Handle) by extension 'colcon_meta'
[0.589s] Level 1:colcon.colcon_core.package_identification:_identify(src/Img_Handle) by extensions ['ros']
[0.589s] Level 1:colcon.colcon_core.package_identification:_identify(src/Img_Handle) by extension 'ros'
[0.590s] DEBUG:colcon.colcon_core.package_identification:Package 'src/Img_Handle' with type 'ros.ament_cmake' and name 'Img_Handle'
[0.590s] Level 1:colcon.colcon_core.package_identification:_identify(src/Qt5_displayer) by extensions ['ignore', 'ignore_ament_install']
[0.590s] Level 1:colcon.colcon_core.package_identification:_identify(src/Qt5_displayer) by extension 'ignore'
[0.590s] Level 1:colcon.colcon_core.package_identification:_identify(src/Qt5_displayer) by extension 'ignore_ament_install'
[0.590s] Level 1:colcon.colcon_core.package_identification:_identify(src/Qt5_displayer) by extensions ['colcon_pkg']
[0.590s] Level 1:colcon.colcon_core.package_identification:_identify(src/Qt5_displayer) by extension 'colcon_pkg'
[0.590s] Level 1:colcon.colcon_core.package_identification:_identify(src/Qt5_displayer) by extensions ['colcon_meta']
[0.590s] Level 1:colcon.colcon_core.package_identification:_identify(src/Qt5_displayer) by extension 'colcon_meta'
[0.590s] Level 1:colcon.colcon_core.package_identification:_identify(src/Qt5_displayer) by extensions ['ros']
[0.590s] Level 1:colcon.colcon_core.package_identification:_identify(src/Qt5_displayer) by extension 'ros'
[0.591s] DEBUG:colcon.colcon_core.package_identification:Package 'src/Qt5_displayer' with type 'ros.ament_cmake' and name 'Qt5_displayer'
[0.591s] Level 1:colcon.colcon_core.package_identification:_identify(src/Yolo_Handle) by extensions ['ignore', 'ignore_ament_install']
[0.591s] Level 1:colcon.colcon_core.package_identification:_identify(src/Yolo_Handle) by extension 'ignore'
[0.591s] Level 1:colcon.colcon_core.package_identification:_identify(src/Yolo_Handle) by extension 'ignore_ament_install'
[0.591s] Level 1:colcon.colcon_core.package_identification:_identify(src/Yolo_Handle) by extensions ['colcon_pkg']
[0.591s] Level 1:colcon.colcon_core.package_identification:_identify(src/Yolo_Handle) by extension 'colcon_pkg'
[0.591s] Level 1:colcon.colcon_core.package_identification:_identify(src/Yolo_Handle) by extensions ['colcon_meta']
[0.591s] Level 1:colcon.colcon_core.package_identification:_identify(src/Yolo_Handle) by extension 'colcon_meta'
[0.591s] Level 1:colcon.colcon_core.package_identification:_identify(src/Yolo_Handle) by extensions ['ros']
[0.591s] Level 1:colcon.colcon_core.package_identification:_identify(src/Yolo_Handle) by extension 'ros'
[0.591s] DEBUG:colcon.colcon_core.package_identification:Package 'src/Yolo_Handle' with type 'ros.ament_cmake' and name 'Yolo_Handle'
[0.592s] Level 1:colcon.colcon_core.package_identification:_identify(src/get_depth) by extensions ['ignore', 'ignore_ament_install']
[0.592s] Level 1:colcon.colcon_core.package_identification:_identify(src/get_depth) by extension 'ignore'
[0.592s] Level 1:colcon.colcon_core.package_identification:_identify(src/get_depth) by extension 'ignore_ament_install'
[0.592s] Level 1:colcon.colcon_core.package_identification:_identify(src/get_depth) by extensions ['colcon_pkg']
[0.592s] Level 1:colcon.colcon_core.package_identification:_identify(src/get_depth) by extension 'colcon_pkg'
[0.592s] Level 1:colcon.colcon_core.package_identification:_identify(src/get_depth) by extensions ['colcon_meta']
[0.592s] Level 1:colcon.colcon_core.package_identification:_identify(src/get_depth) by extension 'colcon_meta'
[0.592s] Level 1:colcon.colcon_core.package_identification:_identify(src/get_depth) by extensions ['ros']
[0.592s] Level 1:colcon.colcon_core.package_identification:_identify(src/get_depth) by extension 'ros'
[0.593s] DEBUG:colcon.colcon_core.package_identification:Package 'src/get_depth' with type 'ros.ament_cmake' and name 'get_depth'
[0.593s] Level 1:colcon.colcon_core.package_identification:_identify(src/map_test) by extensions ['ignore', 'ignore_ament_install']
[0.593s] Level 1:colcon.colcon_core.package_identification:_identify(src/map_test) by extension 'ignore'
[0.593s] Level 1:colcon.colcon_core.package_identification:_identify(src/map_test) by extension 'ignore_ament_install'
[0.593s] Level 1:colcon.colcon_core.package_identification:_identify(src/map_test) by extensions ['colcon_pkg']
[0.593s] Level 1:colcon.colcon_core.package_identification:_identify(src/map_test) by extension 'colcon_pkg'
[0.593s] Level 1:colcon.colcon_core.package_identification:_identify(src/map_test) by extensions ['colcon_meta']
[0.593s] Level 1:colcon.colcon_core.package_identification:_identify(src/map_test) by extension 'colcon_meta'
[0.593s] Level 1:colcon.colcon_core.package_identification:_identify(src/map_test) by extensions ['ros']
[0.593s] Level 1:colcon.colcon_core.package_identification:_identify(src/map_test) by extension 'ros'
[0.593s] DEBUG:colcon.colcon_core.package_identification:Package 'src/map_test' with type 'ros.ament_cmake' and name 'map_test'
[0.594s] Level 1:colcon.colcon_core.package_identification:_identify(src/my_msgss) by extensions ['ignore', 'ignore_ament_install']
[0.594s] Level 1:colcon.colcon_core.package_identification:_identify(src/my_msgss) by extension 'ignore'
[0.594s] Level 1:colcon.colcon_core.package_identification:_identify(src/my_msgss) by extension 'ignore_ament_install'
[0.594s] Level 1:colcon.colcon_core.package_identification:_identify(src/my_msgss) by extensions ['colcon_pkg']
[0.594s] Level 1:colcon.colcon_core.package_identification:_identify(src/my_msgss) by extension 'colcon_pkg'
[0.594s] Level 1:colcon.colcon_core.package_identification:_identify(src/my_msgss) by extensions ['colcon_meta']
[0.594s] Level 1:colcon.colcon_core.package_identification:_identify(src/my_msgss) by extension 'colcon_meta'
[0.594s] Level 1:colcon.colcon_core.package_identification:_identify(src/my_msgss) by extensions ['ros']
[0.594s] Level 1:colcon.colcon_core.package_identification:_identify(src/my_msgss) by extension 'ros'
[0.594s] DEBUG:colcon.colcon_core.package_identification:Package 'src/my_msgss' with type 'ros.ament_cmake' and name 'my_msgss'
[0.594s] Level 1:colcon.colcon_core.package_identification:_identify(src/ros2_mindvision_mutiple_camera) by extensions ['ignore', 'ignore_ament_install']
[0.594s] Level 1:colcon.colcon_core.package_identification:_identify(src/ros2_mindvision_mutiple_camera) by extension 'ignore'
[0.594s] Level 1:colcon.colcon_core.package_identification:_identify(src/ros2_mindvision_mutiple_camera) by extension 'ignore_ament_install'
[0.594s] Level 1:colcon.colcon_core.package_identification:_identify(src/ros2_mindvision_mutiple_camera) by extensions ['colcon_pkg']
[0.594s] Level 1:colcon.colcon_core.package_identification:_identify(src/ros2_mindvision_mutiple_camera) by extension 'colcon_pkg'
[0.594s] Level 1:colcon.colcon_core.package_identification:_identify(src/ros2_mindvision_mutiple_camera) by extensions ['colcon_meta']
[0.594s] Level 1:colcon.colcon_core.package_identification:_identify(src/ros2_mindvision_mutiple_camera) by extension 'colcon_meta'
[0.594s] Level 1:colcon.colcon_core.package_identification:_identify(src/ros2_mindvision_mutiple_camera) by extensions ['ros']
[0.594s] Level 1:colcon.colcon_core.package_identification:_identify(src/ros2_mindvision_mutiple_camera) by extension 'ros'
[0.595s] Level 1:colcon.colcon_core.package_identification:_identify(src/ros2_mindvision_mutiple_camera) by extensions ['cmake', 'python']
[0.595s] Level 1:colcon.colcon_core.package_identification:_identify(src/ros2_mindvision_mutiple_camera) by extension 'cmake'
[0.595s] Level 1:colcon.colcon_core.package_identification:_identify(src/ros2_mindvision_mutiple_camera) by extension 'python'
[0.595s] Level 1:colcon.colcon_core.package_identification:_identify(src/ros2_mindvision_mutiple_camera) by extensions ['python_setup_py']
[0.595s] Level 1:colcon.colcon_core.package_identification:_identify(src/ros2_mindvision_mutiple_camera) by extension 'python_setup_py'
[0.595s] Level 1:colcon.colcon_core.package_discovery:discover_packages(recursive) using defaults
[0.595s] Level 1:colcon.colcon_core.package_discovery:discover_packages(ignore) discover
[0.595s] Level 1:colcon.colcon_core.package_discovery:discover_packages(ignore) using defaults
[0.595s] Level 1:colcon.colcon_core.package_discovery:discover_packages(path) discover
[0.595s] Level 1:colcon.colcon_core.package_discovery:discover_packages(path) using defaults
[0.648s] Level 1:colcon.colcon_core.package_discovery:discover_packages(prefix_path) check parameters
[0.648s] Level 1:colcon.colcon_core.package_discovery:discover_packages(prefix_path) discover
[0.666s] DEBUG:colcon.colcon_installed_package_information.package_discovery:Found 288 installed packages in /opt/ros/humble
[0.667s] Level 1:colcon.colcon_core.package_discovery:discover_packages(prefix_path) using defaults
[0.719s] Level 5:colcon.colcon_core.verb:set package 'Yolo_Handle' build argument 'cmake_args' from command line to 'None'
[0.719s] Level 5:colcon.colcon_core.verb:set package 'Yolo_Handle' build argument 'cmake_target' from command line to 'None'
[0.719s] Level 5:colcon.colcon_core.verb:set package 'Yolo_Handle' build argument 'cmake_target_skip_unavailable' from command line to 'False'
[0.719s] Level 5:colcon.colcon_core.verb:set package 'Yolo_Handle' build argument 'cmake_clean_cache' from command line to 'False'
[0.719s] Level 5:colcon.colcon_core.verb:set package 'Yolo_Handle' build argument 'cmake_clean_first' from command line to 'False'
[0.719s] Level 5:colcon.colcon_core.verb:set package 'Yolo_Handle' build argument 'cmake_force_configure' from command line to 'False'
[0.719s] Level 5:colcon.colcon_core.verb:set package 'Yolo_Handle' build argument 'ament_cmake_args' from command line to 'None'
[0.719s] Level 5:colcon.colcon_core.verb:set package 'Yolo_Handle' build argument 'catkin_cmake_args' from command line to 'None'
[0.719s] Level 5:colcon.colcon_core.verb:set package 'Yolo_Handle' build argument 'catkin_skip_building_tests' from command line to 'False'
[0.719s] DEBUG:colcon.colcon_core.verb:Building package 'Yolo_Handle' with the following arguments: {'ament_cmake_args': None, 'build_base': '/home/qianli/zyb/radar_station/build/Yolo_Handle', 'catkin_cmake_args': None, 'catkin_skip_building_tests': False, 'cmake_args': None, 'cmake_clean_cache': False, 'cmake_clean_first': False, 'cmake_force_configure': False, 'cmake_target': None, 'cmake_target_skip_unavailable': False, 'install_base': '/home/qianli/zyb/radar_station/install/Yolo_Handle', 'merge_install': False, 'path': '/home/qianli/zyb/radar_station/src/Yolo_Handle', 'symlink_install': False, 'test_result_base': None}
[0.726s] Level 5:colcon.colcon_core.verb:set package 'my_msgss' build argument 'cmake_args' from command line to 'None'
[0.727s] Level 5:colcon.colcon_core.verb:set package 'my_msgss' build argument 'cmake_target' from command line to 'None'
[0.727s] Level 5:colcon.colcon_core.verb:set package 'my_msgss' build argument 'cmake_target_skip_unavailable' from command line to 'False'
[0.727s] Level 5:colcon.colcon_core.verb:set package 'my_msgss' build argument 'cmake_clean_cache' from command line to 'False'
[0.727s] Level 5:colcon.colcon_core.verb:set package 'my_msgss' build argument 'cmake_clean_first' from command line to 'False'
[0.727s] Level 5:colcon.colcon_core.verb:set package 'my_msgss' build argument 'cmake_force_configure' from command line to 'False'
[0.727s] Level 5:colcon.colcon_core.verb:set package 'my_msgss' build argument 'ament_cmake_args' from command line to 'None'
[0.727s] Level 5:colcon.colcon_core.verb:set package 'my_msgss' build argument 'catkin_cmake_args' from command line to 'None'
[0.727s] Level 5:colcon.colcon_core.verb:set package 'my_msgss' build argument 'catkin_skip_building_tests' from command line to 'False'
[0.727s] DEBUG:colcon.colcon_core.verb:Building package 'my_msgss' with the following arguments: {'ament_cmake_args': None, 'build_base': '/home/qianli/zyb/radar_station/build/my_msgss', 'catkin_cmake_args': None, 'catkin_skip_building_tests': False, 'cmake_args': None, 'cmake_clean_cache': False, 'cmake_clean_first': False, 'cmake_force_configure': False, 'cmake_target': None, 'cmake_target_skip_unavailable': False, 'install_base': '/home/qianli/zyb/radar_station/install/my_msgss', 'merge_install': False, 'path': '/home/qianli/zyb/radar_station/src/my_msgss', 'symlink_install': False, 'test_result_base': None}
[0.734s] Level 5:colcon.colcon_core.verb:set package 'Game_Map' build argument 'cmake_args' from command line to 'None'
[0.734s] Level 5:colcon.colcon_core.verb:set package 'Game_Map' build argument 'cmake_target' from command line to 'None'
[0.734s] Level 5:colcon.colcon_core.verb:set package 'Game_Map' build argument 'cmake_target_skip_unavailable' from command line to 'False'
[0.734s] Level 5:colcon.colcon_core.verb:set package 'Game_Map' build argument 'cmake_clean_cache' from command line to 'False'
[0.734s] Level 5:colcon.colcon_core.verb:set package 'Game_Map' build argument 'cmake_clean_first' from command line to 'False'
[0.734s] Level 5:colcon.colcon_core.verb:set package 'Game_Map' build argument 'cmake_force_configure' from command line to 'False'
[0.734s] Level 5:colcon.colcon_core.verb:set package 'Game_Map' build argument 'ament_cmake_args' from command line to 'None'
[0.734s] Level 5:colcon.colcon_core.verb:set package 'Game_Map' build argument 'catkin_cmake_args' from command line to 'None'
[0.734s] Level 5:colcon.colcon_core.verb:set package 'Game_Map' build argument 'catkin_skip_building_tests' from command line to 'False'
[0.734s] DEBUG:colcon.colcon_core.verb:Building package 'Game_Map' with the following arguments: {'ament_cmake_args': None, 'build_base': '/home/qianli/zyb/radar_station/build/Game_Map', 'catkin_cmake_args': None, 'catkin_skip_building_tests': False, 'cmake_args': None, 'cmake_clean_cache': False, 'cmake_clean_first': False, 'cmake_force_configure': False, 'cmake_target': None, 'cmake_target_skip_unavailable': False, 'install_base': '/home/qianli/zyb/radar_station/install/Game_Map', 'merge_install': False, 'path': '/home/qianli/zyb/radar_station/src/Game_Map', 'symlink_install': False, 'test_result_base': None}
[0.741s] Level 5:colcon.colcon_core.verb:set package 'Img_Handle' build argument 'cmake_args' from command line to 'None'
[0.741s] Level 5:colcon.colcon_core.verb:set package 'Img_Handle' build argument 'cmake_target' from command line to 'None'
[0.741s] Level 5:colcon.colcon_core.verb:set package 'Img_Handle' build argument 'cmake_target_skip_unavailable' from command line to 'False'
[0.741s] Level 5:colcon.colcon_core.verb:set package 'Img_Handle' build argument 'cmake_clean_cache' from command line to 'False'
[0.741s] Level 5:colcon.colcon_core.verb:set package 'Img_Handle' build argument 'cmake_clean_first' from command line to 'False'
[0.741s] Level 5:colcon.colcon_core.verb:set package 'Img_Handle' build argument 'cmake_force_configure' from command line to 'False'
[0.741s] Level 5:colcon.colcon_core.verb:set package 'Img_Handle' build argument 'ament_cmake_args' from command line to 'None'
[0.741s] Level 5:colcon.colcon_core.verb:set package 'Img_Handle' build argument 'catkin_cmake_args' from command line to 'None'
[0.741s] Level 5:colcon.colcon_core.verb:set package 'Img_Handle' build argument 'catkin_skip_building_tests' from command line to 'False'
[0.741s] DEBUG:colcon.colcon_core.verb:Building package 'Img_Handle' with the following arguments: {'ament_cmake_args': None, 'build_base': '/home/qianli/zyb/radar_station/build/Img_Handle', 'catkin_cmake_args': None, 'catkin_skip_building_tests': False, 'cmake_args': None, 'cmake_clean_cache': False, 'cmake_clean_first': False, 'cmake_force_configure': False, 'cmake_target': None, 'cmake_target_skip_unavailable': False, 'install_base': '/home/qianli/zyb/radar_station/install/Img_Handle', 'merge_install': False, 'path': '/home/qianli/zyb/radar_station/src/Img_Handle', 'symlink_install': False, 'test_result_base': None}
[0.748s] Level 5:colcon.colcon_core.verb:set package 'Qt5_displayer' build argument 'cmake_args' from command line to 'None'
[0.748s] Level 5:colcon.colcon_core.verb:set package 'Qt5_displayer' build argument 'cmake_target' from command line to 'None'
[0.748s] Level 5:colcon.colcon_core.verb:set package 'Qt5_displayer' build argument 'cmake_target_skip_unavailable' from command line to 'False'
[0.748s] Level 5:colcon.colcon_core.verb:set package 'Qt5_displayer' build argument 'cmake_clean_cache' from command line to 'False'
[0.748s] Level 5:colcon.colcon_core.verb:set package 'Qt5_displayer' build argument 'cmake_clean_first' from command line to 'False'
[0.748s] Level 5:colcon.colcon_core.verb:set package 'Qt5_displayer' build argument 'cmake_force_configure' from command line to 'False'
[0.748s] Level 5:colcon.colcon_core.verb:set package 'Qt5_displayer' build argument 'ament_cmake_args' from command line to 'None'
[0.748s] Level 5:colcon.colcon_core.verb:set package 'Qt5_displayer' build argument 'catkin_cmake_args' from command line to 'None'
[0.748s] Level 5:colcon.colcon_core.verb:set package 'Qt5_displayer' build argument 'catkin_skip_building_tests' from command line to 'False'
[0.748s] DEBUG:colcon.colcon_core.verb:Building package 'Qt5_displayer' with the following arguments: {'ament_cmake_args': None, 'build_base': '/home/qianli/zyb/radar_station/build/Qt5_displayer', 'catkin_cmake_args': None, 'catkin_skip_building_tests': False, 'cmake_args': None, 'cmake_clean_cache': False, 'cmake_clean_first': False, 'cmake_force_configure': False, 'cmake_target': None, 'cmake_target_skip_unavailable': False, 'install_base': '/home/qianli/zyb/radar_station/install/Qt5_displayer', 'merge_install': False, 'path': '/home/qianli/zyb/radar_station/src/Qt5_displayer', 'symlink_install': False, 'test_result_base': None}
[0.755s] Level 5:colcon.colcon_core.verb:set package 'get_depth' build argument 'cmake_args' from command line to 'None'
[0.755s] Level 5:colcon.colcon_core.verb:set package 'get_depth' build argument 'cmake_target' from command line to 'None'
[0.755s] Level 5:colcon.colcon_core.verb:set package 'get_depth' build argument 'cmake_target_skip_unavailable' from command line to 'False'
[0.755s] Level 5:colcon.colcon_core.verb:set package 'get_depth' build argument 'cmake_clean_cache' from command line to 'False'
[0.755s] Level 5:colcon.colcon_core.verb:set package 'get_depth' build argument 'cmake_clean_first' from command line to 'False'
[0.755s] Level 5:colcon.colcon_core.verb:set package 'get_depth' build argument 'cmake_force_configure' from command line to 'False'
[0.755s] Level 5:colcon.colcon_core.verb:set package 'get_depth' build argument 'ament_cmake_args' from command line to 'None'
[0.755s] Level 5:colcon.colcon_core.verb:set package 'get_depth' build argument 'catkin_cmake_args' from command line to 'None'
[0.755s] Level 5:colcon.colcon_core.verb:set package 'get_depth' build argument 'catkin_skip_building_tests' from command line to 'False'
[0.755s] DEBUG:colcon.colcon_core.verb:Building package 'get_depth' with the following arguments: {'ament_cmake_args': None, 'build_base': '/home/qianli/zyb/radar_station/build/get_depth', 'catkin_cmake_args': None, 'catkin_skip_building_tests': False, 'cmake_args': None, 'cmake_clean_cache': False, 'cmake_clean_first': False, 'cmake_force_configure': False, 'cmake_target': None, 'cmake_target_skip_unavailable': False, 'install_base': '/home/qianli/zyb/radar_station/install/get_depth', 'merge_install': False, 'path': '/home/qianli/zyb/radar_station/src/get_depth', 'symlink_install': False, 'test_result_base': None}
[0.762s] Level 5:colcon.colcon_core.verb:set package 'map_test' build argument 'cmake_args' from command line to 'None'
[0.762s] Level 5:colcon.colcon_core.verb:set package 'map_test' build argument 'cmake_target' from command line to 'None'
[0.762s] Level 5:colcon.colcon_core.verb:set package 'map_test' build argument 'cmake_target_skip_unavailable' from command line to 'False'
[0.762s] Level 5:colcon.colcon_core.verb:set package 'map_test' build argument 'cmake_clean_cache' from command line to 'False'
[0.762s] Level 5:colcon.colcon_core.verb:set package 'map_test' build argument 'cmake_clean_first' from command line to 'False'
[0.762s] Level 5:colcon.colcon_core.verb:set package 'map_test' build argument 'cmake_force_configure' from command line to 'False'
[0.762s] Level 5:colcon.colcon_core.verb:set package 'map_test' build argument 'ament_cmake_args' from command line to 'None'
[0.762s] Level 5:colcon.colcon_core.verb:set package 'map_test' build argument 'catkin_cmake_args' from command line to 'None'
[0.762s] Level 5:colcon.colcon_core.verb:set package 'map_test' build argument 'catkin_skip_building_tests' from command line to 'False'
[0.762s] DEBUG:colcon.colcon_core.verb:Building package 'map_test' with the following arguments: {'ament_cmake_args': None, 'build_base': '/home/qianli/zyb/radar_station/build/map_test', 'catkin_cmake_args': None, 'catkin_skip_building_tests': False, 'cmake_args': None, 'cmake_clean_cache': False, 'cmake_clean_first': False, 'cmake_force_configure': False, 'cmake_target': None, 'cmake_target_skip_unavailable': False, 'install_base': '/home/qianli/zyb/radar_station/install/map_test', 'merge_install': False, 'path': '/home/qianli/zyb/radar_station/src/map_test', 'symlink_install': False, 'test_result_base': None}
[0.769s] INFO:colcon.colcon_core.executor:Executing jobs using 'parallel' executor
[0.777s] DEBUG:colcon.colcon_parallel_executor.executor.parallel:run_until_complete
[0.777s] INFO:colcon.colcon_ros.task.ament_cmake.build:Building ROS package in '/home/qianli/zyb/radar_station/src/my_msgss' with build type 'ament_cmake'
[0.777s] INFO:colcon.colcon_cmake.task.cmake.build:Building CMake package in '/home/qianli/zyb/radar_station/src/my_msgss'
[0.787s] INFO:colcon.colcon_core.plugin_system:Skipping extension 'colcon_core.shell.bat': Not used on non-Windows systems
[0.787s] INFO:colcon.colcon_core.shell:Skip shell extension 'powershell' for command environment: Not usable outside of PowerShell
[0.787s] DEBUG:colcon.colcon_core.shell:Skip shell extension 'dsv' for command environment
[0.802s] INFO:colcon.colcon_ros.task.ament_cmake.build:Building ROS package in '/home/qianli/zyb/radar_station/src/Yolo_Handle' with build type 'ament_cmake'
[0.803s] INFO:colcon.colcon_cmake.task.cmake.build:Building CMake package in '/home/qianli/zyb/radar_station/src/Yolo_Handle'
[0.810s] INFO:colcon.colcon_core.shell:Skip shell extension 'powershell' for command environment: Not usable outside of PowerShell
[0.811s] DEBUG:colcon.colcon_core.shell:Skip shell extension 'dsv' for command environment
[0.832s] DEBUG:colcon.colcon_core.event_handler.log_command:Invoking command in '/home/qianli/zyb/radar_station/build/my_msgss': CMAKE_PREFIX_PATH=/opt/ros/humble /usr/bin/cmake /home/qianli/zyb/radar_station/src/my_msgss -DCMAKE_INSTALL_PREFIX=/home/qianli/zyb/radar_station/install/my_msgss
[0.833s] DEBUG:colcon.colcon_core.event_handler.log_command:Invoking command in '/home/qianli/zyb/radar_station/build/Yolo_Handle': CMAKE_PREFIX_PATH=/opt/ros/humble /usr/bin/cmake /home/qianli/zyb/radar_station/src/Yolo_Handle -DCMAKE_INSTALL_PREFIX=/home/qianli/zyb/radar_station/install/Yolo_Handle
[1.208s] DEBUG:colcon.colcon_core.event_handler.log_command:Invoked command in '/home/qianli/zyb/radar_station/build/Yolo_Handle' returned '0': CMAKE_PREFIX_PATH=/opt/ros/humble /usr/bin/cmake /home/qianli/zyb/radar_station/src/Yolo_Handle -DCMAKE_INSTALL_PREFIX=/home/qianli/zyb/radar_station/install/Yolo_Handle
[1.211s] DEBUG:colcon.colcon_core.event_handler.log_command:Invoking command in '/home/qianli/zyb/radar_station/build/Yolo_Handle': CMAKE_PREFIX_PATH=/opt/ros/humble /usr/bin/cmake --build /home/qianli/zyb/radar_station/build/Yolo_Handle -- -j16 -l16
[1.232s] DEBUG:colcon.colcon_core.event_handler.log_command:Invoked command in '/home/qianli/zyb/radar_station/build/Yolo_Handle' returned '0': CMAKE_PREFIX_PATH=/opt/ros/humble /usr/bin/cmake --build /home/qianli/zyb/radar_station/build/Yolo_Handle -- -j16 -l16
[1.247s] DEBUG:colcon.colcon_core.event_handler.log_command:Invoking command in '/home/qianli/zyb/radar_station/build/Yolo_Handle': CMAKE_PREFIX_PATH=/opt/ros/humble /usr/bin/cmake --install /home/qianli/zyb/radar_station/build/Yolo_Handle
[1.253s] Level 1:colcon.colcon_core.environment:create_environment_scripts_only(Yolo_Handle)
[1.253s] DEBUG:colcon.colcon_core.event_handler.log_command:Invoked command in '/home/qianli/zyb/radar_station/build/Yolo_Handle' returned '0': CMAKE_PREFIX_PATH=/opt/ros/humble /usr/bin/cmake --install /home/qianli/zyb/radar_station/build/Yolo_Handle
[1.264s] Level 1:colcon.colcon_core.environment:checking '/home/qianli/zyb/radar_station/install/Yolo_Handle' for CMake module files
[1.264s] Level 1:colcon.colcon_core.environment:checking '/home/qianli/zyb/radar_station/install/Yolo_Handle' for CMake config files
[1.264s] Level 1:colcon.colcon_core.shell:create_environment_hook('Yolo_Handle', 'cmake_prefix_path')
[1.271s] INFO:colcon.colcon_core.shell:Creating environment hook '/home/qianli/zyb/radar_station/install/Yolo_Handle/share/Yolo_Handle/hook/cmake_prefix_path.ps1'
[1.272s] INFO:colcon.colcon_core.shell:Creating environment descriptor '/home/qianli/zyb/radar_station/install/Yolo_Handle/share/Yolo_Handle/hook/cmake_prefix_path.dsv'
[1.272s] INFO:colcon.colcon_core.shell:Creating environment hook '/home/qianli/zyb/radar_station/install/Yolo_Handle/share/Yolo_Handle/hook/cmake_prefix_path.sh'
[1.272s] Level 1:colcon.colcon_core.environment:checking '/home/qianli/zyb/radar_station/install/Yolo_Handle/bin'
[1.272s] Level 1:colcon.colcon_core.environment:checking '/home/qianli/zyb/radar_station/install/Yolo_Handle/lib/pkgconfig/Yolo_Handle.pc'
[1.272s] Level 1:colcon.colcon_core.environment:checking '/home/qianli/zyb/radar_station/install/Yolo_Handle/lib/python3.10/site-packages'
[1.273s] Level 1:colcon.colcon_core.environment:checking '/home/qianli/zyb/radar_station/install/Yolo_Handle/bin'
[1.280s] INFO:colcon.colcon_core.shell:Creating package script '/home/qianli/zyb/radar_station/install/Yolo_Handle/share/Yolo_Handle/package.ps1'
[1.280s] INFO:colcon.colcon_core.shell:Creating package descriptor '/home/qianli/zyb/radar_station/install/Yolo_Handle/share/Yolo_Handle/package.dsv'
[1.281s] INFO:colcon.colcon_core.shell:Creating package script '/home/qianli/zyb/radar_station/install/Yolo_Handle/share/Yolo_Handle/package.sh'
[1.281s] INFO:colcon.colcon_core.shell:Creating package script '/home/qianli/zyb/radar_station/install/Yolo_Handle/share/Yolo_Handle/package.bash'
[1.281s] INFO:colcon.colcon_core.shell:Creating package script '/home/qianli/zyb/radar_station/install/Yolo_Handle/share/Yolo_Handle/package.zsh'
[1.282s] Level 1:colcon.colcon_core.environment:create_file_with_runtime_dependencies(/home/qianli/zyb/radar_station/install/Yolo_Handle/share/colcon-core/packages/Yolo_Handle)
[1.311s] Level 1:colcon.colcon_core.environment:create_environment_scripts_only(Yolo_Handle)
[1.318s] Level 1:colcon.colcon_core.environment:checking '/home/qianli/zyb/radar_station/install/Yolo_Handle' for CMake module files
[1.319s] Level 1:colcon.colcon_core.environment:checking '/home/qianli/zyb/radar_station/install/Yolo_Handle' for CMake config files
[1.319s] Level 1:colcon.colcon_core.shell:create_environment_hook('Yolo_Handle', 'cmake_prefix_path')
[1.326s] INFO:colcon.colcon_core.shell:Creating environment hook '/home/qianli/zyb/radar_station/install/Yolo_Handle/share/Yolo_Handle/hook/cmake_prefix_path.ps1'
[1.326s] INFO:colcon.colcon_core.shell:Creating environment descriptor '/home/qianli/zyb/radar_station/install/Yolo_Handle/share/Yolo_Handle/hook/cmake_prefix_path.dsv'
[1.327s] INFO:colcon.colcon_core.shell:Creating environment hook '/home/qianli/zyb/radar_station/install/Yolo_Handle/share/Yolo_Handle/hook/cmake_prefix_path.sh'
[1.327s] Level 1:colcon.colcon_core.environment:checking '/home/qianli/zyb/radar_station/install/Yolo_Handle/bin'
[1.327s] Level 1:colcon.colcon_core.environment:checking '/home/qianli/zyb/radar_station/install/Yolo_Handle/lib/pkgconfig/Yolo_Handle.pc'
[1.327s] Level 1:colcon.colcon_core.environment:checking '/home/qianli/zyb/radar_station/install/Yolo_Handle/lib/python3.10/site-packages'
[1.327s] Level 1:colcon.colcon_core.environment:checking '/home/qianli/zyb/radar_station/install/Yolo_Handle/bin'
[1.335s] INFO:colcon.colcon_core.shell:Creating package script '/home/qianli/zyb/radar_station/install/Yolo_Handle/share/Yolo_Handle/package.ps1'
[1.335s] INFO:colcon.colcon_core.shell:Creating package descriptor '/home/qianli/zyb/radar_station/install/Yolo_Handle/share/Yolo_Handle/package.dsv'
[1.335s] INFO:colcon.colcon_core.shell:Creating package script '/home/qianli/zyb/radar_station/install/Yolo_Handle/share/Yolo_Handle/package.sh'
[1.336s] INFO:colcon.colcon_core.shell:Creating package script '/home/qianli/zyb/radar_station/install/Yolo_Handle/share/Yolo_Handle/package.bash'
[1.336s] INFO:colcon.colcon_core.shell:Creating package script '/home/qianli/zyb/radar_station/install/Yolo_Handle/share/Yolo_Handle/package.zsh'
[1.336s] Level 1:colcon.colcon_core.environment:create_file_with_runtime_dependencies(/home/qianli/zyb/radar_station/install/Yolo_Handle/share/colcon-core/packages/Yolo_Handle)
[1.770s] DEBUG:colcon.colcon_core.event_handler.log_command:Invoked command in '/home/qianli/zyb/radar_station/build/my_msgss' returned '0': CMAKE_PREFIX_PATH=/opt/ros/humble /usr/bin/cmake /home/qianli/zyb/radar_station/src/my_msgss -DCMAKE_INSTALL_PREFIX=/home/qianli/zyb/radar_station/install/my_msgss
[1.770s] DEBUG:colcon.colcon_core.event_handler.log_command:Invoking command in '/home/qianli/zyb/radar_station/build/my_msgss': CMAKE_PREFIX_PATH=/opt/ros/humble /usr/bin/cmake --build /home/qianli/zyb/radar_station/build/my_msgss -- -j16 -l16
[3.900s] DEBUG:colcon.colcon_core.event_handler.log_command:Invoked command in '/home/qianli/zyb/radar_station/build/my_msgss' returned '0': CMAKE_PREFIX_PATH=/opt/ros/humble /usr/bin/cmake --build /home/qianli/zyb/radar_station/build/my_msgss -- -j16 -l16
[3.957s] DEBUG:colcon.colcon_core.event_handler.log_command:Invoking command in '/home/qianli/zyb/radar_station/build/my_msgss': CMAKE_PREFIX_PATH=/opt/ros/humble /usr/bin/cmake --install /home/qianli/zyb/radar_station/build/my_msgss
[4.001s] Level 1:colcon.colcon_core.environment:create_environment_scripts_only(my_msgss)
[4.002s] DEBUG:colcon.colcon_core.event_handler.log_command:Invoked command in '/home/qianli/zyb/radar_station/build/my_msgss' returned '0': CMAKE_PREFIX_PATH=/opt/ros/humble /usr/bin/cmake --install /home/qianli/zyb/radar_station/build/my_msgss
[4.013s] Level 1:colcon.colcon_core.environment:checking '/home/qianli/zyb/radar_station/install/my_msgss' for CMake module files
[4.014s] Level 1:colcon.colcon_core.environment:checking '/home/qianli/zyb/radar_station/install/my_msgss' for CMake config files
[4.014s] Level 1:colcon.colcon_core.shell:create_environment_hook('my_msgss', 'cmake_prefix_path')
[4.022s] INFO:colcon.colcon_core.shell:Creating environment hook '/home/qianli/zyb/radar_station/install/my_msgss/share/my_msgss/hook/cmake_prefix_path.ps1'
[4.022s] INFO:colcon.colcon_core.shell:Creating environment descriptor '/home/qianli/zyb/radar_station/install/my_msgss/share/my_msgss/hook/cmake_prefix_path.dsv'
[4.022s] INFO:colcon.colcon_core.shell:Creating environment hook '/home/qianli/zyb/radar_station/install/my_msgss/share/my_msgss/hook/cmake_prefix_path.sh'
[4.022s] Level 1:colcon.colcon_core.environment:checking '/home/qianli/zyb/radar_station/install/my_msgss/lib'
[4.023s] Level 1:colcon.colcon_core.shell:create_environment_hook('my_msgss', 'ld_library_path_lib')
[4.030s] INFO:colcon.colcon_core.shell:Creating environment hook '/home/qianli/zyb/radar_station/install/my_msgss/share/my_msgss/hook/ld_library_path_lib.ps1'
[4.030s] INFO:colcon.colcon_core.shell:Creating environment descriptor '/home/qianli/zyb/radar_station/install/my_msgss/share/my_msgss/hook/ld_library_path_lib.dsv'
[4.030s] INFO:colcon.colcon_core.shell:Creating environment hook '/home/qianli/zyb/radar_station/install/my_msgss/share/my_msgss/hook/ld_library_path_lib.sh'
[4.030s] Level 1:colcon.colcon_core.environment:checking '/home/qianli/zyb/radar_station/install/my_msgss/bin'
[4.030s] Level 1:colcon.colcon_core.environment:checking '/home/qianli/zyb/radar_station/install/my_msgss/lib/pkgconfig/my_msgss.pc'
[4.031s] Level 1:colcon.colcon_core.environment:checking '/home/qianli/zyb/radar_station/install/my_msgss/lib/python3.10/site-packages'
[4.031s] Level 1:colcon.colcon_core.environment:checking '/home/qianli/zyb/radar_station/install/my_msgss/bin'
[4.038s] INFO:colcon.colcon_core.shell:Creating package script '/home/qianli/zyb/radar_station/install/my_msgss/share/my_msgss/package.ps1'
[4.038s] INFO:colcon.colcon_core.shell:Creating package descriptor '/home/qianli/zyb/radar_station/install/my_msgss/share/my_msgss/package.dsv'
[4.038s] INFO:colcon.colcon_core.shell:Creating package script '/home/qianli/zyb/radar_station/install/my_msgss/share/my_msgss/package.sh'
[4.039s] INFO:colcon.colcon_core.shell:Creating package script '/home/qianli/zyb/radar_station/install/my_msgss/share/my_msgss/package.bash'
[4.039s] INFO:colcon.colcon_core.shell:Creating package script '/home/qianli/zyb/radar_station/install/my_msgss/share/my_msgss/package.zsh'
[4.039s] Level 1:colcon.colcon_core.environment:create_file_with_runtime_dependencies(/home/qianli/zyb/radar_station/install/my_msgss/share/colcon-core/packages/my_msgss)
[4.102s] Level 1:colcon.colcon_core.environment:create_environment_scripts_only(my_msgss)
[4.109s] Level 1:colcon.colcon_core.environment:checking '/home/qianli/zyb/radar_station/install/my_msgss' for CMake module files
[4.110s] Level 1:colcon.colcon_core.environment:checking '/home/qianli/zyb/radar_station/install/my_msgss' for CMake config files
[4.110s] Level 1:colcon.colcon_core.shell:create_environment_hook('my_msgss', 'cmake_prefix_path')
[4.118s] INFO:colcon.colcon_core.shell:Creating environment hook '/home/qianli/zyb/radar_station/install/my_msgss/share/my_msgss/hook/cmake_prefix_path.ps1'
[4.119s] INFO:colcon.colcon_core.shell:Creating environment descriptor '/home/qianli/zyb/radar_station/install/my_msgss/share/my_msgss/hook/cmake_prefix_path.dsv'
[4.119s] INFO:colcon.colcon_core.shell:Creating environment hook '/home/qianli/zyb/radar_station/install/my_msgss/share/my_msgss/hook/cmake_prefix_path.sh'
[4.119s] Level 1:colcon.colcon_core.environment:checking '/home/qianli/zyb/radar_station/install/my_msgss/lib'
[4.119s] Level 1:colcon.colcon_core.shell:create_environment_hook('my_msgss', 'ld_library_path_lib')
[4.126s] INFO:colcon.colcon_core.shell:Creating environment hook '/home/qianli/zyb/radar_station/install/my_msgss/share/my_msgss/hook/ld_library_path_lib.ps1'
[4.127s] INFO:colcon.colcon_core.shell:Creating environment descriptor '/home/qianli/zyb/radar_station/install/my_msgss/share/my_msgss/hook/ld_library_path_lib.dsv'
[4.127s] INFO:colcon.colcon_core.shell:Creating environment hook '/home/qianli/zyb/radar_station/install/my_msgss/share/my_msgss/hook/ld_library_path_lib.sh'
[4.127s] Level 1:colcon.colcon_core.environment:checking '/home/qianli/zyb/radar_station/install/my_msgss/bin'
[4.127s] Level 1:colcon.colcon_core.environment:checking '/home/qianli/zyb/radar_station/install/my_msgss/lib/pkgconfig/my_msgss.pc'
[4.127s] Level 1:colcon.colcon_core.environment:checking '/home/qianli/zyb/radar_station/install/my_msgss/lib/python3.10/site-packages'
[4.127s] Level 1:colcon.colcon_core.environment:checking '/home/qianli/zyb/radar_station/install/my_msgss/bin'
[4.135s] INFO:colcon.colcon_core.shell:Creating package script '/home/qianli/zyb/radar_station/install/my_msgss/share/my_msgss/package.ps1'
[4.135s] INFO:colcon.colcon_core.shell:Creating package descriptor '/home/qianli/zyb/radar_station/install/my_msgss/share/my_msgss/package.dsv'
[4.135s] INFO:colcon.colcon_core.shell:Creating package script '/home/qianli/zyb/radar_station/install/my_msgss/share/my_msgss/package.sh'
[4.136s] INFO:colcon.colcon_core.shell:Creating package script '/home/qianli/zyb/radar_station/install/my_msgss/share/my_msgss/package.bash'
[4.136s] INFO:colcon.colcon_core.shell:Creating package script '/home/qianli/zyb/radar_station/install/my_msgss/share/my_msgss/package.zsh'
[4.136s] Level 1:colcon.colcon_core.environment:create_file_with_runtime_dependencies(/home/qianli/zyb/radar_station/install/my_msgss/share/colcon-core/packages/my_msgss)
[4.136s] INFO:colcon.colcon_ros.task.ament_cmake.build:Building ROS package in '/home/qianli/zyb/radar_station/src/Game_Map' with build type 'ament_cmake'
[4.136s] INFO:colcon.colcon_cmake.task.cmake.build:Building CMake package in '/home/qianli/zyb/radar_station/src/Game_Map'
[4.144s] INFO:colcon.colcon_core.shell:Skip shell extension 'powershell' for command environment: Not usable outside of PowerShell
[4.145s] DEBUG:colcon.colcon_core.shell:Skip shell extension 'dsv' for command environment
[4.160s] INFO:colcon.colcon_ros.task.ament_cmake.build:Building ROS package in '/home/qianli/zyb/radar_station/src/Img_Handle' with build type 'ament_cmake'
[4.160s] INFO:colcon.colcon_cmake.task.cmake.build:Building CMake package in '/home/qianli/zyb/radar_station/src/Img_Handle'
[4.168s] INFO:colcon.colcon_core.shell:Skip shell extension 'powershell' for command environment: Not usable outside of PowerShell
[4.168s] DEBUG:colcon.colcon_core.shell:Skip shell extension 'dsv' for command environment
[4.185s] INFO:colcon.colcon_ros.task.ament_cmake.build:Building ROS package in '/home/qianli/zyb/radar_station/src/Qt5_displayer' with build type 'ament_cmake'
[4.185s] INFO:colcon.colcon_cmake.task.cmake.build:Building CMake package in '/home/qianli/zyb/radar_station/src/Qt5_displayer'
[4.192s] INFO:colcon.colcon_core.shell:Skip shell extension 'powershell' for command environment: Not usable outside of PowerShell
[4.192s] DEBUG:colcon.colcon_core.shell:Skip shell extension 'dsv' for command environment
[4.211s] INFO:colcon.colcon_ros.task.ament_cmake.build:Building ROS package in '/home/qianli/zyb/radar_station/src/get_depth' with build type 'ament_cmake'
[4.211s] INFO:colcon.colcon_cmake.task.cmake.build:Building CMake package in '/home/qianli/zyb/radar_station/src/get_depth'
[4.218s] INFO:colcon.colcon_core.shell:Skip shell extension 'powershell' for command environment: Not usable outside of PowerShell
[4.219s] DEBUG:colcon.colcon_core.shell:Skip shell extension 'dsv' for command environment
[4.234s] INFO:colcon.colcon_ros.task.ament_cmake.build:Building ROS package in '/home/qianli/zyb/radar_station/src/map_test' with build type 'ament_cmake'
[4.234s] INFO:colcon.colcon_cmake.task.cmake.build:Building CMake package in '/home/qianli/zyb/radar_station/src/map_test'
[4.242s] INFO:colcon.colcon_core.shell:Skip shell extension 'powershell' for command environment: Not usable outside of PowerShell
[4.242s] DEBUG:colcon.colcon_core.shell:Skip shell extension 'dsv' for command environment
[4.261s] DEBUG:colcon.colcon_core.event_handler.log_command:Invoking command in '/home/qianli/zyb/radar_station/build/Game_Map': AMENT_PREFIX_PATH=/home/qianli/zyb/radar_station/install/my_msgss:${AMENT_PREFIX_PATH} CMAKE_PREFIX_PATH=/home/qianli/zyb/radar_station/install/my_msgss:/opt/ros/humble LD_LIBRARY_PATH=/home/qianli/zyb/radar_station/install/my_msgss/lib:${LD_LIBRARY_PATH} PYTHONPATH=/home/qianli/zyb/radar_station/install/my_msgss/local/lib/python3.10/dist-packages:${PYTHONPATH} /usr/bin/cmake /home/qianli/zyb/radar_station/src/Game_Map -DCMAKE_INSTALL_PREFIX=/home/qianli/zyb/radar_station/install/Game_Map
[4.263s] DEBUG:colcon.colcon_core.event_handler.log_command:Invoking command in '/home/qianli/zyb/radar_station/build/Img_Handle': AMENT_PREFIX_PATH=/home/qianli/zyb/radar_station/install/my_msgss:${AMENT_PREFIX_PATH} CMAKE_PREFIX_PATH=/home/qianli/zyb/radar_station/install/my_msgss:/opt/ros/humble LD_LIBRARY_PATH=/home/qianli/zyb/radar_station/install/my_msgss/lib:${LD_LIBRARY_PATH} PYTHONPATH=/home/qianli/zyb/radar_station/install/my_msgss/local/lib/python3.10/dist-packages:${PYTHONPATH} /usr/bin/cmake /home/qianli/zyb/radar_station/src/Img_Handle -DCMAKE_INSTALL_PREFIX=/home/qianli/zyb/radar_station/install/Img_Handle
[4.267s] DEBUG:colcon.colcon_core.event_handler.log_command:Invoking command in '/home/qianli/zyb/radar_station/build/Qt5_displayer': AMENT_PREFIX_PATH=/home/qianli/zyb/radar_station/install/my_msgss:${AMENT_PREFIX_PATH} CMAKE_PREFIX_PATH=/home/qianli/zyb/radar_station/install/my_msgss:/opt/ros/humble LD_LIBRARY_PATH=/home/qianli/zyb/radar_station/install/my_msgss/lib:${LD_LIBRARY_PATH} PYTHONPATH=/home/qianli/zyb/radar_station/install/my_msgss/local/lib/python3.10/dist-packages:${PYTHONPATH} /usr/bin/cmake /home/qianli/zyb/radar_station/src/Qt5_displayer -DCMAKE_INSTALL_PREFIX=/home/qianli/zyb/radar_station/install/Qt5_displayer
[4.269s] DEBUG:colcon.colcon_core.event_handler.log_command:Invoking command in '/home/qianli/zyb/radar_station/build/get_depth': AMENT_PREFIX_PATH=/home/qianli/zyb/radar_station/install/my_msgss:${AMENT_PREFIX_PATH} CMAKE_PREFIX_PATH=/home/qianli/zyb/radar_station/install/my_msgss:/opt/ros/humble LD_LIBRARY_PATH=/home/qianli/zyb/radar_station/install/my_msgss/lib:${LD_LIBRARY_PATH} PYTHONPATH=/home/qianli/zyb/radar_station/install/my_msgss/local/lib/python3.10/dist-packages:${PYTHONPATH} /usr/bin/cmake /home/qianli/zyb/radar_station/src/get_depth -DCMAKE_INSTALL_PREFIX=/home/qianli/zyb/radar_station/install/get_depth
[4.270s] DEBUG:colcon.colcon_core.event_handler.log_command:Invoking command in '/home/qianli/zyb/radar_station/build/map_test': AMENT_PREFIX_PATH=/home/qianli/zyb/radar_station/install/my_msgss:${AMENT_PREFIX_PATH} CMAKE_PREFIX_PATH=/home/qianli/zyb/radar_station/install/my_msgss:/opt/ros/humble LD_LIBRARY_PATH=/home/qianli/zyb/radar_station/install/my_msgss/lib:${LD_LIBRARY_PATH} PYTHONPATH=/home/qianli/zyb/radar_station/install/my_msgss/local/lib/python3.10/dist-packages:${PYTHONPATH} /usr/bin/cmake /home/qianli/zyb/radar_station/src/map_test -DCMAKE_INSTALL_PREFIX=/home/qianli/zyb/radar_station/install/map_test
[5.223s] DEBUG:colcon.colcon_core.event_handler.log_command:Invoked command in '/home/qianli/zyb/radar_station/build/Img_Handle' returned '0': AMENT_PREFIX_PATH=/home/qianli/zyb/radar_station/install/my_msgss:${AMENT_PREFIX_PATH} CMAKE_PREFIX_PATH=/home/qianli/zyb/radar_station/install/my_msgss:/opt/ros/humble LD_LIBRARY_PATH=/home/qianli/zyb/radar_station/install/my_msgss/lib:${LD_LIBRARY_PATH} PYTHONPATH=/home/qianli/zyb/radar_station/install/my_msgss/local/lib/python3.10/dist-packages:${PYTHONPATH} /usr/bin/cmake /home/qianli/zyb/radar_station/src/Img_Handle -DCMAKE_INSTALL_PREFIX=/home/qianli/zyb/radar_station/install/Img_Handle
[5.224s] DEBUG:colcon.colcon_core.event_handler.log_command:Invoking command in '/home/qianli/zyb/radar_station/build/Img_Handle': AMENT_PREFIX_PATH=/home/qianli/zyb/radar_station/install/my_msgss:${AMENT_PREFIX_PATH} CMAKE_PREFIX_PATH=/home/qianli/zyb/radar_station/install/my_msgss:/opt/ros/humble LD_LIBRARY_PATH=/home/qianli/zyb/radar_station/install/my_msgss/lib:${LD_LIBRARY_PATH} PYTHONPATH=/home/qianli/zyb/radar_station/install/my_msgss/local/lib/python3.10/dist-packages:${PYTHONPATH} /usr/bin/cmake --build /home/qianli/zyb/radar_station/build/Img_Handle -- -j16 -l16
[5.276s] DEBUG:colcon.colcon_core.event_handler.log_command:Invoked command in '/home/qianli/zyb/radar_station/build/Qt5_displayer' returned '0': AMENT_PREFIX_PATH=/home/qianli/zyb/radar_station/install/my_msgss:${AMENT_PREFIX_PATH} CMAKE_PREFIX_PATH=/home/qianli/zyb/radar_station/install/my_msgss:/opt/ros/humble LD_LIBRARY_PATH=/home/qianli/zyb/radar_station/install/my_msgss/lib:${LD_LIBRARY_PATH} PYTHONPATH=/home/qianli/zyb/radar_station/install/my_msgss/local/lib/python3.10/dist-packages:${PYTHONPATH} /usr/bin/cmake /home/qianli/zyb/radar_station/src/Qt5_displayer -DCMAKE_INSTALL_PREFIX=/home/qianli/zyb/radar_station/install/Qt5_displayer
[5.277s] DEBUG:colcon.colcon_core.event_handler.log_command:Invoking command in '/home/qianli/zyb/radar_station/build/Qt5_displayer': AMENT_PREFIX_PATH=/home/qianli/zyb/radar_station/install/my_msgss:${AMENT_PREFIX_PATH} CMAKE_PREFIX_PATH=/home/qianli/zyb/radar_station/install/my_msgss:/opt/ros/humble LD_LIBRARY_PATH=/home/qianli/zyb/radar_station/install/my_msgss/lib:${LD_LIBRARY_PATH} PYTHONPATH=/home/qianli/zyb/radar_station/install/my_msgss/local/lib/python3.10/dist-packages:${PYTHONPATH} /usr/bin/cmake --build /home/qianli/zyb/radar_station/build/Qt5_displayer -- -j16 -l16
[5.362s] DEBUG:colcon.colcon_core.event_handler.log_command:Invoked command in '/home/qianli/zyb/radar_station/build/Game_Map' returned '0': AMENT_PREFIX_PATH=/home/qianli/zyb/radar_station/install/my_msgss:${AMENT_PREFIX_PATH} CMAKE_PREFIX_PATH=/home/qianli/zyb/radar_station/install/my_msgss:/opt/ros/humble LD_LIBRARY_PATH=/home/qianli/zyb/radar_station/install/my_msgss/lib:${LD_LIBRARY_PATH} PYTHONPATH=/home/qianli/zyb/radar_station/install/my_msgss/local/lib/python3.10/dist-packages:${PYTHONPATH} /usr/bin/cmake /home/qianli/zyb/radar_station/src/Game_Map -DCMAKE_INSTALL_PREFIX=/home/qianli/zyb/radar_station/install/Game_Map
[5.363s] DEBUG:colcon.colcon_core.event_handler.log_command:Invoking command in '/home/qianli/zyb/radar_station/build/Game_Map': AMENT_PREFIX_PATH=/home/qianli/zyb/radar_station/install/my_msgss:${AMENT_PREFIX_PATH} CMAKE_PREFIX_PATH=/home/qianli/zyb/radar_station/install/my_msgss:/opt/ros/humble LD_LIBRARY_PATH=/home/qianli/zyb/radar_station/install/my_msgss/lib:${LD_LIBRARY_PATH} PYTHONPATH=/home/qianli/zyb/radar_station/install/my_msgss/local/lib/python3.10/dist-packages:${PYTHONPATH} /usr/bin/cmake --build /home/qianli/zyb/radar_station/build/Game_Map -- -j16 -l16
[5.364s] DEBUG:colcon.colcon_core.event_handler.log_command:Invoked command in '/home/qianli/zyb/radar_station/build/map_test' returned '0': AMENT_PREFIX_PATH=/home/qianli/zyb/radar_station/install/my_msgss:${AMENT_PREFIX_PATH} CMAKE_PREFIX_PATH=/home/qianli/zyb/radar_station/install/my_msgss:/opt/ros/humble LD_LIBRARY_PATH=/home/qianli/zyb/radar_station/install/my_msgss/lib:${LD_LIBRARY_PATH} PYTHONPATH=/home/qianli/zyb/radar_station/install/my_msgss/local/lib/python3.10/dist-packages:${PYTHONPATH} /usr/bin/cmake /home/qianli/zyb/radar_station/src/map_test -DCMAKE_INSTALL_PREFIX=/home/qianli/zyb/radar_station/install/map_test
[5.365s] DEBUG:colcon.colcon_core.event_handler.log_command:Invoking command in '/home/qianli/zyb/radar_station/build/map_test': AMENT_PREFIX_PATH=/home/qianli/zyb/radar_station/install/my_msgss:${AMENT_PREFIX_PATH} CMAKE_PREFIX_PATH=/home/qianli/zyb/radar_station/install/my_msgss:/opt/ros/humble LD_LIBRARY_PATH=/home/qianli/zyb/radar_station/install/my_msgss/lib:${LD_LIBRARY_PATH} PYTHONPATH=/home/qianli/zyb/radar_station/install/my_msgss/local/lib/python3.10/dist-packages:${PYTHONPATH} /usr/bin/cmake --build /home/qianli/zyb/radar_station/build/map_test -- -j16 -l16
[5.950s] DEBUG:colcon.colcon_core.event_handler.log_command:Invoked command in '/home/qianli/zyb/radar_station/build/get_depth' returned '0': AMENT_PREFIX_PATH=/home/qianli/zyb/radar_station/install/my_msgss:${AMENT_PREFIX_PATH} CMAKE_PREFIX_PATH=/home/qianli/zyb/radar_station/install/my_msgss:/opt/ros/humble LD_LIBRARY_PATH=/home/qianli/zyb/radar_station/install/my_msgss/lib:${LD_LIBRARY_PATH} PYTHONPATH=/home/qianli/zyb/radar_station/install/my_msgss/local/lib/python3.10/dist-packages:${PYTHONPATH} /usr/bin/cmake /home/qianli/zyb/radar_station/src/get_depth -DCMAKE_INSTALL_PREFIX=/home/qianli/zyb/radar_station/install/get_depth
[5.951s] DEBUG:colcon.colcon_core.event_handler.log_command:Invoking command in '/home/qianli/zyb/radar_station/build/get_depth': AMENT_PREFIX_PATH=/home/qianli/zyb/radar_station/install/my_msgss:${AMENT_PREFIX_PATH} CMAKE_PREFIX_PATH=/home/qianli/zyb/radar_station/install/my_msgss:/opt/ros/humble LD_LIBRARY_PATH=/home/qianli/zyb/radar_station/install/my_msgss/lib:${LD_LIBRARY_PATH} PYTHONPATH=/home/qianli/zyb/radar_station/install/my_msgss/local/lib/python3.10/dist-packages:${PYTHONPATH} /usr/bin/cmake --build /home/qianli/zyb/radar_station/build/get_depth -- -j16 -l16
[13.241s] DEBUG:colcon.colcon_core.event_handler.log_command:Invoked command in '/home/qianli/zyb/radar_station/build/Img_Handle' returned '2': AMENT_PREFIX_PATH=/home/qianli/zyb/radar_station/install/my_msgss:${AMENT_PREFIX_PATH} CMAKE_PREFIX_PATH=/home/qianli/zyb/radar_station/install/my_msgss:/opt/ros/humble LD_LIBRARY_PATH=/home/qianli/zyb/radar_station/install/my_msgss/lib:${LD_LIBRARY_PATH} PYTHONPATH=/home/qianli/zyb/radar_station/install/my_msgss/local/lib/python3.10/dist-packages:${PYTHONPATH} /usr/bin/cmake --build /home/qianli/zyb/radar_station/build/Img_Handle -- -j16 -l16
[13.286s] Level 1:colcon.colcon_core.environment:create_environment_scripts_only(Img_Handle)
[13.303s] Level 1:colcon.colcon_core.environment:checking '/home/qianli/zyb/radar_station/install/Img_Handle' for CMake module files
[13.303s] Level 1:colcon.colcon_core.environment:checking '/home/qianli/zyb/radar_station/install/Img_Handle' for CMake config files
[13.304s] Level 1:colcon.colcon_core.environment:checking '/home/qianli/zyb/radar_station/install/Img_Handle/bin'
[13.304s] Level 1:colcon.colcon_core.environment:checking '/home/qianli/zyb/radar_station/install/Img_Handle/lib/pkgconfig/Img_Handle.pc'
[13.304s] Level 1:colcon.colcon_core.environment:checking '/home/qianli/zyb/radar_station/install/Img_Handle/lib/python3.10/site-packages'
[13.304s] Level 1:colcon.colcon_core.environment:checking '/home/qianli/zyb/radar_station/install/Img_Handle/bin'
[13.323s] INFO:colcon.colcon_core.shell:Creating package script '/home/qianli/zyb/radar_station/install/Img_Handle/share/Img_Handle/package.ps1'
[13.324s] INFO:colcon.colcon_core.shell:Creating package descriptor '/home/qianli/zyb/radar_station/install/Img_Handle/share/Img_Handle/package.dsv'
[13.324s] INFO:colcon.colcon_core.shell:Creating package script '/home/qianli/zyb/radar_station/install/Img_Handle/share/Img_Handle/package.sh'
[13.324s] INFO:colcon.colcon_core.shell:Creating package script '/home/qianli/zyb/radar_station/install/Img_Handle/share/Img_Handle/package.bash'
[13.325s] INFO:colcon.colcon_core.shell:Creating package script '/home/qianli/zyb/radar_station/install/Img_Handle/share/Img_Handle/package.zsh'
[13.325s] Level 1:colcon.colcon_core.environment:create_file_with_runtime_dependencies(/home/qianli/zyb/radar_station/install/Img_Handle/share/colcon-core/packages/Img_Handle)
[27.781s] DEBUG:colcon.colcon_parallel_executor.executor.parallel:closing loop
[27.781s] DEBUG:colcon.colcon_parallel_executor.executor.parallel:loop closed
[27.781s] DEBUG:colcon.colcon_parallel_executor.executor.parallel:run_until_complete finished with '2'
[27.781s] DEBUG:colcon.colcon_core.event_reactor:joining thread
[27.803s] INFO:colcon.colcon_core.plugin_system:Skipping extension 'colcon_notification.desktop_notification.terminal_notifier': Not used on non-Darwin systems
[27.803s] INFO:colcon.colcon_core.plugin_system:Skipping extension 'colcon_notification.desktop_notification.win32': Not used on non-Windows systems
[27.803s] INFO:colcon.colcon_notification.desktop_notification:Sending desktop notification using 'notify2'
[27.814s] DEBUG:colcon.colcon_core.event_reactor:joined thread
[27.828s] INFO:colcon.colcon_core.shell:Creating prefix script '/home/qianli/zyb/radar_station/install/local_setup.ps1'
[27.829s] INFO:colcon.colcon_core.shell:Creating prefix util module '/home/qianli/zyb/radar_station/install/_local_setup_util_ps1.py'
[27.830s] INFO:colcon.colcon_core.shell:Creating prefix chain script '/home/qianli/zyb/radar_station/install/setup.ps1'
[27.837s] INFO:colcon.colcon_core.shell:Creating prefix script '/home/qianli/zyb/radar_station/install/local_setup.sh'
[27.838s] INFO:colcon.colcon_core.shell:Creating prefix util module '/home/qianli/zyb/radar_station/install/_local_setup_util_sh.py'
[27.838s] INFO:colcon.colcon_core.shell:Creating prefix chain script '/home/qianli/zyb/radar_station/install/setup.sh'
[27.846s] INFO:colcon.colcon_core.shell:Creating prefix script '/home/qianli/zyb/radar_station/install/local_setup.bash'
[27.846s] INFO:colcon.colcon_core.shell:Creating prefix chain script '/home/qianli/zyb/radar_station/install/setup.bash'
[27.853s] INFO:colcon.colcon_core.shell:Creating prefix script '/home/qianli/zyb/radar_station/install/local_setup.zsh'
[27.853s] INFO:colcon.colcon_core.shell:Creating prefix chain script '/home/qianli/zyb/radar_station/install/setup.zsh'
