[0.040s] Invoking command in '/home/mechax/zyb/radar_station/build/mindvision_camera': CMAKE_PREFIX_PATH=${CMAKE_PREFIX_PATH}:/opt/ros/humble /usr/bin/cmake /home/mechax/zyb/radar_station/src/ros2-mindvision-camera -DCMAKE_INSTALL_PREFIX=/home/mechax/zyb/radar_station/install/mindvision_camera
[0.047s] -- Found ament_cmake_auto: 1.3.8 (/opt/ros/humble/share/ament_cmake_auto/cmake)
[0.120s] -- Override CMake install command with custom implementation using symlinks instead of copying resources
[0.180s] -- Found rosidl_generator_c: 3.1.5 (/opt/ros/humble/share/rosidl_generator_c/cmake)
[0.181s] -- Found rosidl_adapter: 3.1.5 (/opt/ros/humble/share/rosidl_adapter/cmake)
[0.184s] -- Found rosidl_generator_cpp: 3.1.5 (/opt/ros/humble/share/rosidl_generator_cpp/cmake)
[0.191s] -- Using all available rosidl_typesupport_c: rosidl_typesupport_fastrtps_c;rosidl_typesupport_introspection_c
[0.200s] -- Using all available rosidl_typesupport_cpp: rosidl_typesupport_fastrtps_cpp;rosidl_typesupport_introspection_cpp
[0.233s] -- Found rmw_implementation_cmake: 6.1.1 (/opt/ros/humble/share/rmw_implementation_cmake/cmake)
[0.233s] -- Found rmw_fastrtps_cpp: 6.2.6 (/opt/ros/humble/share/rmw_fastrtps_cpp/cmake)
[0.304s] -- Using RMW implementation 'rmw_fastrtps_cpp' as default
[0.533s] -- Found ament_lint_auto: 0.12.10 (/opt/ros/humble/share/ament_lint_auto/cmake)
[0.539s] -- Added test 'cppcheck' to perform static code analysis on C / C++ code
[0.539s] -- Configured cppcheck include dirs: /home/mechax/zyb/radar_station/src/ros2-mindvision-camera/mvsdk/include
[0.539s] -- Configured cppcheck exclude dirs and/or files: 
[0.539s] -- Added test 'flake8' to check Python code syntax and style conventions
[0.540s] -- Added test 'lint_cmake' to check CMake code style
[0.540s] -- Added test 'pep257' to check Python code against some of the docstring style conventions in PEP 257
[0.540s] -- Added test 'xmllint' to check XML markup files
[0.541s] -- Configuring done
[0.548s] -- Generating done
[0.549s] -- Build files have been written to: /home/mechax/zyb/radar_station/build/mindvision_camera
[0.555s] Invoked command in '/home/mechax/zyb/radar_station/build/mindvision_camera' returned '0': CMAKE_PREFIX_PATH=${CMAKE_PREFIX_PATH}:/opt/ros/humble /usr/bin/cmake /home/mechax/zyb/radar_station/src/ros2-mindvision-camera -DCMAKE_INSTALL_PREFIX=/home/mechax/zyb/radar_station/install/mindvision_camera
[0.556s] Invoking command in '/home/mechax/zyb/radar_station/build/mindvision_camera': CMAKE_PREFIX_PATH=${CMAKE_PREFIX_PATH}:/opt/ros/humble /usr/bin/cmake --build /home/mechax/zyb/radar_station/build/mindvision_camera -- -j16 -l16
[0.578s] [35m[1mConsolidate compiler generated dependencies of target mindvision_camera_node[0m
[0.579s] [35m[1mConsolidate compiler generated dependencies of target mindvision_camera[0m
[0.588s] [100%] Built target mindvision_camera_node
[0.588s] [100%] Built target mindvision_camera
[0.595s] Invoked command in '/home/mechax/zyb/radar_station/build/mindvision_camera' returned '0': CMAKE_PREFIX_PATH=${CMAKE_PREFIX_PATH}:/opt/ros/humble /usr/bin/cmake --build /home/mechax/zyb/radar_station/build/mindvision_camera -- -j16 -l16
[0.610s] Invoking command in '/home/mechax/zyb/radar_station/build/mindvision_camera': CMAKE_PREFIX_PATH=${CMAKE_PREFIX_PATH}:/opt/ros/humble /usr/bin/cmake --install /home/mechax/zyb/radar_station/build/mindvision_camera
[0.614s] -- Install configuration: ""
[0.614s] -- Execute custom install script
[0.615s] -- Symlinking: /home/mechax/zyb/radar_station/install/mindvision_camera/lib/mindvision_camera/mindvision_camera_node
[0.620s] -- Symlinking: /home/mechax/zyb/radar_station/install/mindvision_camera/share/mindvision_camera/environment/library_path.sh
[0.625s] -- Symlinking: /home/mechax/zyb/radar_station/install/mindvision_camera/share/mindvision_camera/environment/library_path.dsv
[0.630s] -- Symlinking: /home/mechax/zyb/radar_station/install/mindvision_camera/lib/libmindvision_camera.so
[0.635s] -- Symlinking: /home/mechax/zyb/radar_station/install/mindvision_camera/share/mindvision_camera/config/camera_info.yaml
[0.640s] -- Symlinking: /home/mechax/zyb/radar_station/install/mindvision_camera/share/mindvision_camera/config/camera_params.yaml
[0.645s] -- Symlinking: /home/mechax/zyb/radar_station/install/mindvision_camera/share/mindvision_camera/launch/mv_launch.py
[0.651s] -- Symlinking: /home/mechax/zyb/radar_station/install/mindvision_camera/share/ament_index/resource_index/package_run_dependencies/mindvision_camera
[0.655s] -- Symlinking: /home/mechax/zyb/radar_station/install/mindvision_camera/share/ament_index/resource_index/parent_prefix_path/mindvision_camera
[0.660s] -- Symlinking: /home/mechax/zyb/radar_station/install/mindvision_camera/share/mindvision_camera/environment/ament_prefix_path.sh
[0.665s] -- Symlinking: /home/mechax/zyb/radar_station/install/mindvision_camera/share/mindvision_camera/environment/ament_prefix_path.dsv
[0.670s] -- Symlinking: /home/mechax/zyb/radar_station/install/mindvision_camera/share/mindvision_camera/environment/path.sh
[0.675s] -- Symlinking: /home/mechax/zyb/radar_station/install/mindvision_camera/share/mindvision_camera/environment/path.dsv
[0.680s] -- Symlinking: /home/mechax/zyb/radar_station/install/mindvision_camera/share/mindvision_camera/local_setup.bash
[0.685s] -- Symlinking: /home/mechax/zyb/radar_station/install/mindvision_camera/share/mindvision_camera/local_setup.sh
[0.690s] -- Symlinking: /home/mechax/zyb/radar_station/install/mindvision_camera/share/mindvision_camera/local_setup.zsh
[0.695s] -- Symlinking: /home/mechax/zyb/radar_station/install/mindvision_camera/share/mindvision_camera/local_setup.dsv
[0.699s] -- Symlinking: /home/mechax/zyb/radar_station/install/mindvision_camera/share/mindvision_camera/package.dsv
[0.704s] -- Symlinking: /home/mechax/zyb/radar_station/install/mindvision_camera/share/ament_index/resource_index/packages/mindvision_camera
[0.710s] -- Symlinking: /home/mechax/zyb/radar_station/install/mindvision_camera/share/ament_index/resource_index/rclcpp_components/mindvision_camera
[0.715s] -- Symlinking: /home/mechax/zyb/radar_station/install/mindvision_camera/share/mindvision_camera/cmake/ament_cmake_export_dependencies-extras.cmake
[0.720s] -- Symlinking: /home/mechax/zyb/radar_station/install/mindvision_camera/share/mindvision_camera/cmake/ament_cmake_export_libraries-extras.cmake
[0.724s] -- Symlinking: /home/mechax/zyb/radar_station/install/mindvision_camera/share/mindvision_camera/cmake/mindvision_cameraConfig.cmake
[0.729s] -- Symlinking: /home/mechax/zyb/radar_station/install/mindvision_camera/share/mindvision_camera/cmake/mindvision_cameraConfig-version.cmake
[0.734s] -- Symlinking: /home/mechax/zyb/radar_station/install/mindvision_camera/share/mindvision_camera/package.xml
