-- Found ament_cmake: 1.3.8 (/opt/ros/humble/share/ament_cmake/cmake)
-- Found Python3: /usr/bin/python3 (found version "3.10.12") found components: Interpreter 
-- Override CMake install command with custom implementation using symlinks instead of copying resources
-- Found rosidl_default_generators: 1.2.0 (/opt/ros/humble/share/rosidl_default_generators/cmake)
-- Using all available rosidl_typesupport_c: rosidl_typesupport_fastrtps_c;rosidl_typesupport_introspection_c
-- Found rosidl_adapter: 3.1.5 (/opt/ros/humble/share/rosidl_adapter/cmake)
-- Using all available rosidl_typesupport_cpp: rosidl_typesupport_fastrtps_cpp;rosidl_typesupport_introspection_cpp
-- Found ament_cmake_ros: 0.10.0 (/opt/ros/humble/share/ament_cmake_ros/cmake)
-- Using all available rosidl_typesupport_c: rosidl_typesupport_fastrtps_c;rosidl_typesupport_introspection_c
-- Using all available rosidl_typesupport_cpp: rosidl_typesupport_fastrtps_cpp;rosidl_typesupport_introspection_cpp
-- Found python_cmake_module: 0.10.0 (/opt/ros/humble/share/python_cmake_module/cmake)
-- Using PYTHON_EXECUTABLE: /usr/bin/python3
-- Using PYTHON_INCLUDE_DIRS: /usr/include/python3.10
-- Using PYTHON_LIBRARIES: /usr/lib/x86_64-linux-gnu/libpython3.10.so
-- Found ament_lint_auto: 0.12.10 (/opt/ros/humble/share/ament_lint_auto/cmake)
-- Added test 'flake8' to check Python code syntax and style conventions
-- Added test 'lint_cmake' to check CMake code style
-- Added test 'pep257' to check Python code against some of the docstring style conventions in PEP 257
-- Added test 'xmllint' to check XML markup files
-- Configuring done
-- Generating done
-- Build files have been written to: /home/mechax/zyb/radar_station/build/my_msgss
[  1%] [34m[1mGenerating C code for ROS interfaces[0m
[  2%] [34m[1mGenerating C++ code for ROS interfaces[0m
[  2%] Built target my_msgss__cpp
[35m[1mConsolidate compiler generated dependencies of target my_msgss__rosidl_generator_c[0m
[  5%] [32mBuilding C object CMakeFiles/my_msgss__rosidl_generator_c.dir/rosidl_generator_c/my_msgss/msg/detail/distpoints__functions.c.o[0m
[  5%] [32mBuilding C object CMakeFiles/my_msgss__rosidl_generator_c.dir/rosidl_generator_c/my_msgss/msg/detail/yolopoint__functions.c.o[0m
[  7%] [32mBuilding C object CMakeFiles/my_msgss__rosidl_generator_c.dir/rosidl_generator_c/my_msgss/msg/detail/distpoint__functions.c.o[0m
[  9%] [32mBuilding C object CMakeFiles/my_msgss__rosidl_generator_c.dir/rosidl_generator_c/my_msgss/msg/detail/point__functions.c.o[0m
[  9%] [32mBuilding C object CMakeFiles/my_msgss__rosidl_generator_c.dir/rosidl_generator_c/my_msgss/msg/detail/yolopoints__functions.c.o[0m
[ 11%] [32mBuilding C object CMakeFiles/my_msgss__rosidl_generator_c.dir/rosidl_generator_c/my_msgss/msg/detail/points__functions.c.o[0m
[ 12%] [32m[1mLinking C shared library libmy_msgss__rosidl_generator_c.so[0m
[ 12%] Built target my_msgss__rosidl_generator_c
