[0.090s] Invoking command in '/home/mechax/zyb/radar_station/build/my_msgss': CMAKE_PREFIX_PATH=${CMAKE_PREFIX_PATH}:/opt/ros/humble /usr/bin/cmake /home/mechax/zyb/radar_station/src/my_msgss -DAMENT_CMAKE_SYMLINK_INSTALL=1 -DCMAKE_INSTALL_PREFIX=/home/mechax/zyb/radar_station/install/my_msgss
[0.097s] -- Found ament_cmake: 1.3.8 (/opt/ros/humble/share/ament_cmake/cmake)
[0.186s] -- Found Python3: /usr/bin/python3 (found version "3.10.12") found components: Interpreter 
[0.226s] -- Override CMake install command with custom implementation using symlinks instead of copying resources
[0.230s] -- Found rosidl_default_generators: 1.2.0 (/opt/ros/humble/share/rosidl_default_generators/cmake)
[0.231s] -- Using all available rosidl_typesupport_c: rosidl_typesupport_fastrtps_c;rosidl_typesupport_introspection_c
[0.233s] -- Found rosidl_adapter: 3.1.5 (/opt/ros/humble/share/rosidl_adapter/cmake)
[0.251s] -- Using all available rosidl_typesupport_cpp: rosidl_typesupport_fastrtps_cpp;rosidl_typesupport_introspection_cpp
[0.431s] -- Found ament_cmake_ros: 0.10.0 (/opt/ros/humble/share/ament_cmake_ros/cmake)
[0.536s] -- Using all available rosidl_typesupport_c: rosidl_typesupport_fastrtps_c;rosidl_typesupport_introspection_c
[0.671s] -- Using all available rosidl_typesupport_cpp: rosidl_typesupport_fastrtps_cpp;rosidl_typesupport_introspection_cpp
[0.685s] -- Found python_cmake_module: 0.10.0 (/opt/ros/humble/share/python_cmake_module/cmake)
[0.698s] -- Using PYTHON_EXECUTABLE: /usr/bin/python3
[0.699s] -- Using PYTHON_INCLUDE_DIRS: /usr/include/python3.10
[0.699s] -- Using PYTHON_LIBRARIES: /usr/lib/x86_64-linux-gnu/libpython3.10.so
[0.707s] -- Found ament_lint_auto: 0.12.10 (/opt/ros/humble/share/ament_lint_auto/cmake)
[0.715s] -- Added test 'flake8' to check Python code syntax and style conventions
[0.715s] -- Added test 'lint_cmake' to check CMake code style
[0.715s] -- Added test 'pep257' to check Python code against some of the docstring style conventions in PEP 257
[0.716s] -- Added test 'xmllint' to check XML markup files
[0.718s] -- Configuring done
[0.746s] -- Generating done
[0.747s] -- Build files have been written to: /home/mechax/zyb/radar_station/build/my_msgss
[0.752s] Invoked command in '/home/mechax/zyb/radar_station/build/my_msgss' returned '0': CMAKE_PREFIX_PATH=${CMAKE_PREFIX_PATH}:/opt/ros/humble /usr/bin/cmake /home/mechax/zyb/radar_station/src/my_msgss -DAMENT_CMAKE_SYMLINK_INSTALL=1 -DCMAKE_INSTALL_PREFIX=/home/mechax/zyb/radar_station/install/my_msgss
[0.753s] Invoking command in '/home/mechax/zyb/radar_station/build/my_msgss': CMAKE_PREFIX_PATH=${CMAKE_PREFIX_PATH}:/opt/ros/humble /usr/bin/cmake --build /home/mechax/zyb/radar_station/build/my_msgss -- -j16 -l16
[0.776s] [  1%] [34m[1mGenerating C code for ROS interfaces[0m
[0.782s] [  2%] [34m[1mGenerating C++ code for ROS interfaces[0m
[0.788s] failed to create symbolic link '/home/mechax/zyb/radar_station/build/my_msgss/ament_cmake_python/my_msgss/my_msgss' because existing path cannot be removed: Is a directory
[0.788s] gmake[2]: *** [CMakeFiles/ament_cmake_python_symlink_my_msgss.dir/build.make:70: CMakeFiles/ament_cmake_python_symlink_my_msgss] Error 1
[0.788s] gmake[1]: *** [CMakeFiles/Makefile2:421: CMakeFiles/ament_cmake_python_symlink_my_msgss.dir/all] Error 2
[0.789s] gmake[1]: *** Waiting for unfinished jobs....
[1.047s] [  2%] Built target my_msgss__cpp
[1.070s] [35m[1mConsolidate compiler generated dependencies of target my_msgss__rosidl_generator_c[0m
[1.078s] [  5%] [32mBuilding C object CMakeFiles/my_msgss__rosidl_generator_c.dir/rosidl_generator_c/my_msgss/msg/detail/distpoints__functions.c.o[0m
[1.078s] [  5%] [32mBuilding C object CMakeFiles/my_msgss__rosidl_generator_c.dir/rosidl_generator_c/my_msgss/msg/detail/yolopoint__functions.c.o[0m
[1.081s] [  7%] [32mBuilding C object CMakeFiles/my_msgss__rosidl_generator_c.dir/rosidl_generator_c/my_msgss/msg/detail/distpoint__functions.c.o[0m
[1.081s] [  9%] [32mBuilding C object CMakeFiles/my_msgss__rosidl_generator_c.dir/rosidl_generator_c/my_msgss/msg/detail/point__functions.c.o[0m
[1.081s] [  9%] [32mBuilding C object CMakeFiles/my_msgss__rosidl_generator_c.dir/rosidl_generator_c/my_msgss/msg/detail/yolopoints__functions.c.o[0m
[1.081s] [ 11%] [32mBuilding C object CMakeFiles/my_msgss__rosidl_generator_c.dir/rosidl_generator_c/my_msgss/msg/detail/points__functions.c.o[0m
[1.124s] [ 12%] [32m[1mLinking C shared library libmy_msgss__rosidl_generator_c.so[0m
[1.147s] [ 12%] Built target my_msgss__rosidl_generator_c
[1.148s] gmake: *** [Makefile:146: all] Error 2
[1.149s] Invoked command in '/home/mechax/zyb/radar_station/build/my_msgss' returned '2': CMAKE_PREFIX_PATH=${CMAKE_PREFIX_PATH}:/opt/ros/humble /usr/bin/cmake --build /home/mechax/zyb/radar_station/build/my_msgss -- -j16 -l16
